Sender: LSF System <lsfadmin@polus-c1-ib.bmc.hpc.cs.msu.ru>
Subject: Job 839544: <#BSUB -n 1;#BSUB -W 00:15;#BSUB -o "./out_files/omp/1.out";#BSUB -e "./err_files/omp/1.err";#BSUB -R "span[hosts=1]";OMP_NUM_THREADS=1 ./2mm_omp> in cluster <MSUCluster> Done

Job <#BSUB -n 1;#BSUB -W 00:15;#BSUB -o "./out_files/omp/1.out";#BSUB -e "./err_files/omp/1.err";#BSUB -R "span[hosts=1]";OMP_NUM_THREADS=1 ./2mm_omp> was submitted from host <polus-ib.bmc.hpc.cs.msu.ru> by user <edu-cmc-sqi21-01> in cluster <MSUCluster> at Tue Dec 14 23:25:52 2021
Job was executed on host(s) <polus-c1-ib.bmc.hpc.cs.msu.ru>, in queue <short>, as user <edu-cmc-sqi21-01> in cluster <MSUCluster> at Tue Dec 14 23:25:54 2021
</home_edu/edu-cmc-sqi21/edu-cmc-sqi21-01> was used as the home directory.
</home_edu/edu-cmc-sqi21/edu-cmc-sqi21-01/skipod/skipod_git/2mm> was used as the working directory.
Started at Tue Dec 14 23:25:54 2021
Terminated at Tue Dec 14 23:25:56 2021
Results reported at Tue Dec 14 23:25:56 2021

Your job looked like:

------------------------------------------------------------
# LSBATCH: User input
#BSUB -n 1
#BSUB -W 00:15
#BSUB -o "./out_files/omp/1.out"
#BSUB -e "./err_files/omp/1.err"
#BSUB -R "span[hosts=1]"
OMP_NUM_THREADS=1 ./2mm_omp

------------------------------------------------------------

Successfully completed.

Resource usage summary:

    CPU time :                                   0.02 sec.
    Max Memory :                                 1 MB
    Average Memory :                             1.00 MB
    Total Requested Memory :                     -
    Delta Memory :                               -
    Max Swap :                                   -
    Max Processes :                              1
    Max Threads :                                1
    Run time :                                   0 sec.
    Turnaround time :                            4 sec.

The output (if any) follows:

Nthread = 1
Time in seconds = 0.002845


PS:

Read file <./err_files/omp/1.err> for stderr output of this job.

Sender: LSF System <lsfadmin@polus-c1-ib.bmc.hpc.cs.msu.ru>
Subject: Job 839558: <#BSUB -n 1;#BSUB -W 00:15;#BSUB -o "./out_files/omp/1.out";#BSUB -e "./err_files/omp/1.err";#BSUB -R "span[hosts=1]";OMP_NUM_THREADS=1 ./2mm_omp> in cluster <MSUCluster> Done

Job <#BSUB -n 1;#BSUB -W 00:15;#BSUB -o "./out_files/omp/1.out";#BSUB -e "./err_files/omp/1.err";#BSUB -R "span[hosts=1]";OMP_NUM_THREADS=1 ./2mm_omp> was submitted from host <polus-ib.bmc.hpc.cs.msu.ru> by user <edu-cmc-sqi21-01> in cluster <MSUCluster> at Tue Dec 14 23:27:53 2021
Job was executed on host(s) <polus-c1-ib.bmc.hpc.cs.msu.ru>, in queue <short>, as user <edu-cmc-sqi21-01> in cluster <MSUCluster> at Tue Dec 14 23:27:53 2021
</home_edu/edu-cmc-sqi21/edu-cmc-sqi21-01> was used as the home directory.
</home_edu/edu-cmc-sqi21/edu-cmc-sqi21-01/skipod/skipod_git/2mm> was used as the working directory.
Started at Tue Dec 14 23:27:53 2021
Terminated at Tue Dec 14 23:27:54 2021
Results reported at Tue Dec 14 23:27:54 2021

Your job looked like:

------------------------------------------------------------
# LSBATCH: User input
#BSUB -n 1
#BSUB -W 00:15
#BSUB -o "./out_files/omp/1.out"
#BSUB -e "./err_files/omp/1.err"
#BSUB -R "span[hosts=1]"
OMP_NUM_THREADS=1 ./2mm_omp

------------------------------------------------------------

Successfully completed.

Resource usage summary:

    CPU time :                                   0.02 sec.
    Max Memory :                                 1 MB
    Average Memory :                             1.00 MB
    Total Requested Memory :                     -
    Delta Memory :                               -
    Max Swap :                                   -
    Max Processes :                              1
    Max Threads :                                1
    Run time :                                   5 sec.
    Turnaround time :                            1 sec.

The output (if any) follows:

Nthread = 1
Time in seconds = 0.003116


PS:

Read file <./err_files/omp/1.err> for stderr output of this job.

Sender: LSF System <lsfadmin@polus-c4-ib.bmc.hpc.cs.msu.ru>
Subject: Job 839568: <#BSUB -n 1;#BSUB -W 00:15;#BSUB -o "./out_files/omp/1.out";#BSUB -e "./err_files/omp/1.err";#BSUB -R "span[hosts=1]";OMP_NUM_THREADS=1 ./2mm_omp> in cluster <MSUCluster> Done

Job <#BSUB -n 1;#BSUB -W 00:15;#BSUB -o "./out_files/omp/1.out";#BSUB -e "./err_files/omp/1.err";#BSUB -R "span[hosts=1]";OMP_NUM_THREADS=1 ./2mm_omp> was submitted from host <polus-ib.bmc.hpc.cs.msu.ru> by user <edu-cmc-sqi21-01> in cluster <MSUCluster> at Tue Dec 14 23:29:53 2021
Job was executed on host(s) <polus-c4-ib.bmc.hpc.cs.msu.ru>, in queue <short>, as user <edu-cmc-sqi21-01> in cluster <MSUCluster> at Tue Dec 14 23:29:54 2021
</home_edu/edu-cmc-sqi21/edu-cmc-sqi21-01> was used as the home directory.
</home_edu/edu-cmc-sqi21/edu-cmc-sqi21-01/skipod/skipod_git/2mm> was used as the working directory.
Started at Tue Dec 14 23:29:54 2021
Terminated at Tue Dec 14 23:29:55 2021
Results reported at Tue Dec 14 23:29:55 2021

Your job looked like:

------------------------------------------------------------
# LSBATCH: User input
#BSUB -n 1
#BSUB -W 00:15
#BSUB -o "./out_files/omp/1.out"
#BSUB -e "./err_files/omp/1.err"
#BSUB -R "span[hosts=1]"
OMP_NUM_THREADS=1 ./2mm_omp

------------------------------------------------------------

Successfully completed.

Resource usage summary:

    CPU time :                                   0.31 sec.
    Max Memory :                                 6 MB
    Average Memory :                             4.33 MB
    Total Requested Memory :                     -
    Delta Memory :                               -
    Max Swap :                                   -
    Max Processes :                              4
    Max Threads :                                5
    Run time :                                   5 sec.
    Turnaround time :                            2 sec.

The output (if any) follows:

Nthread = 1
Time in seconds = 0.281852


PS:

Read file <./err_files/omp/1.err> for stderr output of this job.

Sender: LSF System <lsfadmin@polus-c1-ib.bmc.hpc.cs.msu.ru>
Subject: Job 839587: <#BSUB -n 1;#BSUB -W 00:15;#BSUB -o "./out_files/omp/1.out";#BSUB -e "./err_files/omp/1.err";#BSUB -R "span[hosts=1]";OMP_NUM_THREADS=1 ./2mm_omp> in cluster <MSUCluster> Done

Job <#BSUB -n 1;#BSUB -W 00:15;#BSUB -o "./out_files/omp/1.out";#BSUB -e "./err_files/omp/1.err";#BSUB -R "span[hosts=1]";OMP_NUM_THREADS=1 ./2mm_omp> was submitted from host <polus-ib.bmc.hpc.cs.msu.ru> by user <edu-cmc-sqi21-01> in cluster <MSUCluster> at Tue Dec 14 23:34:53 2021
Job was executed on host(s) <polus-c1-ib.bmc.hpc.cs.msu.ru>, in queue <short>, as user <edu-cmc-sqi21-01> in cluster <MSUCluster> at Tue Dec 14 23:34:54 2021
</home_edu/edu-cmc-sqi21/edu-cmc-sqi21-01> was used as the home directory.
</home_edu/edu-cmc-sqi21/edu-cmc-sqi21-01/skipod/skipod_git/2mm> was used as the working directory.
Started at Tue Dec 14 23:34:54 2021
Terminated at Tue Dec 14 23:35:12 2021
Results reported at Tue Dec 14 23:35:12 2021

Your job looked like:

------------------------------------------------------------
# LSBATCH: User input
#BSUB -n 1
#BSUB -W 00:15
#BSUB -o "./out_files/omp/1.out"
#BSUB -e "./err_files/omp/1.err"
#BSUB -R "span[hosts=1]"
OMP_NUM_THREADS=1 ./2mm_omp

------------------------------------------------------------

Successfully completed.

Resource usage summary:

    CPU time :                                   17.71 sec.
    Max Memory :                                 23 MB
    Average Memory :                             17.50 MB
    Total Requested Memory :                     -
    Delta Memory :                               -
    Max Swap :                                   -
    Max Processes :                              4
    Max Threads :                                5
    Run time :                                   24 sec.
    Turnaround time :                            19 sec.

The output (if any) follows:

Nthread = 1
Time in seconds = 17.640753


PS:

Read file <./err_files/omp/1.err> for stderr output of this job.

Sender: LSF System <lsfadmin@polus-c4-ib.bmc.hpc.cs.msu.ru>
Subject: Job 839605: <#BSUB -n 1;#BSUB -W 00:15;#BSUB -o "./out_files/omp/1.out";#BSUB -e "./err_files/omp/1.err";#BSUB -R "span[hosts=1]";OMP_NUM_THREADS=1 ./2mm_omp> in cluster <MSUCluster> Done

Job <#BSUB -n 1;#BSUB -W 00:15;#BSUB -o "./out_files/omp/1.out";#BSUB -e "./err_files/omp/1.err";#BSUB -R "span[hosts=1]";OMP_NUM_THREADS=1 ./2mm_omp> was submitted from host <polus-ib.bmc.hpc.cs.msu.ru> by user <edu-cmc-sqi21-01> in cluster <MSUCluster> at Tue Dec 14 23:39:53 2021
Job was executed on host(s) <polus-c4-ib.bmc.hpc.cs.msu.ru>, in queue <short>, as user <edu-cmc-sqi21-01> in cluster <MSUCluster> at Tue Dec 14 23:39:54 2021
</home_edu/edu-cmc-sqi21/edu-cmc-sqi21-01> was used as the home directory.
</home_edu/edu-cmc-sqi21/edu-cmc-sqi21-01/skipod/skipod_git/2mm> was used as the working directory.
Started at Tue Dec 14 23:39:54 2021
Terminated at Tue Dec 14 23:42:37 2021
Results reported at Tue Dec 14 23:42:37 2021

Your job looked like:

------------------------------------------------------------
# LSBATCH: User input
#BSUB -n 1
#BSUB -W 00:15
#BSUB -o "./out_files/omp/1.out"
#BSUB -e "./err_files/omp/1.err"
#BSUB -R "span[hosts=1]"
OMP_NUM_THREADS=1 ./2mm_omp

------------------------------------------------------------

Successfully completed.

Resource usage summary:

    CPU time :                                   161.51 sec.
    Max Memory :                                 76 MB
    Average Memory :                             72.87 MB
    Total Requested Memory :                     -
    Delta Memory :                               -
    Max Swap :                                   -
    Max Processes :                              4
    Max Threads :                                5
    Run time :                                   162 sec.
    Turnaround time :                            164 sec.

The output (if any) follows:

Nthread = 1
Time in seconds = 161.230001


PS:

Read file <./err_files/omp/1.err> for stderr output of this job.

