Sender: LSF System <lsfadmin@polus-c1-ib.bmc.hpc.cs.msu.ru>
Subject: Job 839551: <#BSUB -n 17;#BSUB -W 00:15;#BSUB -o "./out_files/omp/128.out";#BSUB -e "./err_files/omp/128.err";#BSUB -R "span[hosts=1]";OMP_NUM_THREADS=128 ./2mm_omp> in cluster <MSUCluster> Done

Job <#BSUB -n 17;#BSUB -W 00:15;#BSUB -o "./out_files/omp/128.out";#BSUB -e "./err_files/omp/128.err";#BSUB -R "span[hosts=1]";OMP_NUM_THREADS=128 ./2mm_omp> was submitted from host <polus-ib.bmc.hpc.cs.msu.ru> by user <edu-cmc-sqi21-01> in cluster <MSUCluster> at Tue Dec 14 23:25:52 2021
Job was executed on host(s) <17*polus-c1-ib.bmc.hpc.cs.msu.ru>, in queue <short>, as user <edu-cmc-sqi21-01> in cluster <MSUCluster> at Tue Dec 14 23:25:58 2021
</home_edu/edu-cmc-sqi21/edu-cmc-sqi21-01> was used as the home directory.
</home_edu/edu-cmc-sqi21/edu-cmc-sqi21-01/skipod/skipod_git/2mm> was used as the working directory.
Started at Tue Dec 14 23:25:58 2021
Terminated at Tue Dec 14 23:25:59 2021
Results reported at Tue Dec 14 23:25:59 2021

Your job looked like:

------------------------------------------------------------
# LSBATCH: User input
#BSUB -n 17
#BSUB -W 00:15
#BSUB -o "./out_files/omp/128.out"
#BSUB -e "./err_files/omp/128.err"
#BSUB -R "span[hosts=1]"
OMP_NUM_THREADS=128 ./2mm_omp

------------------------------------------------------------

Successfully completed.

Resource usage summary:

    CPU time :                                   0.76 sec.
    Max Memory :                                 2 MB
    Average Memory :                             1.33 MB
    Total Requested Memory :                     -
    Delta Memory :                               -
    Max Swap :                                   -
    Max Processes :                              1
    Max Threads :                                1
    Run time :                                   1 sec.
    Turnaround time :                            7 sec.

The output (if any) follows:

Nthread = 128
Time in seconds = 0.009697


PS:

Read file <./err_files/omp/128.err> for stderr output of this job.

Sender: LSF System <lsfadmin@polus-c3-ib.bmc.hpc.cs.msu.ru>
Subject: Job 839565: <#BSUB -n 17;#BSUB -W 00:15;#BSUB -o "./out_files/omp/128.out";#BSUB -e "./err_files/omp/128.err";#BSUB -R "span[hosts=1]";OMP_NUM_THREADS=128 ./2mm_omp> in cluster <MSUCluster> Done

Job <#BSUB -n 17;#BSUB -W 00:15;#BSUB -o "./out_files/omp/128.out";#BSUB -e "./err_files/omp/128.err";#BSUB -R "span[hosts=1]";OMP_NUM_THREADS=128 ./2mm_omp> was submitted from host <polus-ib.bmc.hpc.cs.msu.ru> by user <edu-cmc-sqi21-01> in cluster <MSUCluster> at Tue Dec 14 23:27:53 2021
Job was executed on host(s) <17*polus-c3-ib.bmc.hpc.cs.msu.ru>, in queue <short>, as user <edu-cmc-sqi21-01> in cluster <MSUCluster> at Tue Dec 14 23:32:04 2021
</home_edu/edu-cmc-sqi21/edu-cmc-sqi21-01> was used as the home directory.
</home_edu/edu-cmc-sqi21/edu-cmc-sqi21-01/skipod/skipod_git/2mm> was used as the working directory.
Started at Tue Dec 14 23:32:04 2021
Terminated at Tue Dec 14 23:32:05 2021
Results reported at Tue Dec 14 23:32:05 2021

Your job looked like:

------------------------------------------------------------
# LSBATCH: User input
#BSUB -n 17
#BSUB -W 00:15
#BSUB -o "./out_files/omp/128.out"
#BSUB -e "./err_files/omp/128.err"
#BSUB -R "span[hosts=1]"
OMP_NUM_THREADS=128 ./2mm_omp

------------------------------------------------------------

Successfully completed.

Resource usage summary:

    CPU time :                                   1.71 sec.
    Max Memory :                                 1 MB
    Average Memory :                             1.00 MB
    Total Requested Memory :                     -
    Delta Memory :                               -
    Max Swap :                                   -
    Max Processes :                              1
    Max Threads :                                1
    Run time :                                   1 sec.
    Turnaround time :                            252 sec.

The output (if any) follows:

Nthread = 128
Time in seconds = 0.023957


PS:

Read file <./err_files/omp/128.err> for stderr output of this job.

Sender: LSF System <lsfadmin@polus-c3-ib.bmc.hpc.cs.msu.ru>
Subject: Job 839575: <#BSUB -n 17;#BSUB -W 00:15;#BSUB -o "./out_files/omp/128.out";#BSUB -e "./err_files/omp/128.err";#BSUB -R "span[hosts=1]";OMP_NUM_THREADS=128 ./2mm_omp> in cluster <MSUCluster> Done

Job <#BSUB -n 17;#BSUB -W 00:15;#BSUB -o "./out_files/omp/128.out";#BSUB -e "./err_files/omp/128.err";#BSUB -R "span[hosts=1]";OMP_NUM_THREADS=128 ./2mm_omp> was submitted from host <polus-ib.bmc.hpc.cs.msu.ru> by user <edu-cmc-sqi21-01> in cluster <MSUCluster> at Tue Dec 14 23:29:53 2021
Job was executed on host(s) <17*polus-c3-ib.bmc.hpc.cs.msu.ru>, in queue <short>, as user <edu-cmc-sqi21-01> in cluster <MSUCluster> at Tue Dec 14 23:32:05 2021
</home_edu/edu-cmc-sqi21/edu-cmc-sqi21-01> was used as the home directory.
</home_edu/edu-cmc-sqi21/edu-cmc-sqi21-01/skipod/skipod_git/2mm> was used as the working directory.
Started at Tue Dec 14 23:32:05 2021
Terminated at Tue Dec 14 23:32:06 2021
Results reported at Tue Dec 14 23:32:06 2021

Your job looked like:

------------------------------------------------------------
# LSBATCH: User input
#BSUB -n 17
#BSUB -W 00:15
#BSUB -o "./out_files/omp/128.out"
#BSUB -e "./err_files/omp/128.err"
#BSUB -R "span[hosts=1]"
OMP_NUM_THREADS=128 ./2mm_omp

------------------------------------------------------------

Successfully completed.

Resource usage summary:

    CPU time :                                   1.46 sec.
    Max Memory :                                 2 MB
    Average Memory :                             1.67 MB
    Total Requested Memory :                     -
    Delta Memory :                               -
    Max Swap :                                   -
    Max Processes :                              1
    Max Threads :                                1
    Run time :                                   0 sec.
    Turnaround time :                            133 sec.

The output (if any) follows:

Nthread = 128
Time in seconds = 0.023718


PS:

Read file <./err_files/omp/128.err> for stderr output of this job.

Sender: LSF System <lsfadmin@polus-c1-ib.bmc.hpc.cs.msu.ru>
Subject: Job 839594: <#BSUB -n 17;#BSUB -W 00:15;#BSUB -o "./out_files/omp/128.out";#BSUB -e "./err_files/omp/128.err";#BSUB -R "span[hosts=1]";OMP_NUM_THREADS=128 ./2mm_omp> in cluster <MSUCluster> Done

Job <#BSUB -n 17;#BSUB -W 00:15;#BSUB -o "./out_files/omp/128.out";#BSUB -e "./err_files/omp/128.err";#BSUB -R "span[hosts=1]";OMP_NUM_THREADS=128 ./2mm_omp> was submitted from host <polus-ib.bmc.hpc.cs.msu.ru> by user <edu-cmc-sqi21-01> in cluster <MSUCluster> at Tue Dec 14 23:34:53 2021
Job was executed on host(s) <17*polus-c1-ib.bmc.hpc.cs.msu.ru>, in queue <short>, as user <edu-cmc-sqi21-01> in cluster <MSUCluster> at Tue Dec 14 23:35:13 2021
</home_edu/edu-cmc-sqi21/edu-cmc-sqi21-01> was used as the home directory.
</home_edu/edu-cmc-sqi21/edu-cmc-sqi21-01/skipod/skipod_git/2mm> was used as the working directory.
Started at Tue Dec 14 23:35:13 2021
Terminated at Tue Dec 14 23:35:16 2021
Results reported at Tue Dec 14 23:35:16 2021

Your job looked like:

------------------------------------------------------------
# LSBATCH: User input
#BSUB -n 17
#BSUB -W 00:15
#BSUB -o "./out_files/omp/128.out"
#BSUB -e "./err_files/omp/128.err"
#BSUB -R "span[hosts=1]"
OMP_NUM_THREADS=128 ./2mm_omp

------------------------------------------------------------

Successfully completed.

Resource usage summary:

    CPU time :                                   129.98 sec.
    Max Memory :                                 31 MB
    Average Memory :                             21.00 MB
    Total Requested Memory :                     -
    Delta Memory :                               -
    Max Swap :                                   -
    Max Processes :                              4
    Max Threads :                                132
    Run time :                                   2 sec.
    Turnaround time :                            23 sec.

The output (if any) follows:

Nthread = 128
Time in seconds = 1.604451


PS:

Read file <./err_files/omp/128.err> for stderr output of this job.

Sender: LSF System <lsfadmin@polus-c1-ib.bmc.hpc.cs.msu.ru>
Subject: Job 839612: <#BSUB -n 17;#BSUB -W 00:15;#BSUB -o "./out_files/omp/128.out";#BSUB -e "./err_files/omp/128.err";#BSUB -R "span[hosts=1]";OMP_NUM_THREADS=128 ./2mm_omp> in cluster <MSUCluster> Done

Job <#BSUB -n 17;#BSUB -W 00:15;#BSUB -o "./out_files/omp/128.out";#BSUB -e "./err_files/omp/128.err";#BSUB -R "span[hosts=1]";OMP_NUM_THREADS=128 ./2mm_omp> was submitted from host <polus-ib.bmc.hpc.cs.msu.ru> by user <edu-cmc-sqi21-01> in cluster <MSUCluster> at Tue Dec 14 23:39:53 2021
Job was executed on host(s) <17*polus-c1-ib.bmc.hpc.cs.msu.ru>, in queue <short>, as user <edu-cmc-sqi21-01> in cluster <MSUCluster> at Tue Dec 14 23:46:30 2021
</home_edu/edu-cmc-sqi21/edu-cmc-sqi21-01> was used as the home directory.
</home_edu/edu-cmc-sqi21/edu-cmc-sqi21-01/skipod/skipod_git/2mm> was used as the working directory.
Started at Tue Dec 14 23:46:30 2021
Terminated at Tue Dec 14 23:46:40 2021
Results reported at Tue Dec 14 23:46:40 2021

Your job looked like:

------------------------------------------------------------
# LSBATCH: User input
#BSUB -n 17
#BSUB -W 00:15
#BSUB -o "./out_files/omp/128.out"
#BSUB -e "./err_files/omp/128.err"
#BSUB -R "span[hosts=1]"
OMP_NUM_THREADS=128 ./2mm_omp

------------------------------------------------------------

Successfully completed.

Resource usage summary:

    CPU time :                                   706.09 sec.
    Max Memory :                                 84 MB
    Average Memory :                             64.00 MB
    Total Requested Memory :                     -
    Delta Memory :                               -
    Max Swap :                                   -
    Max Processes :                              4
    Max Threads :                                132
    Run time :                                   10 sec.
    Turnaround time :                            407 sec.

The output (if any) follows:

Nthread = 128
Time in seconds = 8.764063


PS:

Read file <./err_files/omp/128.err> for stderr output of this job.

