Sender: LSF System <lsfadmin@polus-c4-ib.bmc.hpc.cs.msu.ru>
Subject: Job 839265: <#BSUB -n 2;#BSUB -W 00:15;#BSUB -o "./out_files/omp/14.out";#BSUB -e "./err_files/omp/14.err";#BSUB -R "span[hosts=1]";OMP_NUM_THREADS=14 ./2mm_omp> in cluster <MSUCluster> Done

Job <#BSUB -n 2;#BSUB -W 00:15;#BSUB -o "./out_files/omp/14.out";#BSUB -e "./err_files/omp/14.err";#BSUB -R "span[hosts=1]";OMP_NUM_THREADS=14 ./2mm_omp> was submitted from host <polus-ib.bmc.hpc.cs.msu.ru> by user <edu-cmc-sqi21-01> in cluster <MSUCluster> at Tue Dec 14 22:56:14 2021
Job was executed on host(s) <2*polus-c4-ib.bmc.hpc.cs.msu.ru>, in queue <short>, as user <edu-cmc-sqi21-01> in cluster <MSUCluster> at Tue Dec 14 22:56:24 2021
</home_edu/edu-cmc-sqi21/edu-cmc-sqi21-01> was used as the home directory.
</home_edu/edu-cmc-sqi21/edu-cmc-sqi21-01/skipod/skipod_git/2mm> was used as the working directory.
Started at Tue Dec 14 22:56:24 2021
Terminated at Tue Dec 14 22:56:29 2021
Results reported at Tue Dec 14 22:56:29 2021

Your job looked like:

------------------------------------------------------------
# LSBATCH: User input
#BSUB -n 2
#BSUB -W 00:15
#BSUB -o "./out_files/omp/14.out"
#BSUB -e "./err_files/omp/14.err"
#BSUB -R "span[hosts=1]"
OMP_NUM_THREADS=14 ./2mm_omp

------------------------------------------------------------

Successfully completed.

Resource usage summary:

    CPU time :                                   31.39 sec.
    Max Memory :                                 24 MB
    Average Memory :                             16.33 MB
    Total Requested Memory :                     -
    Delta Memory :                               -
    Max Swap :                                   -
    Max Processes :                              4
    Max Threads :                                18
    Run time :                                   5 sec.
    Turnaround time :                            15 sec.

The output (if any) follows:

Nthread = 14
Time in seconds = 2.910425


PS:

Read file <./err_files/omp/14.err> for stderr output of this job.

