Sender: LSF System <lsfadmin@polus-c1-ib.bmc.hpc.cs.msu.ru>
Subject: Job 839548: <#BSUB -n 3;#BSUB -W 00:15;#BSUB -o "./out_files/omp/16.out";#BSUB -e "./err_files/omp/16.err";#BSUB -R "span[hosts=1]";OMP_NUM_THREADS=16 ./2mm_omp> in cluster <MSUCluster> Done

Job <#BSUB -n 3;#BSUB -W 00:15;#BSUB -o "./out_files/omp/16.out";#BSUB -e "./err_files/omp/16.err";#BSUB -R "span[hosts=1]";OMP_NUM_THREADS=16 ./2mm_omp> was submitted from host <polus-ib.bmc.hpc.cs.msu.ru> by user <edu-cmc-sqi21-01> in cluster <MSUCluster> at Tue Dec 14 23:25:52 2021
Job was executed on host(s) <3*polus-c1-ib.bmc.hpc.cs.msu.ru>, in queue <short>, as user <edu-cmc-sqi21-01> in cluster <MSUCluster> at Tue Dec 14 23:25:56 2021
</home_edu/edu-cmc-sqi21/edu-cmc-sqi21-01> was used as the home directory.
</home_edu/edu-cmc-sqi21/edu-cmc-sqi21-01/skipod/skipod_git/2mm> was used as the working directory.
Started at Tue Dec 14 23:25:56 2021
Terminated at Tue Dec 14 23:25:57 2021
Results reported at Tue Dec 14 23:25:57 2021

Your job looked like:

------------------------------------------------------------
# LSBATCH: User input
#BSUB -n 3
#BSUB -W 00:15
#BSUB -o "./out_files/omp/16.out"
#BSUB -e "./err_files/omp/16.err"
#BSUB -R "span[hosts=1]"
OMP_NUM_THREADS=16 ./2mm_omp

------------------------------------------------------------

Successfully completed.

Resource usage summary:

    CPU time :                                   0.08 sec.
    Max Memory :                                 1 MB
    Average Memory :                             1.00 MB
    Total Requested Memory :                     -
    Delta Memory :                               -
    Max Swap :                                   -
    Max Processes :                              1
    Max Threads :                                1
    Run time :                                   3 sec.
    Turnaround time :                            5 sec.

The output (if any) follows:

Nthread = 16
Time in seconds = 0.006399


PS:

Read file <./err_files/omp/16.err> for stderr output of this job.

Sender: LSF System <lsfadmin@polus-c1-ib.bmc.hpc.cs.msu.ru>
Subject: Job 839562: <#BSUB -n 3;#BSUB -W 00:15;#BSUB -o "./out_files/omp/16.out";#BSUB -e "./err_files/omp/16.err";#BSUB -R "span[hosts=1]";OMP_NUM_THREADS=16 ./2mm_omp> in cluster <MSUCluster> Done

Job <#BSUB -n 3;#BSUB -W 00:15;#BSUB -o "./out_files/omp/16.out";#BSUB -e "./err_files/omp/16.err";#BSUB -R "span[hosts=1]";OMP_NUM_THREADS=16 ./2mm_omp> was submitted from host <polus-ib.bmc.hpc.cs.msu.ru> by user <edu-cmc-sqi21-01> in cluster <MSUCluster> at Tue Dec 14 23:27:53 2021
Job was executed on host(s) <3*polus-c1-ib.bmc.hpc.cs.msu.ru>, in queue <short>, as user <edu-cmc-sqi21-01> in cluster <MSUCluster> at Tue Dec 14 23:27:56 2021
</home_edu/edu-cmc-sqi21/edu-cmc-sqi21-01> was used as the home directory.
</home_edu/edu-cmc-sqi21/edu-cmc-sqi21-01/skipod/skipod_git/2mm> was used as the working directory.
Started at Tue Dec 14 23:27:56 2021
Terminated at Tue Dec 14 23:27:57 2021
Results reported at Tue Dec 14 23:27:57 2021

Your job looked like:

------------------------------------------------------------
# LSBATCH: User input
#BSUB -n 3
#BSUB -W 00:15
#BSUB -o "./out_files/omp/16.out"
#BSUB -e "./err_files/omp/16.err"
#BSUB -R "span[hosts=1]"
OMP_NUM_THREADS=16 ./2mm_omp

------------------------------------------------------------

Successfully completed.

Resource usage summary:

    CPU time :                                   0.03 sec.
    Max Memory :                                 1 MB
    Average Memory :                             1.00 MB
    Total Requested Memory :                     -
    Delta Memory :                               -
    Max Swap :                                   -
    Max Processes :                              1
    Max Threads :                                1
    Run time :                                   1 sec.
    Turnaround time :                            4 sec.

The output (if any) follows:

Nthread = 16
Time in seconds = 0.000730


PS:

Read file <./err_files/omp/16.err> for stderr output of this job.

Sender: LSF System <lsfadmin@polus-c1-ib.bmc.hpc.cs.msu.ru>
Subject: Job 839572: <#BSUB -n 3;#BSUB -W 00:15;#BSUB -o "./out_files/omp/16.out";#BSUB -e "./err_files/omp/16.err";#BSUB -R "span[hosts=1]";OMP_NUM_THREADS=16 ./2mm_omp> in cluster <MSUCluster> Done

Job <#BSUB -n 3;#BSUB -W 00:15;#BSUB -o "./out_files/omp/16.out";#BSUB -e "./err_files/omp/16.err";#BSUB -R "span[hosts=1]";OMP_NUM_THREADS=16 ./2mm_omp> was submitted from host <polus-ib.bmc.hpc.cs.msu.ru> by user <edu-cmc-sqi21-01> in cluster <MSUCluster> at Tue Dec 14 23:29:53 2021
Job was executed on host(s) <3*polus-c1-ib.bmc.hpc.cs.msu.ru>, in queue <short>, as user <edu-cmc-sqi21-01> in cluster <MSUCluster> at Tue Dec 14 23:29:55 2021
</home_edu/edu-cmc-sqi21/edu-cmc-sqi21-01> was used as the home directory.
</home_edu/edu-cmc-sqi21/edu-cmc-sqi21-01/skipod/skipod_git/2mm> was used as the working directory.
Started at Tue Dec 14 23:29:55 2021
Terminated at Tue Dec 14 23:29:56 2021
Results reported at Tue Dec 14 23:29:56 2021

Your job looked like:

------------------------------------------------------------
# LSBATCH: User input
#BSUB -n 3
#BSUB -W 00:15
#BSUB -o "./out_files/omp/16.out"
#BSUB -e "./err_files/omp/16.err"
#BSUB -R "span[hosts=1]"
OMP_NUM_THREADS=16 ./2mm_omp

------------------------------------------------------------

Successfully completed.

Resource usage summary:

    CPU time :                                   0.33 sec.
    Max Memory :                                 7 MB
    Average Memory :                             5.00 MB
    Total Requested Memory :                     -
    Delta Memory :                               -
    Max Swap :                                   -
    Max Processes :                              4
    Max Threads :                                20
    Run time :                                   2 sec.
    Turnaround time :                            3 sec.

The output (if any) follows:

Nthread = 16
Time in seconds = 0.129800


PS:

Read file <./err_files/omp/16.err> for stderr output of this job.

Sender: LSF System <lsfadmin@polus-c1-ib.bmc.hpc.cs.msu.ru>
Subject: Job 839591: <#BSUB -n 3;#BSUB -W 00:15;#BSUB -o "./out_files/omp/16.out";#BSUB -e "./err_files/omp/16.err";#BSUB -R "span[hosts=1]";OMP_NUM_THREADS=16 ./2mm_omp> in cluster <MSUCluster> Done

Job <#BSUB -n 3;#BSUB -W 00:15;#BSUB -o "./out_files/omp/16.out";#BSUB -e "./err_files/omp/16.err";#BSUB -R "span[hosts=1]";OMP_NUM_THREADS=16 ./2mm_omp> was submitted from host <polus-ib.bmc.hpc.cs.msu.ru> by user <edu-cmc-sqi21-01> in cluster <MSUCluster> at Tue Dec 14 23:34:53 2021
Job was executed on host(s) <3*polus-c1-ib.bmc.hpc.cs.msu.ru>, in queue <short>, as user <edu-cmc-sqi21-01> in cluster <MSUCluster> at Tue Dec 14 23:34:59 2021
</home_edu/edu-cmc-sqi21/edu-cmc-sqi21-01> was used as the home directory.
</home_edu/edu-cmc-sqi21/edu-cmc-sqi21-01/skipod/skipod_git/2mm> was used as the working directory.
Started at Tue Dec 14 23:34:59 2021
Terminated at Tue Dec 14 23:35:03 2021
Results reported at Tue Dec 14 23:35:03 2021

Your job looked like:

------------------------------------------------------------
# LSBATCH: User input
#BSUB -n 3
#BSUB -W 00:15
#BSUB -o "./out_files/omp/16.out"
#BSUB -e "./err_files/omp/16.err"
#BSUB -R "span[hosts=1]"
OMP_NUM_THREADS=16 ./2mm_omp

------------------------------------------------------------

Successfully completed.

Resource usage summary:

    CPU time :                                   34.58 sec.
    Max Memory :                                 24 MB
    Average Memory :                             16.33 MB
    Total Requested Memory :                     -
    Delta Memory :                               -
    Max Swap :                                   -
    Max Processes :                              4
    Max Threads :                                20
    Run time :                                   3 sec.
    Turnaround time :                            10 sec.

The output (if any) follows:

Nthread = 16
Time in seconds = 2.910092


PS:

Read file <./err_files/omp/16.err> for stderr output of this job.

Sender: LSF System <lsfadmin@polus-c2-ib.bmc.hpc.cs.msu.ru>
Subject: Job 839609: <#BSUB -n 3;#BSUB -W 00:15;#BSUB -o "./out_files/omp/16.out";#BSUB -e "./err_files/omp/16.err";#BSUB -R "span[hosts=1]";OMP_NUM_THREADS=16 ./2mm_omp> in cluster <MSUCluster> Done

Job <#BSUB -n 3;#BSUB -W 00:15;#BSUB -o "./out_files/omp/16.out";#BSUB -e "./err_files/omp/16.err";#BSUB -R "span[hosts=1]";OMP_NUM_THREADS=16 ./2mm_omp> was submitted from host <polus-ib.bmc.hpc.cs.msu.ru> by user <edu-cmc-sqi21-01> in cluster <MSUCluster> at Tue Dec 14 23:39:53 2021
Job was executed on host(s) <3*polus-c2-ib.bmc.hpc.cs.msu.ru>, in queue <short>, as user <edu-cmc-sqi21-01> in cluster <MSUCluster> at Tue Dec 14 23:40:22 2021
</home_edu/edu-cmc-sqi21/edu-cmc-sqi21-01> was used as the home directory.
</home_edu/edu-cmc-sqi21/edu-cmc-sqi21-01/skipod/skipod_git/2mm> was used as the working directory.
Started at Tue Dec 14 23:40:22 2021
Terminated at Tue Dec 14 23:40:38 2021
Results reported at Tue Dec 14 23:40:38 2021

Your job looked like:

------------------------------------------------------------
# LSBATCH: User input
#BSUB -n 3
#BSUB -W 00:15
#BSUB -o "./out_files/omp/16.out"
#BSUB -e "./err_files/omp/16.err"
#BSUB -R "span[hosts=1]"
OMP_NUM_THREADS=16 ./2mm_omp

------------------------------------------------------------

Successfully completed.

Resource usage summary:

    CPU time :                                   215.23 sec.
    Max Memory :                                 77 MB
    Average Memory :                             58.00 MB
    Total Requested Memory :                     -
    Delta Memory :                               -
    Max Swap :                                   -
    Max Processes :                              4
    Max Threads :                                20
    Run time :                                   15 sec.
    Turnaround time :                            45 sec.

The output (if any) follows:

Nthread = 16
Time in seconds = 14.494919


PS:

Read file <./err_files/omp/16.err> for stderr output of this job.

