Sender: LSF System <lsfadmin@polus-c1-ib.bmc.hpc.cs.msu.ru>
Subject: Job 839546: <#BSUB -n 1;#BSUB -W 00:15;#BSUB -o "./out_files/omp/4.out";#BSUB -e "./err_files/omp/4.err";#BSUB -R "span[hosts=1]";OMP_NUM_THREADS=4 ./2mm_omp> in cluster <MSUCluster> Done

Job <#BSUB -n 1;#BSUB -W 00:15;#BSUB -o "./out_files/omp/4.out";#BSUB -e "./err_files/omp/4.err";#BSUB -R "span[hosts=1]";OMP_NUM_THREADS=4 ./2mm_omp> was submitted from host <polus-ib.bmc.hpc.cs.msu.ru> by user <edu-cmc-sqi21-01> in cluster <MSUCluster> at Tue Dec 14 23:25:52 2021
Job was executed on host(s) <polus-c1-ib.bmc.hpc.cs.msu.ru>, in queue <short>, as user <edu-cmc-sqi21-01> in cluster <MSUCluster> at Tue Dec 14 23:25:54 2021
</home_edu/edu-cmc-sqi21/edu-cmc-sqi21-01> was used as the home directory.
</home_edu/edu-cmc-sqi21/edu-cmc-sqi21-01/skipod/skipod_git/2mm> was used as the working directory.
Started at Tue Dec 14 23:25:54 2021
Terminated at Tue Dec 14 23:25:55 2021
Results reported at Tue Dec 14 23:25:55 2021

Your job looked like:

------------------------------------------------------------
# LSBATCH: User input
#BSUB -n 1
#BSUB -W 00:15
#BSUB -o "./out_files/omp/4.out"
#BSUB -e "./err_files/omp/4.err"
#BSUB -R "span[hosts=1]"
OMP_NUM_THREADS=4 ./2mm_omp

------------------------------------------------------------

Successfully completed.

Resource usage summary:

    CPU time :                                   0.02 sec.
    Max Memory :                                 1 MB
    Average Memory :                             1.00 MB
    Total Requested Memory :                     -
    Delta Memory :                               -
    Max Swap :                                   -
    Max Processes :                              1
    Max Threads :                                1
    Run time :                                   0 sec.
    Turnaround time :                            3 sec.

The output (if any) follows:

Nthread = 4
Time in seconds = 0.002715


PS:

Read file <./err_files/omp/4.err> for stderr output of this job.

Sender: LSF System <lsfadmin@polus-c1-ib.bmc.hpc.cs.msu.ru>
Subject: Job 839560: <#BSUB -n 1;#BSUB -W 00:15;#BSUB -o "./out_files/omp/4.out";#BSUB -e "./err_files/omp/4.err";#BSUB -R "span[hosts=1]";OMP_NUM_THREADS=4 ./2mm_omp> in cluster <MSUCluster> Done

Job <#BSUB -n 1;#BSUB -W 00:15;#BSUB -o "./out_files/omp/4.out";#BSUB -e "./err_files/omp/4.err";#BSUB -R "span[hosts=1]";OMP_NUM_THREADS=4 ./2mm_omp> was submitted from host <polus-ib.bmc.hpc.cs.msu.ru> by user <edu-cmc-sqi21-01> in cluster <MSUCluster> at Tue Dec 14 23:27:53 2021
Job was executed on host(s) <polus-c1-ib.bmc.hpc.cs.msu.ru>, in queue <short>, as user <edu-cmc-sqi21-01> in cluster <MSUCluster> at Tue Dec 14 23:27:54 2021
</home_edu/edu-cmc-sqi21/edu-cmc-sqi21-01> was used as the home directory.
</home_edu/edu-cmc-sqi21/edu-cmc-sqi21-01/skipod/skipod_git/2mm> was used as the working directory.
Started at Tue Dec 14 23:27:54 2021
Terminated at Tue Dec 14 23:27:55 2021
Results reported at Tue Dec 14 23:27:55 2021

Your job looked like:

------------------------------------------------------------
# LSBATCH: User input
#BSUB -n 1
#BSUB -W 00:15
#BSUB -o "./out_files/omp/4.out"
#BSUB -e "./err_files/omp/4.err"
#BSUB -R "span[hosts=1]"
OMP_NUM_THREADS=4 ./2mm_omp

------------------------------------------------------------

Successfully completed.

Resource usage summary:

    CPU time :                                   0.03 sec.
    Max Memory :                                 1 MB
    Average Memory :                             1.00 MB
    Total Requested Memory :                     -
    Delta Memory :                               -
    Max Swap :                                   -
    Max Processes :                              1
    Max Threads :                                1
    Run time :                                   1 sec.
    Turnaround time :                            2 sec.

The output (if any) follows:

Nthread = 4
Time in seconds = 0.001397


PS:

Read file <./err_files/omp/4.err> for stderr output of this job.

Sender: LSF System <lsfadmin@polus-c1-ib.bmc.hpc.cs.msu.ru>
Subject: Job 839570: <#BSUB -n 1;#BSUB -W 00:15;#BSUB -o "./out_files/omp/4.out";#BSUB -e "./err_files/omp/4.err";#BSUB -R "span[hosts=1]";OMP_NUM_THREADS=4 ./2mm_omp> in cluster <MSUCluster> Done

Job <#BSUB -n 1;#BSUB -W 00:15;#BSUB -o "./out_files/omp/4.out";#BSUB -e "./err_files/omp/4.err";#BSUB -R "span[hosts=1]";OMP_NUM_THREADS=4 ./2mm_omp> was submitted from host <polus-ib.bmc.hpc.cs.msu.ru> by user <edu-cmc-sqi21-01> in cluster <MSUCluster> at Tue Dec 14 23:29:53 2021
Job was executed on host(s) <polus-c1-ib.bmc.hpc.cs.msu.ru>, in queue <short>, as user <edu-cmc-sqi21-01> in cluster <MSUCluster> at Tue Dec 14 23:29:54 2021
</home_edu/edu-cmc-sqi21/edu-cmc-sqi21-01> was used as the home directory.
</home_edu/edu-cmc-sqi21/edu-cmc-sqi21-01/skipod/skipod_git/2mm> was used as the working directory.
Started at Tue Dec 14 23:29:54 2021
Terminated at Tue Dec 14 23:29:56 2021
Results reported at Tue Dec 14 23:29:56 2021

Your job looked like:

------------------------------------------------------------
# LSBATCH: User input
#BSUB -n 1
#BSUB -W 00:15
#BSUB -o "./out_files/omp/4.out"
#BSUB -e "./err_files/omp/4.err"
#BSUB -R "span[hosts=1]"
OMP_NUM_THREADS=4 ./2mm_omp

------------------------------------------------------------

Successfully completed.

Resource usage summary:

    CPU time :                                   0.25 sec.
    Max Memory :                                 6 MB
    Average Memory :                             4.33 MB
    Total Requested Memory :                     -
    Delta Memory :                               -
    Max Swap :                                   -
    Max Processes :                              4
    Max Threads :                                8
    Run time :                                   0 sec.
    Turnaround time :                            3 sec.

The output (if any) follows:

Nthread = 4
Time in seconds = 0.065208


PS:

Read file <./err_files/omp/4.err> for stderr output of this job.

Sender: LSF System <lsfadmin@polus-c1-ib.bmc.hpc.cs.msu.ru>
Subject: Job 839589: <#BSUB -n 1;#BSUB -W 00:15;#BSUB -o "./out_files/omp/4.out";#BSUB -e "./err_files/omp/4.err";#BSUB -R "span[hosts=1]";OMP_NUM_THREADS=4 ./2mm_omp> in cluster <MSUCluster> Done

Job <#BSUB -n 1;#BSUB -W 00:15;#BSUB -o "./out_files/omp/4.out";#BSUB -e "./err_files/omp/4.err";#BSUB -R "span[hosts=1]";OMP_NUM_THREADS=4 ./2mm_omp> was submitted from host <polus-ib.bmc.hpc.cs.msu.ru> by user <edu-cmc-sqi21-01> in cluster <MSUCluster> at Tue Dec 14 23:34:53 2021
Job was executed on host(s) <polus-c1-ib.bmc.hpc.cs.msu.ru>, in queue <short>, as user <edu-cmc-sqi21-01> in cluster <MSUCluster> at Tue Dec 14 23:34:54 2021
</home_edu/edu-cmc-sqi21/edu-cmc-sqi21-01> was used as the home directory.
</home_edu/edu-cmc-sqi21/edu-cmc-sqi21-01/skipod/skipod_git/2mm> was used as the working directory.
Started at Tue Dec 14 23:34:54 2021
Terminated at Tue Dec 14 23:35:02 2021
Results reported at Tue Dec 14 23:35:02 2021

Your job looked like:

------------------------------------------------------------
# LSBATCH: User input
#BSUB -n 1
#BSUB -W 00:15
#BSUB -o "./out_files/omp/4.out"
#BSUB -e "./err_files/omp/4.err"
#BSUB -R "span[hosts=1]"
OMP_NUM_THREADS=4 ./2mm_omp

------------------------------------------------------------

Successfully completed.

Resource usage summary:

    CPU time :                                   23.87 sec.
    Max Memory :                                 23 MB
    Average Memory :                             15.67 MB
    Total Requested Memory :                     -
    Delta Memory :                               -
    Max Swap :                                   -
    Max Processes :                              4
    Max Threads :                                8
    Run time :                                   13 sec.
    Turnaround time :                            9 sec.

The output (if any) follows:

Nthread = 4
Time in seconds = 6.712944


PS:

Read file <./err_files/omp/4.err> for stderr output of this job.

Sender: LSF System <lsfadmin@polus-c4-ib.bmc.hpc.cs.msu.ru>
Subject: Job 839607: <#BSUB -n 1;#BSUB -W 00:15;#BSUB -o "./out_files/omp/4.out";#BSUB -e "./err_files/omp/4.err";#BSUB -R "span[hosts=1]";OMP_NUM_THREADS=4 ./2mm_omp> in cluster <MSUCluster> Done

Job <#BSUB -n 1;#BSUB -W 00:15;#BSUB -o "./out_files/omp/4.out";#BSUB -e "./err_files/omp/4.err";#BSUB -R "span[hosts=1]";OMP_NUM_THREADS=4 ./2mm_omp> was submitted from host <polus-ib.bmc.hpc.cs.msu.ru> by user <edu-cmc-sqi21-01> in cluster <MSUCluster> at Tue Dec 14 23:39:53 2021
Job was executed on host(s) <polus-c4-ib.bmc.hpc.cs.msu.ru>, in queue <short>, as user <edu-cmc-sqi21-01> in cluster <MSUCluster> at Tue Dec 14 23:39:54 2021
</home_edu/edu-cmc-sqi21/edu-cmc-sqi21-01> was used as the home directory.
</home_edu/edu-cmc-sqi21/edu-cmc-sqi21-01/skipod/skipod_git/2mm> was used as the working directory.
Started at Tue Dec 14 23:39:54 2021
Terminated at Tue Dec 14 23:40:51 2021
Results reported at Tue Dec 14 23:40:51 2021

Your job looked like:

------------------------------------------------------------
# LSBATCH: User input
#BSUB -n 1
#BSUB -W 00:15
#BSUB -o "./out_files/omp/4.out"
#BSUB -e "./err_files/omp/4.err"
#BSUB -R "span[hosts=1]"
OMP_NUM_THREADS=4 ./2mm_omp

------------------------------------------------------------

Successfully completed.

Resource usage summary:

    CPU time :                                   194.16 sec.
    Max Memory :                                 76 MB
    Average Memory :                             68.50 MB
    Total Requested Memory :                     -
    Delta Memory :                               -
    Max Swap :                                   -
    Max Processes :                              4
    Max Threads :                                8
    Run time :                                   56 sec.
    Turnaround time :                            58 sec.

The output (if any) follows:

Nthread = 4
Time in seconds = 55.493582


PS:

Read file <./err_files/omp/4.err> for stderr output of this job.

