Sender: LSF System <lsfadmin@polus-c1-ib.bmc.hpc.cs.msu.ru>
Subject: Job 839281: <#BSUB -n 6;#BSUB -W 00:15;#BSUB -o "./out_files/omp/46.out";#BSUB -e "./err_files/omp/46.err";#BSUB -R "span[hosts=1]";OMP_NUM_THREADS=46 ./2mm_omp> in cluster <MSUCluster> Done

Job <#BSUB -n 6;#BSUB -W 00:15;#BSUB -o "./out_files/omp/46.out";#BSUB -e "./err_files/omp/46.err";#BSUB -R "span[hosts=1]";OMP_NUM_THREADS=46 ./2mm_omp> was submitted from host <polus-ib.bmc.hpc.cs.msu.ru> by user <edu-cmc-sqi21-01> in cluster <MSUCluster> at Tue Dec 14 22:56:14 2021
Job was executed on host(s) <6*polus-c1-ib.bmc.hpc.cs.msu.ru>, in queue <short>, as user <edu-cmc-sqi21-01> in cluster <MSUCluster> at Tue Dec 14 22:57:10 2021
</home_edu/edu-cmc-sqi21/edu-cmc-sqi21-01> was used as the home directory.
</home_edu/edu-cmc-sqi21/edu-cmc-sqi21-01/skipod/skipod_git/2mm> was used as the working directory.
Started at Tue Dec 14 22:57:10 2021
Terminated at Tue Dec 14 22:57:13 2021
Results reported at Tue Dec 14 22:57:13 2021

Your job looked like:

------------------------------------------------------------
# LSBATCH: User input
#BSUB -n 6
#BSUB -W 00:15
#BSUB -o "./out_files/omp/46.out"
#BSUB -e "./err_files/omp/46.err"
#BSUB -R "span[hosts=1]"
OMP_NUM_THREADS=46 ./2mm_omp

------------------------------------------------------------

Successfully completed.

Resource usage summary:

    CPU time :                                   73.67 sec.
    Max Memory :                                 26 MB
    Average Memory :                             18.00 MB
    Total Requested Memory :                     -
    Delta Memory :                               -
    Max Swap :                                   -
    Max Processes :                              4
    Max Threads :                                50
    Run time :                                   3 sec.
    Turnaround time :                            59 sec.

The output (if any) follows:

Nthread = 46
Time in seconds = 1.999518


PS:

Read file <./err_files/omp/46.err> for stderr output of this job.

