Sender: LSF System <lsfadmin@polus-c1-ib.bmc.hpc.cs.msu.ru>
Subject: Job 839550: <#BSUB -n 9;#BSUB -W 00:15;#BSUB -o "./out_files/omp/64.out";#BSUB -e "./err_files/omp/64.err";#BSUB -R "span[hosts=1]";OMP_NUM_THREADS=64 ./2mm_omp> in cluster <MSUCluster> Done

Job <#BSUB -n 9;#BSUB -W 00:15;#BSUB -o "./out_files/omp/64.out";#BSUB -e "./err_files/omp/64.err";#BSUB -R "span[hosts=1]";OMP_NUM_THREADS=64 ./2mm_omp> was submitted from host <polus-ib.bmc.hpc.cs.msu.ru> by user <edu-cmc-sqi21-01> in cluster <MSUCluster> at Tue Dec 14 23:25:52 2021
Job was executed on host(s) <9*polus-c1-ib.bmc.hpc.cs.msu.ru>, in queue <short>, as user <edu-cmc-sqi21-01> in cluster <MSUCluster> at Tue Dec 14 23:25:56 2021
</home_edu/edu-cmc-sqi21/edu-cmc-sqi21-01> was used as the home directory.
</home_edu/edu-cmc-sqi21/edu-cmc-sqi21-01/skipod/skipod_git/2mm> was used as the working directory.
Started at Tue Dec 14 23:25:56 2021
Terminated at Tue Dec 14 23:25:58 2021
Results reported at Tue Dec 14 23:25:58 2021

Your job looked like:

------------------------------------------------------------
# LSBATCH: User input
#BSUB -n 9
#BSUB -W 00:15
#BSUB -o "./out_files/omp/64.out"
#BSUB -e "./err_files/omp/64.err"
#BSUB -R "span[hosts=1]"
OMP_NUM_THREADS=64 ./2mm_omp

------------------------------------------------------------

Successfully completed.

Resource usage summary:

    CPU time :                                   0.39 sec.
    Max Memory :                                 4 MB
    Average Memory :                             3.00 MB
    Total Requested Memory :                     -
    Delta Memory :                               -
    Max Swap :                                   -
    Max Processes :                              3
    Max Threads :                                4
    Run time :                                   3 sec.
    Turnaround time :                            6 sec.

The output (if any) follows:

Nthread = 64
Time in seconds = 0.009648


PS:

Read file <./err_files/omp/64.err> for stderr output of this job.

Sender: LSF System <lsfadmin@polus-c1-ib.bmc.hpc.cs.msu.ru>
Subject: Job 839574: <#BSUB -n 9;#BSUB -W 00:15;#BSUB -o "./out_files/omp/64.out";#BSUB -e "./err_files/omp/64.err";#BSUB -R "span[hosts=1]";OMP_NUM_THREADS=64 ./2mm_omp> in cluster <MSUCluster> Done

Job <#BSUB -n 9;#BSUB -W 00:15;#BSUB -o "./out_files/omp/64.out";#BSUB -e "./err_files/omp/64.err";#BSUB -R "span[hosts=1]";OMP_NUM_THREADS=64 ./2mm_omp> was submitted from host <polus-ib.bmc.hpc.cs.msu.ru> by user <edu-cmc-sqi21-01> in cluster <MSUCluster> at Tue Dec 14 23:29:53 2021
Job was executed on host(s) <9*polus-c1-ib.bmc.hpc.cs.msu.ru>, in queue <short>, as user <edu-cmc-sqi21-01> in cluster <MSUCluster> at Tue Dec 14 23:32:05 2021
</home_edu/edu-cmc-sqi21/edu-cmc-sqi21-01> was used as the home directory.
</home_edu/edu-cmc-sqi21/edu-cmc-sqi21-01/skipod/skipod_git/2mm> was used as the working directory.
Started at Tue Dec 14 23:32:05 2021
Terminated at Tue Dec 14 23:32:06 2021
Results reported at Tue Dec 14 23:32:06 2021

Your job looked like:

------------------------------------------------------------
# LSBATCH: User input
#BSUB -n 9
#BSUB -W 00:15
#BSUB -o "./out_files/omp/64.out"
#BSUB -e "./err_files/omp/64.err"
#BSUB -R "span[hosts=1]"
OMP_NUM_THREADS=64 ./2mm_omp

------------------------------------------------------------

Successfully completed.

Resource usage summary:

    CPU time :                                   1.09 sec.
    Max Memory :                                 1 MB
    Average Memory :                             1.00 MB
    Total Requested Memory :                     -
    Delta Memory :                               -
    Max Swap :                                   -
    Max Processes :                              1
    Max Threads :                                1
    Run time :                                   1 sec.
    Turnaround time :                            133 sec.

The output (if any) follows:

Nthread = 64
Time in seconds = 0.020317


PS:

Read file <./err_files/omp/64.err> for stderr output of this job.

Sender: LSF System <lsfadmin@polus-c1-ib.bmc.hpc.cs.msu.ru>
Subject: Job 839564: <#BSUB -n 9;#BSUB -W 00:15;#BSUB -o "./out_files/omp/64.out";#BSUB -e "./err_files/omp/64.err";#BSUB -R "span[hosts=1]";OMP_NUM_THREADS=64 ./2mm_omp> in cluster <MSUCluster> Done

Job <#BSUB -n 9;#BSUB -W 00:15;#BSUB -o "./out_files/omp/64.out";#BSUB -e "./err_files/omp/64.err";#BSUB -R "span[hosts=1]";OMP_NUM_THREADS=64 ./2mm_omp> was submitted from host <polus-ib.bmc.hpc.cs.msu.ru> by user <edu-cmc-sqi21-01> in cluster <MSUCluster> at Tue Dec 14 23:27:53 2021
Job was executed on host(s) <9*polus-c1-ib.bmc.hpc.cs.msu.ru>, in queue <short>, as user <edu-cmc-sqi21-01> in cluster <MSUCluster> at Tue Dec 14 23:32:04 2021
</home_edu/edu-cmc-sqi21/edu-cmc-sqi21-01> was used as the home directory.
</home_edu/edu-cmc-sqi21/edu-cmc-sqi21-01/skipod/skipod_git/2mm> was used as the working directory.
Started at Tue Dec 14 23:32:04 2021
Terminated at Tue Dec 14 23:32:07 2021
Results reported at Tue Dec 14 23:32:07 2021

Your job looked like:

------------------------------------------------------------
# LSBATCH: User input
#BSUB -n 9
#BSUB -W 00:15
#BSUB -o "./out_files/omp/64.out"
#BSUB -e "./err_files/omp/64.err"
#BSUB -R "span[hosts=1]"
OMP_NUM_THREADS=64 ./2mm_omp

------------------------------------------------------------

Successfully completed.

Resource usage summary:

    CPU time :                                   1.13 sec.
    Max Memory :                                 1 MB
    Average Memory :                             1.00 MB
    Total Requested Memory :                     -
    Delta Memory :                               -
    Max Swap :                                   -
    Max Processes :                              1
    Max Threads :                                1
    Run time :                                   1 sec.
    Turnaround time :                            254 sec.

The output (if any) follows:

Nthread = 64
Time in seconds = 0.023326


PS:

Read file <./err_files/omp/64.err> for stderr output of this job.

Sender: LSF System <lsfadmin@polus-c1-ib.bmc.hpc.cs.msu.ru>
Subject: Job 839593: <#BSUB -n 9;#BSUB -W 00:15;#BSUB -o "./out_files/omp/64.out";#BSUB -e "./err_files/omp/64.err";#BSUB -R "span[hosts=1]";OMP_NUM_THREADS=64 ./2mm_omp> in cluster <MSUCluster> Done

Job <#BSUB -n 9;#BSUB -W 00:15;#BSUB -o "./out_files/omp/64.out";#BSUB -e "./err_files/omp/64.err";#BSUB -R "span[hosts=1]";OMP_NUM_THREADS=64 ./2mm_omp> was submitted from host <polus-ib.bmc.hpc.cs.msu.ru> by user <edu-cmc-sqi21-01> in cluster <MSUCluster> at Tue Dec 14 23:34:53 2021
Job was executed on host(s) <9*polus-c1-ib.bmc.hpc.cs.msu.ru>, in queue <short>, as user <edu-cmc-sqi21-01> in cluster <MSUCluster> at Tue Dec 14 23:35:03 2021
</home_edu/edu-cmc-sqi21/edu-cmc-sqi21-01> was used as the home directory.
</home_edu/edu-cmc-sqi21/edu-cmc-sqi21-01/skipod/skipod_git/2mm> was used as the working directory.
Started at Tue Dec 14 23:35:03 2021
Terminated at Tue Dec 14 23:35:06 2021
Results reported at Tue Dec 14 23:35:06 2021

Your job looked like:

------------------------------------------------------------
# LSBATCH: User input
#BSUB -n 9
#BSUB -W 00:15
#BSUB -o "./out_files/omp/64.out"
#BSUB -e "./err_files/omp/64.err"
#BSUB -R "span[hosts=1]"
OMP_NUM_THREADS=64 ./2mm_omp

------------------------------------------------------------

Successfully completed.

Resource usage summary:

    CPU time :                                   68.24 sec.
    Max Memory :                                 27 MB
    Average Memory :                             18.33 MB
    Total Requested Memory :                     -
    Delta Memory :                               -
    Max Swap :                                   -
    Max Processes :                              4
    Max Threads :                                68
    Run time :                                   4 sec.
    Turnaround time :                            13 sec.

The output (if any) follows:

Nthread = 64
Time in seconds = 1.735192


PS:

Read file <./err_files/omp/64.err> for stderr output of this job.

Sender: LSF System <lsfadmin@polus-c1-ib.bmc.hpc.cs.msu.ru>
Subject: Job 839611: <#BSUB -n 9;#BSUB -W 00:15;#BSUB -o "./out_files/omp/64.out";#BSUB -e "./err_files/omp/64.err";#BSUB -R "span[hosts=1]";OMP_NUM_THREADS=64 ./2mm_omp> in cluster <MSUCluster> Done

Job <#BSUB -n 9;#BSUB -W 00:15;#BSUB -o "./out_files/omp/64.out";#BSUB -e "./err_files/omp/64.err";#BSUB -R "span[hosts=1]";OMP_NUM_THREADS=64 ./2mm_omp> was submitted from host <polus-ib.bmc.hpc.cs.msu.ru> by user <edu-cmc-sqi21-01> in cluster <MSUCluster> at Tue Dec 14 23:39:53 2021
Job was executed on host(s) <9*polus-c1-ib.bmc.hpc.cs.msu.ru>, in queue <short>, as user <edu-cmc-sqi21-01> in cluster <MSUCluster> at Tue Dec 14 23:46:15 2021
</home_edu/edu-cmc-sqi21/edu-cmc-sqi21-01> was used as the home directory.
</home_edu/edu-cmc-sqi21/edu-cmc-sqi21-01/skipod/skipod_git/2mm> was used as the working directory.
Started at Tue Dec 14 23:46:15 2021
Terminated at Tue Dec 14 23:46:28 2021
Results reported at Tue Dec 14 23:46:28 2021

Your job looked like:

------------------------------------------------------------
# LSBATCH: User input
#BSUB -n 9
#BSUB -W 00:15
#BSUB -o "./out_files/omp/64.out"
#BSUB -e "./err_files/omp/64.err"
#BSUB -R "span[hosts=1]"
OMP_NUM_THREADS=64 ./2mm_omp

------------------------------------------------------------

Successfully completed.

Resource usage summary:

    CPU time :                                   627.51 sec.
    Max Memory :                                 80 MB
    Average Memory :                             60.25 MB
    Total Requested Memory :                     -
    Delta Memory :                               -
    Max Swap :                                   -
    Max Processes :                              4
    Max Threads :                                68
    Run time :                                   12 sec.
    Turnaround time :                            395 sec.

The output (if any) follows:

Nthread = 64
Time in seconds = 11.027350


PS:

Read file <./err_files/omp/64.err> for stderr output of this job.

