Sender: LSF System <lsfadmin@polus-c1-ib.bmc.hpc.cs.msu.ru>
Subject: Job 837806: <#BSUB -n 9;#BSUB -W 00:15;#BSUB -o "./out_files/omp/68.out";#BSUB -e "./err_files/omp/68.err";#BSUB -R "span[hosts=1]";OMP_NUM_THREADS=68 ./2mm_omp> in cluster <MSUCluster> Done

Job <#BSUB -n 9;#BSUB -W 00:15;#BSUB -o "./out_files/omp/68.out";#BSUB -e "./err_files/omp/68.err";#BSUB -R "span[hosts=1]";OMP_NUM_THREADS=68 ./2mm_omp> was submitted from host <polus-ib.bmc.hpc.cs.msu.ru> by user <edu-cmc-sqi21-01> in cluster <MSUCluster> at Tue Dec 14 01:34:41 2021
Job was executed on host(s) <9*polus-c1-ib.bmc.hpc.cs.msu.ru>, in queue <short>, as user <edu-cmc-sqi21-01> in cluster <MSUCluster> at Tue Dec 14 01:35:25 2021
</home_edu/edu-cmc-sqi21/edu-cmc-sqi21-01> was used as the home directory.
</home_edu/edu-cmc-sqi21/edu-cmc-sqi21-01/skipod/skipod_polus/2mm> was used as the working directory.
Started at Tue Dec 14 01:35:25 2021
Terminated at Tue Dec 14 01:35:28 2021
Results reported at Tue Dec 14 01:35:28 2021

Your job looked like:

------------------------------------------------------------
# LSBATCH: User input
#BSUB -n 9
#BSUB -W 00:15
#BSUB -o "./out_files/omp/68.out"
#BSUB -e "./err_files/omp/68.err"
#BSUB -R "span[hosts=1]"
OMP_NUM_THREADS=68 ./2mm_omp

------------------------------------------------------------

Successfully completed.

Resource usage summary:

    CPU time :                                   87.23 sec.
    Max Memory :                                 27 MB
    Average Memory :                             19.33 MB
    Total Requested Memory :                     -
    Delta Memory :                               -
    Max Swap :                                   -
    Max Processes :                              4
    Max Threads :                                72
    Run time :                                   3 sec.
    Turnaround time :                            47 sec.

The output (if any) follows:

Nthread = 68
Time in seconds = 1.485210


PS:

Read file <./err_files/omp/68.err> for stderr output of this job.

