Sender: LSF System <lsfadmin@polus-c1-ib.bmc.hpc.cs.msu.ru>
Subject: Job 839547: <#BSUB -n 2;#BSUB -W 00:15;#BSUB -o "./out_files/omp/8.out";#BSUB -e "./err_files/omp/8.err";#BSUB -R "span[hosts=1]";OMP_NUM_THREADS=8 ./2mm_omp> in cluster <MSUCluster> Done

Job <#BSUB -n 2;#BSUB -W 00:15;#BSUB -o "./out_files/omp/8.out";#BSUB -e "./err_files/omp/8.err";#BSUB -R "span[hosts=1]";OMP_NUM_THREADS=8 ./2mm_omp> was submitted from host <polus-ib.bmc.hpc.cs.msu.ru> by user <edu-cmc-sqi21-01> in cluster <MSUCluster> at Tue Dec 14 23:25:52 2021
Job was executed on host(s) <2*polus-c1-ib.bmc.hpc.cs.msu.ru>, in queue <short>, as user <edu-cmc-sqi21-01> in cluster <MSUCluster> at Tue Dec 14 23:25:54 2021
</home_edu/edu-cmc-sqi21/edu-cmc-sqi21-01> was used as the home directory.
</home_edu/edu-cmc-sqi21/edu-cmc-sqi21-01/skipod/skipod_git/2mm> was used as the working directory.
Started at Tue Dec 14 23:25:54 2021
Terminated at Tue Dec 14 23:25:55 2021
Results reported at Tue Dec 14 23:25:55 2021

Your job looked like:

------------------------------------------------------------
# LSBATCH: User input
#BSUB -n 2
#BSUB -W 00:15
#BSUB -o "./out_files/omp/8.out"
#BSUB -e "./err_files/omp/8.err"
#BSUB -R "span[hosts=1]"
OMP_NUM_THREADS=8 ./2mm_omp

------------------------------------------------------------

Successfully completed.

Resource usage summary:

    CPU time :                                   0.03 sec.
    Max Memory :                                 4 MB
    Average Memory :                             4.00 MB
    Total Requested Memory :                     -
    Delta Memory :                               -
    Max Swap :                                   -
    Max Processes :                              1
    Max Threads :                                1
    Run time :                                   0 sec.
    Turnaround time :                            3 sec.

The output (if any) follows:

Nthread = 8
Time in seconds = 0.002382


PS:

Read file <./err_files/omp/8.err> for stderr output of this job.

Sender: LSF System <lsfadmin@polus-c1-ib.bmc.hpc.cs.msu.ru>
Subject: Job 839561: <#BSUB -n 2;#BSUB -W 00:15;#BSUB -o "./out_files/omp/8.out";#BSUB -e "./err_files/omp/8.err";#BSUB -R "span[hosts=1]";OMP_NUM_THREADS=8 ./2mm_omp> in cluster <MSUCluster> Done

Job <#BSUB -n 2;#BSUB -W 00:15;#BSUB -o "./out_files/omp/8.out";#BSUB -e "./err_files/omp/8.err";#BSUB -R "span[hosts=1]";OMP_NUM_THREADS=8 ./2mm_omp> was submitted from host <polus-ib.bmc.hpc.cs.msu.ru> by user <edu-cmc-sqi21-01> in cluster <MSUCluster> at Tue Dec 14 23:27:53 2021
Job was executed on host(s) <2*polus-c1-ib.bmc.hpc.cs.msu.ru>, in queue <short>, as user <edu-cmc-sqi21-01> in cluster <MSUCluster> at Tue Dec 14 23:27:54 2021
</home_edu/edu-cmc-sqi21/edu-cmc-sqi21-01> was used as the home directory.
</home_edu/edu-cmc-sqi21/edu-cmc-sqi21-01/skipod/skipod_git/2mm> was used as the working directory.
Started at Tue Dec 14 23:27:54 2021
Terminated at Tue Dec 14 23:27:56 2021
Results reported at Tue Dec 14 23:27:56 2021

Your job looked like:

------------------------------------------------------------
# LSBATCH: User input
#BSUB -n 2
#BSUB -W 00:15
#BSUB -o "./out_files/omp/8.out"
#BSUB -e "./err_files/omp/8.err"
#BSUB -R "span[hosts=1]"
OMP_NUM_THREADS=8 ./2mm_omp

------------------------------------------------------------

Successfully completed.

Resource usage summary:

    CPU time :                                   0.03 sec.
    Max Memory :                                 3 MB
    Average Memory :                             2.33 MB
    Total Requested Memory :                     -
    Delta Memory :                               -
    Max Swap :                                   -
    Max Processes :                              1
    Max Threads :                                3
    Run time :                                   1 sec.
    Turnaround time :                            3 sec.

The output (if any) follows:

Nthread = 8
Time in seconds = 0.001362


PS:

Read file <./err_files/omp/8.err> for stderr output of this job.

Sender: LSF System <lsfadmin@polus-c1-ib.bmc.hpc.cs.msu.ru>
Subject: Job 839571: <#BSUB -n 2;#BSUB -W 00:15;#BSUB -o "./out_files/omp/8.out";#BSUB -e "./err_files/omp/8.err";#BSUB -R "span[hosts=1]";OMP_NUM_THREADS=8 ./2mm_omp> in cluster <MSUCluster> Done

Job <#BSUB -n 2;#BSUB -W 00:15;#BSUB -o "./out_files/omp/8.out";#BSUB -e "./err_files/omp/8.err";#BSUB -R "span[hosts=1]";OMP_NUM_THREADS=8 ./2mm_omp> was submitted from host <polus-ib.bmc.hpc.cs.msu.ru> by user <edu-cmc-sqi21-01> in cluster <MSUCluster> at Tue Dec 14 23:29:53 2021
Job was executed on host(s) <2*polus-c1-ib.bmc.hpc.cs.msu.ru>, in queue <short>, as user <edu-cmc-sqi21-01> in cluster <MSUCluster> at Tue Dec 14 23:29:54 2021
</home_edu/edu-cmc-sqi21/edu-cmc-sqi21-01> was used as the home directory.
</home_edu/edu-cmc-sqi21/edu-cmc-sqi21-01/skipod/skipod_git/2mm> was used as the working directory.
Started at Tue Dec 14 23:29:54 2021
Terminated at Tue Dec 14 23:29:55 2021
Results reported at Tue Dec 14 23:29:55 2021

Your job looked like:

------------------------------------------------------------
# LSBATCH: User input
#BSUB -n 2
#BSUB -W 00:15
#BSUB -o "./out_files/omp/8.out"
#BSUB -e "./err_files/omp/8.err"
#BSUB -R "span[hosts=1]"
OMP_NUM_THREADS=8 ./2mm_omp

------------------------------------------------------------

Successfully completed.

Resource usage summary:

    CPU time :                                   0.26 sec.
    Max Memory :                                 1 MB
    Average Memory :                             1.00 MB
    Total Requested Memory :                     -
    Delta Memory :                               -
    Max Swap :                                   -
    Max Processes :                              1
    Max Threads :                                1
    Run time :                                   0 sec.
    Turnaround time :                            2 sec.

The output (if any) follows:

Nthread = 8
Time in seconds = 0.049453


PS:

Read file <./err_files/omp/8.err> for stderr output of this job.

Sender: LSF System <lsfadmin@polus-c1-ib.bmc.hpc.cs.msu.ru>
Subject: Job 839590: <#BSUB -n 2;#BSUB -W 00:15;#BSUB -o "./out_files/omp/8.out";#BSUB -e "./err_files/omp/8.err";#BSUB -R "span[hosts=1]";OMP_NUM_THREADS=8 ./2mm_omp> in cluster <MSUCluster> Done

Job <#BSUB -n 2;#BSUB -W 00:15;#BSUB -o "./out_files/omp/8.out";#BSUB -e "./err_files/omp/8.err";#BSUB -R "span[hosts=1]";OMP_NUM_THREADS=8 ./2mm_omp> was submitted from host <polus-ib.bmc.hpc.cs.msu.ru> by user <edu-cmc-sqi21-01> in cluster <MSUCluster> at Tue Dec 14 23:34:53 2021
Job was executed on host(s) <2*polus-c1-ib.bmc.hpc.cs.msu.ru>, in queue <short>, as user <edu-cmc-sqi21-01> in cluster <MSUCluster> at Tue Dec 14 23:34:54 2021
</home_edu/edu-cmc-sqi21/edu-cmc-sqi21-01> was used as the home directory.
</home_edu/edu-cmc-sqi21/edu-cmc-sqi21-01/skipod/skipod_git/2mm> was used as the working directory.
Started at Tue Dec 14 23:34:54 2021
Terminated at Tue Dec 14 23:34:59 2021
Results reported at Tue Dec 14 23:34:59 2021

Your job looked like:

------------------------------------------------------------
# LSBATCH: User input
#BSUB -n 2
#BSUB -W 00:15
#BSUB -o "./out_files/omp/8.out"
#BSUB -e "./err_files/omp/8.err"
#BSUB -R "span[hosts=1]"
OMP_NUM_THREADS=8 ./2mm_omp

------------------------------------------------------------

Successfully completed.

Resource usage summary:

    CPU time :                                   27.41 sec.
    Max Memory :                                 23 MB
    Average Memory :                             15.67 MB
    Total Requested Memory :                     -
    Delta Memory :                               -
    Max Swap :                                   -
    Max Processes :                              4
    Max Threads :                                12
    Run time :                                   10 sec.
    Turnaround time :                            6 sec.

The output (if any) follows:

Nthread = 8
Time in seconds = 3.920590


PS:

Read file <./err_files/omp/8.err> for stderr output of this job.

Sender: LSF System <lsfadmin@polus-c2-ib.bmc.hpc.cs.msu.ru>
Subject: Job 839608: <#BSUB -n 2;#BSUB -W 00:15;#BSUB -o "./out_files/omp/8.out";#BSUB -e "./err_files/omp/8.err";#BSUB -R "span[hosts=1]";OMP_NUM_THREADS=8 ./2mm_omp> in cluster <MSUCluster> Done

Job <#BSUB -n 2;#BSUB -W 00:15;#BSUB -o "./out_files/omp/8.out";#BSUB -e "./err_files/omp/8.err";#BSUB -R "span[hosts=1]";OMP_NUM_THREADS=8 ./2mm_omp> was submitted from host <polus-ib.bmc.hpc.cs.msu.ru> by user <edu-cmc-sqi21-01> in cluster <MSUCluster> at Tue Dec 14 23:39:53 2021
Job was executed on host(s) <2*polus-c2-ib.bmc.hpc.cs.msu.ru>, in queue <short>, as user <edu-cmc-sqi21-01> in cluster <MSUCluster> at Tue Dec 14 23:39:54 2021
</home_edu/edu-cmc-sqi21/edu-cmc-sqi21-01> was used as the home directory.
</home_edu/edu-cmc-sqi21/edu-cmc-sqi21-01/skipod/skipod_git/2mm> was used as the working directory.
Started at Tue Dec 14 23:39:54 2021
Terminated at Tue Dec 14 23:40:21 2021
Results reported at Tue Dec 14 23:40:21 2021

Your job looked like:

------------------------------------------------------------
# LSBATCH: User input
#BSUB -n 2
#BSUB -W 00:15
#BSUB -o "./out_files/omp/8.out"
#BSUB -e "./err_files/omp/8.err"
#BSUB -R "span[hosts=1]"
OMP_NUM_THREADS=8 ./2mm_omp

------------------------------------------------------------

Successfully completed.

Resource usage summary:

    CPU time :                                   180.77 sec.
    Max Memory :                                 76 MB
    Average Memory :                             63.50 MB
    Total Requested Memory :                     -
    Delta Memory :                               -
    Max Swap :                                   -
    Max Processes :                              4
    Max Threads :                                12
    Run time :                                   28 sec.
    Turnaround time :                            28 sec.

The output (if any) follows:

Nthread = 8
Time in seconds = 25.936963


PS:

Read file <./err_files/omp/8.err> for stderr output of this job.

