Sender: LSF System <lsfadmin@polus-c3-ib.bmc.hpc.cs.msu.ru>
Subject: Job 837813: <#BSUB -n 11;#BSUB -W 00:15;#BSUB -o "./out_files/omp/82.out";#BSUB -e "./err_files/omp/82.err";#BSUB -R "span[hosts=1]";OMP_NUM_THREADS=82 ./2mm_omp> in cluster <MSUCluster> Done

Job <#BSUB -n 11;#BSUB -W 00:15;#BSUB -o "./out_files/omp/82.out";#BSUB -e "./err_files/omp/82.err";#BSUB -R "span[hosts=1]";OMP_NUM_THREADS=82 ./2mm_omp> was submitted from host <polus-ib.bmc.hpc.cs.msu.ru> by user <edu-cmc-sqi21-01> in cluster <MSUCluster> at Tue Dec 14 01:34:41 2021
Job was executed on host(s) <11*polus-c3-ib.bmc.hpc.cs.msu.ru>, in queue <short>, as user <edu-cmc-sqi21-01> in cluster <MSUCluster> at Tue Dec 14 01:35:29 2021
</home_edu/edu-cmc-sqi21/edu-cmc-sqi21-01> was used as the home directory.
</home_edu/edu-cmc-sqi21/edu-cmc-sqi21-01/skipod/skipod_polus/2mm> was used as the working directory.
Started at Tue Dec 14 01:35:29 2021
Terminated at Tue Dec 14 01:35:32 2021
Results reported at Tue Dec 14 01:35:32 2021

Your job looked like:

------------------------------------------------------------
# LSBATCH: User input
#BSUB -n 11
#BSUB -W 00:15
#BSUB -o "./out_files/omp/82.out"
#BSUB -e "./err_files/omp/82.err"
#BSUB -R "span[hosts=1]"
OMP_NUM_THREADS=82 ./2mm_omp

------------------------------------------------------------

Successfully completed.

Resource usage summary:

    CPU time :                                   92.33 sec.
    Max Memory :                                 28 MB
    Average Memory :                             19.00 MB
    Total Requested Memory :                     -
    Delta Memory :                               -
    Max Swap :                                   -
    Max Processes :                              4
    Max Threads :                                86
    Run time :                                   5 sec.
    Turnaround time :                            51 sec.

The output (if any) follows:

Nthread = 82
Time in seconds = 1.306768


PS:

Read file <./err_files/omp/82.err> for stderr output of this job.

