Sender: LSF System <lsfadmin@polus-c3-ib.bmc.hpc.cs.msu.ru>
Subject: Job 837821: <#BSUB -n 13;#BSUB -W 00:15;#BSUB -o "./out_files/omp/98.out";#BSUB -e "./err_files/omp/98.err";#BSUB -R "span[hosts=1]";OMP_NUM_THREADS=98 ./2mm_omp> in cluster <MSUCluster> Done

Job <#BSUB -n 13;#BSUB -W 00:15;#BSUB -o "./out_files/omp/98.out";#BSUB -e "./err_files/omp/98.err";#BSUB -R "span[hosts=1]";OMP_NUM_THREADS=98 ./2mm_omp> was submitted from host <polus-ib.bmc.hpc.cs.msu.ru> by user <edu-cmc-sqi21-01> in cluster <MSUCluster> at Tue Dec 14 01:34:41 2021
Job was executed on host(s) <13*polus-c3-ib.bmc.hpc.cs.msu.ru>, in queue <short>, as user <edu-cmc-sqi21-01> in cluster <MSUCluster> at Tue Dec 14 01:35:34 2021
</home_edu/edu-cmc-sqi21/edu-cmc-sqi21-01> was used as the home directory.
</home_edu/edu-cmc-sqi21/edu-cmc-sqi21-01/skipod/skipod_polus/2mm> was used as the working directory.
Started at Tue Dec 14 01:35:34 2021
Terminated at Tue Dec 14 01:35:36 2021
Results reported at Tue Dec 14 01:35:36 2021

Your job looked like:

------------------------------------------------------------
# LSBATCH: User input
#BSUB -n 13
#BSUB -W 00:15
#BSUB -o "./out_files/omp/98.out"
#BSUB -e "./err_files/omp/98.err"
#BSUB -R "span[hosts=1]"
OMP_NUM_THREADS=98 ./2mm_omp

------------------------------------------------------------

Successfully completed.

Resource usage summary:

    CPU time :                                   90.88 sec.
    Max Memory :                                 29 MB
    Average Memory :                             19.67 MB
    Total Requested Memory :                     -
    Delta Memory :                               -
    Max Swap :                                   -
    Max Processes :                              4
    Max Threads :                                102
    Run time :                                   2 sec.
    Turnaround time :                            55 sec.

The output (if any) follows:

Nthread = 98
Time in seconds = 1.204539


PS:

Read file <./err_files/omp/98.err> for stderr output of this job.

