*** An error occurred in MPI_Init
*** on a NULL communicator
*** MPI_ERRORS_ARE_FATAL (processes in this communicator will now abort,
***    and potentially your MPI job)
[polus-c2-ib.bmc.hpc.cs.msu.ru:100148] Local abort before MPI_INIT completed completed successfully, but am not able to aggregate error messages, and not able to guarantee that all other processes were killed!
--------------------------------------------------------------------------
Sorry!  You were supposed to get help about:
    opal_init:startup:internal-failure
But I couldn't open the help file:
    /opt/ibm/spectrum_mpi/share/openmpi/help-opal-runtime.txt: No such file or directory.  Sorry!
--------------------------------------------------------------------------
--------------------------------------------------------------------------
Sorry!  You were supposed to get help about:
    orte_init:startup:internal-failure
But I couldn't open the help file:
    /opt/ibm/spectrum_mpi/share/openmpi/help-orte-runtime: No such file or directory.  Sorry!
--------------------------------------------------------------------------
--------------------------------------------------------------------------
Sorry!  You were supposed to get help about:
    mpi_init:startup:internal-failure
But I couldn't open the help file:
    /opt/ibm/spectrum_mpi/share/openmpi/help-mpi-runtime.txt: No such file or directory.  Sorry!
--------------------------------------------------------------------------
*** An error occurred in MPI_Init
*** on a NULL communicator
*** MPI_ERRORS_ARE_FATAL (processes in this communicator will now abort,
***    and potentially your MPI job)
[polus-c2-ib.bmc.hpc.cs.msu.ru:100149] Local abort before MPI_INIT completed completed successfully, but am not able to aggregate error messages, and not able to guarantee that all other processes were killed!
--------------------------------------------------------------------------
Sorry!  You were supposed to get help about:
    opal_init:startup:internal-failure
But I couldn't open the help file:
    /opt/ibm/spectrum_mpi/share/openmpi/help-opal-runtime.txt: No such file or directory.  Sorry!
--------------------------------------------------------------------------
--------------------------------------------------------------------------
Sorry!  You were supposed to get help about:
    orte_init:startup:internal-failure
But I couldn't open the help file:
    /opt/ibm/spectrum_mpi/share/openmpi/help-orte-runtime: No such file or directory.  Sorry!
--------------------------------------------------------------------------
--------------------------------------------------------------------------
Sorry!  You were supposed to get help about:
    mpi_init:startup:internal-failure
But I couldn't open the help file:
    /opt/ibm/spectrum_mpi/share/openmpi/help-mpi-runtime.txt: No such file or directory.  Sorry!
--------------------------------------------------------------------------
*** An error occurred in MPI_Init
*** on a NULL communicator
*** MPI_ERRORS_ARE_FATAL (processes in this communicator will now abort,
***    and potentially your MPI job)
[polus-c2-ib.bmc.hpc.cs.msu.ru:100150] Local abort before MPI_INIT completed completed successfully, but am not able to aggregate error messages, and not able to guarantee that all other processes were killed!
--------------------------------------------------------------------------
Sorry!  You were supposed to get help about:
    opal_init:startup:internal-failure
But I couldn't open the help file:
    /opt/ibm/spectrum_mpi/share/openmpi/help-opal-runtime.txt: No such file or directory.  Sorry!
--------------------------------------------------------------------------
--------------------------------------------------------------------------
Sorry!  You were supposed to get help about:
    orte_init:startup:internal-failure
But I couldn't open the help file:
    /opt/ibm/spectrum_mpi/share/openmpi/help-orte-runtime: No such file or directory.  Sorry!
--------------------------------------------------------------------------
--------------------------------------------------------------------------
Sorry!  You were supposed to get help about:
    mpi_init:startup:internal-failure
But I couldn't open the help file:
    /opt/ibm/spectrum_mpi/share/openmpi/help-mpi-runtime.txt: No such file or directory.  Sorry!
--------------------------------------------------------------------------
*** An error occurred in MPI_Init
*** on a NULL communicator
*** MPI_ERRORS_ARE_FATAL (processes in this communicator will now abort,
***    and potentially your MPI job)
[polus-c2-ib.bmc.hpc.cs.msu.ru:100151] Local abort before MPI_INIT completed completed successfully, but am not able to aggregate error messages, and not able to guarantee that all other processes were killed!
--------------------------------------------------------------------------
Sorry!  You were supposed to get help about:
    opal_init:startup:internal-failure
But I couldn't open the help file:
    /opt/ibm/spectrum_mpi/share/openmpi/help-opal-runtime.txt: No such file or directory.  Sorry!
--------------------------------------------------------------------------
--------------------------------------------------------------------------
Sorry!  You were supposed to get help about:
    orte_init:startup:internal-failure
But I couldn't open the help file:
    /opt/ibm/spectrum_mpi/share/openmpi/help-orte-runtime: No such file or directory.  Sorry!
--------------------------------------------------------------------------
--------------------------------------------------------------------------
Sorry!  You were supposed to get help about:
    mpi_init:startup:internal-failure
But I couldn't open the help file:
    /opt/ibm/spectrum_mpi/share/openmpi/help-mpi-runtime.txt: No such file or directory.  Sorry!
--------------------------------------------------------------------------
*** An error occurred in MPI_Init
*** on a NULL communicator
*** MPI_ERRORS_ARE_FATAL (processes in this communicator will now abort,
***    and potentially your MPI job)
[polus-c2-ib.bmc.hpc.cs.msu.ru:100152] Local abort before MPI_INIT completed completed successfully, but am not able to aggregate error messages, and not able to guarantee that all other processes were killed!
--------------------------------------------------------------------------
Sorry!  You were supposed to get help about:
    opal_init:startup:internal-failure
But I couldn't open the help file:
    /opt/ibm/spectrum_mpi/share/openmpi/help-opal-runtime.txt: No such file or directory.  Sorry!
--------------------------------------------------------------------------
--------------------------------------------------------------------------
Sorry!  You were supposed to get help about:
    orte_init:startup:internal-failure
But I couldn't open the help file:
    /opt/ibm/spectrum_mpi/share/openmpi/help-orte-runtime: No such file or directory.  Sorry!
--------------------------------------------------------------------------
--------------------------------------------------------------------------
Sorry!  You were supposed to get help about:
    mpi_init:startup:internal-failure
But I couldn't open the help file:
    /opt/ibm/spectrum_mpi/share/openmpi/help-mpi-runtime.txt: No such file or directory.  Sorry!
--------------------------------------------------------------------------
*** An error occurred in MPI_Init
*** on a NULL communicator
*** MPI_ERRORS_ARE_FATAL (processes in this communicator will now abort,
***    and potentially your MPI job)
[polus-c2-ib.bmc.hpc.cs.msu.ru:100153] Local abort before MPI_INIT completed completed successfully, but am not able to aggregate error messages, and not able to guarantee that all other processes were killed!
--------------------------------------------------------------------------
Sorry!  You were supposed to get help about:
    opal_init:startup:internal-failure
But I couldn't open the help file:
    /opt/ibm/spectrum_mpi/share/openmpi/help-opal-runtime.txt: No such file or directory.  Sorry!
--------------------------------------------------------------------------
--------------------------------------------------------------------------
Sorry!  You were supposed to get help about:
    orte_init:startup:internal-failure
But I couldn't open the help file:
    /opt/ibm/spectrum_mpi/share/openmpi/help-orte-runtime: No such file or directory.  Sorry!
--------------------------------------------------------------------------
--------------------------------------------------------------------------
Sorry!  You were supposed to get help about:
    mpi_init:startup:internal-failure
But I couldn't open the help file:
    /opt/ibm/spectrum_mpi/share/openmpi/help-mpi-runtime.txt: No such file or directory.  Sorry!
--------------------------------------------------------------------------
*** An error occurred in MPI_Init
*** on a NULL communicator
*** MPI_ERRORS_ARE_FATAL (processes in this communicator will now abort,
***    and potentially your MPI job)
[polus-c2-ib.bmc.hpc.cs.msu.ru:100154] Local abort before MPI_INIT completed completed successfully, but am not able to aggregate error messages, and not able to guarantee that all other processes were killed!
--------------------------------------------------------------------------
Sorry!  You were supposed to get help about:
    opal_init:startup:internal-failure
But I couldn't open the help file:
    /opt/ibm/spectrum_mpi/share/openmpi/help-opal-runtime.txt: No such file or directory.  Sorry!
--------------------------------------------------------------------------
--------------------------------------------------------------------------
Sorry!  You were supposed to get help about:
    orte_init:startup:internal-failure
But I couldn't open the help file:
    /opt/ibm/spectrum_mpi/share/openmpi/help-orte-runtime: No such file or directory.  Sorry!
--------------------------------------------------------------------------
--------------------------------------------------------------------------
Sorry!  You were supposed to get help about:
    mpi_init:startup:internal-failure
But I couldn't open the help file:
    /opt/ibm/spectrum_mpi/share/openmpi/help-mpi-runtime.txt: No such file or directory.  Sorry!
--------------------------------------------------------------------------
*** An error occurred in MPI_Init
*** on a NULL communicator
*** MPI_ERRORS_ARE_FATAL (processes in this communicator will now abort,
***    and potentially your MPI job)
[polus-c2-ib.bmc.hpc.cs.msu.ru:100155] Local abort before MPI_INIT completed completed successfully, but am not able to aggregate error messages, and not able to guarantee that all other processes were killed!
--------------------------------------------------------------------------
Sorry!  You were supposed to get help about:
    opal_init:startup:internal-failure
But I couldn't open the help file:
    /opt/ibm/spectrum_mpi/share/openmpi/help-opal-runtime.txt: No such file or directory.  Sorry!
--------------------------------------------------------------------------
--------------------------------------------------------------------------
Sorry!  You were supposed to get help about:
    orte_init:startup:internal-failure
But I couldn't open the help file:
    /opt/ibm/spectrum_mpi/share/openmpi/help-orte-runtime: No such file or directory.  Sorry!
--------------------------------------------------------------------------
--------------------------------------------------------------------------
Sorry!  You were supposed to get help about:
    mpi_init:startup:internal-failure
But I couldn't open the help file:
    /opt/ibm/spectrum_mpi/share/openmpi/help-mpi-runtime.txt: No such file or directory.  Sorry!
--------------------------------------------------------------------------
*** An error occurred in MPI_Init
*** on a NULL communicator
*** MPI_ERRORS_ARE_FATAL (processes in this communicator will now abort,
***    and potentially your MPI job)
[polus-c2-ib.bmc.hpc.cs.msu.ru:100156] Local abort before MPI_INIT completed completed successfully, but am not able to aggregate error messages, and not able to guarantee that all other processes were killed!
--------------------------------------------------------------------------
Sorry!  You were supposed to get help about:
    opal_init:startup:internal-failure
But I couldn't open the help file:
    /opt/ibm/spectrum_mpi/share/openmpi/help-opal-runtime.txt: No such file or directory.  Sorry!
--------------------------------------------------------------------------
--------------------------------------------------------------------------
Sorry!  You were supposed to get help about:
    orte_init:startup:internal-failure
But I couldn't open the help file:
    /opt/ibm/spectrum_mpi/share/openmpi/help-orte-runtime: No such file or directory.  Sorry!
--------------------------------------------------------------------------
--------------------------------------------------------------------------
Sorry!  You were supposed to get help about:
    mpi_init:startup:internal-failure
But I couldn't open the help file:
    /opt/ibm/spectrum_mpi/share/openmpi/help-mpi-runtime.txt: No such file or directory.  Sorry!
--------------------------------------------------------------------------
--------------------------------------------------------------------------
Sorry!  You were supposed to get help about:
    opal_init:startup:internal-failure
But I couldn't open the help file:
    /opt/ibm/spectrum_mpi/share/openmpi/help-opal-runtime.txt: No such file or directory.  Sorry!
--------------------------------------------------------------------------
--------------------------------------------------------------------------
Sorry!  You were supposed to get help about:
    orte_init:startup:internal-failure
But I couldn't open the help file:
    /opt/ibm/spectrum_mpi/share/openmpi/help-orte-runtime: No such file or directory.  Sorry!
--------------------------------------------------------------------------
--------------------------------------------------------------------------
Sorry!  You were supposed to get help about:
    mpi_init:startup:internal-failure
But I couldn't open the help file:
    /opt/ibm/spectrum_mpi/share/openmpi/help-mpi-runtime.txt: No such file or directory.  Sorry!
--------------------------------------------------------------------------
*** An error occurred in MPI_Init
*** on a NULL communicator
*** MPI_ERRORS_ARE_FATAL (processes in this communicator will now abort,
***    and potentially your MPI job)
[polus-c2-ib.bmc.hpc.cs.msu.ru:100157] Local abort before MPI_INIT completed completed successfully, but am not able to aggregate error messages, and not able to guarantee that all other processes were killed!
--------------------------------------------------------------------------
Sorry!  You were supposed to get help about:
    opal_init:startup:internal-failure
But I couldn't open the help file:
    /opt/ibm/spectrum_mpi/share/openmpi/help-opal-runtime.txt: No such file or directory.  Sorry!
--------------------------------------------------------------------------
--------------------------------------------------------------------------
Sorry!  You were supposed to get help about:
    orte_init:startup:internal-failure
But I couldn't open the help file:
    /opt/ibm/spectrum_mpi/share/openmpi/help-orte-runtime: No such file or directory.  Sorry!
--------------------------------------------------------------------------
--------------------------------------------------------------------------
Sorry!  You were supposed to get help about:
    mpi_init:startup:internal-failure
But I couldn't open the help file:
    /opt/ibm/spectrum_mpi/share/openmpi/help-mpi-runtime.txt: No such file or directory.  Sorry!
--------------------------------------------------------------------------
*** An error occurred in MPI_Init
*** on a NULL communicator
*** MPI_ERRORS_ARE_FATAL (processes in this communicator will now abort,
***    and potentially your MPI job)
[polus-c2-ib.bmc.hpc.cs.msu.ru:100158] Local abort before MPI_INIT completed completed successfully, but am not able to aggregate error messages, and not able to guarantee that all other processes were killed!
*** An error occurred in MPI_Init
*** on a NULL communicator
*** MPI_ERRORS_ARE_FATAL (processes in this communicator will now abort,
***    and potentially your MPI job)
[polus-c1-ib.bmc.hpc.cs.msu.ru:158026] Local abort before MPI_INIT completed completed successfully, but am not able to aggregate error messages, and not able to guarantee that all other processes were killed!
--------------------------------------------------------------------------
Sorry!  You were supposed to get help about:
    opal_init:startup:internal-failure
But I couldn't open the help file:
    /opt/ibm/spectrum_mpi/share/openmpi/help-opal-runtime.txt: No such file or directory.  Sorry!
--------------------------------------------------------------------------
--------------------------------------------------------------------------
Sorry!  You were supposed to get help about:
    orte_init:startup:internal-failure
But I couldn't open the help file:
    /opt/ibm/spectrum_mpi/share/openmpi/help-orte-runtime: No such file or directory.  Sorry!
--------------------------------------------------------------------------
--------------------------------------------------------------------------
Sorry!  You were supposed to get help about:
    mpi_init:startup:internal-failure
But I couldn't open the help file:
    /opt/ibm/spectrum_mpi/share/openmpi/help-mpi-runtime.txt: No such file or directory.  Sorry!
--------------------------------------------------------------------------
*** An error occurred in MPI_Init
*** on a NULL communicator
*** MPI_ERRORS_ARE_FATAL (processes in this communicator will now abort,
***    and potentially your MPI job)
[polus-c1-ib.bmc.hpc.cs.msu.ru:158027] Local abort before MPI_INIT completed completed successfully, but am not able to aggregate error messages, and not able to guarantee that all other processes were killed!
--------------------------------------------------------------------------
Sorry!  You were supposed to get help about:
    opal_init:startup:internal-failure
But I couldn't open the help file:
    /opt/ibm/spectrum_mpi/share/openmpi/help-opal-runtime.txt: No such file or directory.  Sorry!
--------------------------------------------------------------------------
--------------------------------------------------------------------------
Sorry!  You were supposed to get help about:
    orte_init:startup:internal-failure
But I couldn't open the help file:
    /opt/ibm/spectrum_mpi/share/openmpi/help-orte-runtime: No such file or directory.  Sorry!
--------------------------------------------------------------------------
--------------------------------------------------------------------------
Sorry!  You were supposed to get help about:
    mpi_init:startup:internal-failure
But I couldn't open the help file:
    /opt/ibm/spectrum_mpi/share/openmpi/help-mpi-runtime.txt: No such file or directory.  Sorry!
--------------------------------------------------------------------------
*** An error occurred in MPI_Init
*** on a NULL communicator
*** MPI_ERRORS_ARE_FATAL (processes in this communicator will now abort,
***    and potentially your MPI job)
[polus-c1-ib.bmc.hpc.cs.msu.ru:158028] Local abort before MPI_INIT completed completed successfully, but am not able to aggregate error messages, and not able to guarantee that all other processes were killed!
--------------------------------------------------------------------------
Sorry!  You were supposed to get help about:
    opal_init:startup:internal-failure
But I couldn't open the help file:
    /opt/ibm/spectrum_mpi/share/openmpi/help-opal-runtime.txt: No such file or directory.  Sorry!
--------------------------------------------------------------------------
--------------------------------------------------------------------------
Sorry!  You were supposed to get help about:
    orte_init:startup:internal-failure
But I couldn't open the help file:
    /opt/ibm/spectrum_mpi/share/openmpi/help-orte-runtime: No such file or directory.  Sorry!
--------------------------------------------------------------------------
--------------------------------------------------------------------------
Sorry!  You were supposed to get help about:
    mpi_init:startup:internal-failure
But I couldn't open the help file:
    /opt/ibm/spectrum_mpi/share/openmpi/help-mpi-runtime.txt: No such file or directory.  Sorry!
--------------------------------------------------------------------------
*** An error occurred in MPI_Init
*** on a NULL communicator
*** MPI_ERRORS_ARE_FATAL (processes in this communicator will now abort,
***    and potentially your MPI job)
[polus-c1-ib.bmc.hpc.cs.msu.ru:158029] Local abort before MPI_INIT completed completed successfully, but am not able to aggregate error messages, and not able to guarantee that all other processes were killed!
--------------------------------------------------------------------------
Sorry!  You were supposed to get help about:
    opal_init:startup:internal-failure
But I couldn't open the help file:
    /opt/ibm/spectrum_mpi/share/openmpi/help-opal-runtime.txt: No such file or directory.  Sorry!
--------------------------------------------------------------------------
--------------------------------------------------------------------------
Sorry!  You were supposed to get help about:
    orte_init:startup:internal-failure
But I couldn't open the help file:
    /opt/ibm/spectrum_mpi/share/openmpi/help-orte-runtime: No such file or directory.  Sorry!
--------------------------------------------------------------------------
--------------------------------------------------------------------------
Sorry!  You were supposed to get help about:
    mpi_init:startup:internal-failure
But I couldn't open the help file:
    /opt/ibm/spectrum_mpi/share/openmpi/help-mpi-runtime.txt: No such file or directory.  Sorry!
--------------------------------------------------------------------------
*** An error occurred in MPI_Init
*** on a NULL communicator
*** MPI_ERRORS_ARE_FATAL (processes in this communicator will now abort,
***    and potentially your MPI job)
[polus-c1-ib.bmc.hpc.cs.msu.ru:158030] Local abort before MPI_INIT completed completed successfully, but am not able to aggregate error messages, and not able to guarantee that all other processes were killed!
--------------------------------------------------------------------------
Sorry!  You were supposed to get help about:
    opal_init:startup:internal-failure
But I couldn't open the help file:
    /opt/ibm/spectrum_mpi/share/openmpi/help-opal-runtime.txt: No such file or directory.  Sorry!
--------------------------------------------------------------------------
--------------------------------------------------------------------------
Sorry!  You were supposed to get help about:
    orte_init:startup:internal-failure
But I couldn't open the help file:
    /opt/ibm/spectrum_mpi/share/openmpi/help-orte-runtime: No such file or directory.  Sorry!
--------------------------------------------------------------------------
--------------------------------------------------------------------------
Sorry!  You were supposed to get help about:
    mpi_init:startup:internal-failure
But I couldn't open the help file:
    /opt/ibm/spectrum_mpi/share/openmpi/help-mpi-runtime.txt: No such file or directory.  Sorry!
--------------------------------------------------------------------------
*** An error occurred in MPI_Init
*** on a NULL communicator
*** MPI_ERRORS_ARE_FATAL (processes in this communicator will now abort,
***    and potentially your MPI job)
[polus-c1-ib.bmc.hpc.cs.msu.ru:158031] Local abort before MPI_INIT completed completed successfully, but am not able to aggregate error messages, and not able to guarantee that all other processes were killed!
--------------------------------------------------------------------------
Sorry!  You were supposed to get help about:
    opal_init:startup:internal-failure
But I couldn't open the help file:
    /opt/ibm/spectrum_mpi/share/openmpi/help-opal-runtime.txt: No such file or directory.  Sorry!
--------------------------------------------------------------------------
--------------------------------------------------------------------------
Sorry!  You were supposed to get help about:
    orte_init:startup:internal-failure
But I couldn't open the help file:
    /opt/ibm/spectrum_mpi/share/openmpi/help-orte-runtime: No such file or directory.  Sorry!
--------------------------------------------------------------------------
--------------------------------------------------------------------------
Sorry!  You were supposed to get help about:
    mpi_init:startup:internal-failure
But I couldn't open the help file:
    /opt/ibm/spectrum_mpi/share/openmpi/help-mpi-runtime.txt: No such file or directory.  Sorry!
--------------------------------------------------------------------------
*** An error occurred in MPI_Init
*** on a NULL communicator
*** MPI_ERRORS_ARE_FATAL (processes in this communicator will now abort,
***    and potentially your MPI job)
[polus-c1-ib.bmc.hpc.cs.msu.ru:158032] Local abort before MPI_INIT completed completed successfully, but am not able to aggregate error messages, and not able to guarantee that all other processes were killed!
--------------------------------------------------------------------------
Sorry!  You were supposed to get help about:
    opal_init:startup:internal-failure
But I couldn't open the help file:
    /opt/ibm/spectrum_mpi/share/openmpi/help-opal-runtime.txt: No such file or directory.  Sorry!
--------------------------------------------------------------------------
--------------------------------------------------------------------------
Sorry!  You were supposed to get help about:
    orte_init:startup:internal-failure
But I couldn't open the help file:
    /opt/ibm/spectrum_mpi/share/openmpi/help-orte-runtime: No such file or directory.  Sorry!
--------------------------------------------------------------------------
--------------------------------------------------------------------------
Sorry!  You were supposed to get help about:
    mpi_init:startup:internal-failure
But I couldn't open the help file:
    /opt/ibm/spectrum_mpi/share/openmpi/help-mpi-runtime.txt: No such file or directory.  Sorry!
--------------------------------------------------------------------------
--------------------------------------------------------------------------
Sorry!  You were supposed to get help about:
    opal_init:startup:internal-failure
But I couldn't open the help file:
    /opt/ibm/spectrum_mpi/share/openmpi/help-opal-runtime.txt: No such file or directory.  Sorry!
--------------------------------------------------------------------------
--------------------------------------------------------------------------
Sorry!  You were supposed to get help about:
    orte_init:startup:internal-failure
But I couldn't open the help file:
    /opt/ibm/spectrum_mpi/share/openmpi/help-orte-runtime: No such file or directory.  Sorry!
--------------------------------------------------------------------------
--------------------------------------------------------------------------
Sorry!  You were supposed to get help about:
    mpi_init:startup:internal-failure
But I couldn't open the help file:
    /opt/ibm/spectrum_mpi/share/openmpi/help-mpi-runtime.txt: No such file or directory.  Sorry!
--------------------------------------------------------------------------
*** An error occurred in MPI_Init
*** on a NULL communicator
*** MPI_ERRORS_ARE_FATAL (processes in this communicator will now abort,
***    and potentially your MPI job)
[polus-c1-ib.bmc.hpc.cs.msu.ru:158034] Local abort before MPI_INIT completed completed successfully, but am not able to aggregate error messages, and not able to guarantee that all other processes were killed!
*** An error occurred in MPI_Init
*** on a NULL communicator
*** MPI_ERRORS_ARE_FATAL (processes in this communicator will now abort,
***    and potentially your MPI job)
[polus-c4-ib.bmc.hpc.cs.msu.ru:100872] Local abort before MPI_INIT completed completed successfully, but am not able to aggregate error messages, and not able to guarantee that all other processes were killed!
--------------------------------------------------------------------------
Sorry!  You were supposed to get help about:
    opal_init:startup:internal-failure
But I couldn't open the help file:
    /opt/ibm/spectrum_mpi/share/openmpi/help-opal-runtime.txt: No such file or directory.  Sorry!
--------------------------------------------------------------------------
--------------------------------------------------------------------------
Sorry!  You were supposed to get help about:
    orte_init:startup:internal-failure
But I couldn't open the help file:
    /opt/ibm/spectrum_mpi/share/openmpi/help-orte-runtime: No such file or directory.  Sorry!
--------------------------------------------------------------------------
--------------------------------------------------------------------------
Sorry!  You were supposed to get help about:
    mpi_init:startup:internal-failure
But I couldn't open the help file:
    /opt/ibm/spectrum_mpi/share/openmpi/help-mpi-runtime.txt: No such file or directory.  Sorry!
--------------------------------------------------------------------------
*** An error occurred in MPI_Init
*** on a NULL communicator
*** MPI_ERRORS_ARE_FATAL (processes in this communicator will now abort,
***    and potentially your MPI job)
[polus-c4-ib.bmc.hpc.cs.msu.ru:100873] Local abort before MPI_INIT completed completed successfully, but am not able to aggregate error messages, and not able to guarantee that all other processes were killed!
--------------------------------------------------------------------------
Sorry!  You were supposed to get help about:
    opal_init:startup:internal-failure
But I couldn't open the help file:
    /opt/ibm/spectrum_mpi/share/openmpi/help-opal-runtime.txt: No such file or directory.  Sorry!
--------------------------------------------------------------------------
--------------------------------------------------------------------------
Sorry!  You were supposed to get help about:
    orte_init:startup:internal-failure
But I couldn't open the help file:
    /opt/ibm/spectrum_mpi/share/openmpi/help-orte-runtime: No such file or directory.  Sorry!
--------------------------------------------------------------------------
--------------------------------------------------------------------------
Sorry!  You were supposed to get help about:
    mpi_init:startup:internal-failure
But I couldn't open the help file:
    /opt/ibm/spectrum_mpi/share/openmpi/help-mpi-runtime.txt: No such file or directory.  Sorry!
--------------------------------------------------------------------------
*** An error occurred in MPI_Init
*** on a NULL communicator
*** MPI_ERRORS_ARE_FATAL (processes in this communicator will now abort,
***    and potentially your MPI job)
[polus-c4-ib.bmc.hpc.cs.msu.ru:100874] Local abort before MPI_INIT completed completed successfully, but am not able to aggregate error messages, and not able to guarantee that all other processes were killed!
--------------------------------------------------------------------------
Sorry!  You were supposed to get help about:
    opal_init:startup:internal-failure
But I couldn't open the help file:
    /opt/ibm/spectrum_mpi/share/openmpi/help-opal-runtime.txt: No such file or directory.  Sorry!
--------------------------------------------------------------------------
--------------------------------------------------------------------------
Sorry!  You were supposed to get help about:
    orte_init:startup:internal-failure
But I couldn't open the help file:
    /opt/ibm/spectrum_mpi/share/openmpi/help-orte-runtime: No such file or directory.  Sorry!
--------------------------------------------------------------------------
--------------------------------------------------------------------------
Sorry!  You were supposed to get help about:
    mpi_init:startup:internal-failure
But I couldn't open the help file:
    /opt/ibm/spectrum_mpi/share/openmpi/help-mpi-runtime.txt: No such file or directory.  Sorry!
--------------------------------------------------------------------------
*** An error occurred in MPI_Init
*** on a NULL communicator
*** MPI_ERRORS_ARE_FATAL (processes in this communicator will now abort,
***    and potentially your MPI job)
[polus-c4-ib.bmc.hpc.cs.msu.ru:100875] Local abort before MPI_INIT completed completed successfully, but am not able to aggregate error messages, and not able to guarantee that all other processes were killed!
--------------------------------------------------------------------------
Sorry!  You were supposed to get help about:
    opal_init:startup:internal-failure
But I couldn't open the help file:
    /opt/ibm/spectrum_mpi/share/openmpi/help-opal-runtime.txt: No such file or directory.  Sorry!
--------------------------------------------------------------------------
--------------------------------------------------------------------------
Sorry!  You were supposed to get help about:
    orte_init:startup:internal-failure
But I couldn't open the help file:
    /opt/ibm/spectrum_mpi/share/openmpi/help-orte-runtime: No such file or directory.  Sorry!
--------------------------------------------------------------------------
--------------------------------------------------------------------------
Sorry!  You were supposed to get help about:
    mpi_init:startup:internal-failure
But I couldn't open the help file:
    /opt/ibm/spectrum_mpi/share/openmpi/help-mpi-runtime.txt: No such file or directory.  Sorry!
--------------------------------------------------------------------------
*** An error occurred in MPI_Init
*** on a NULL communicator
*** MPI_ERRORS_ARE_FATAL (processes in this communicator will now abort,
***    and potentially your MPI job)
[polus-c4-ib.bmc.hpc.cs.msu.ru:100858] Local abort before MPI_INIT completed completed successfully, but am not able to aggregate error messages, and not able to guarantee that all other processes were killed!
--------------------------------------------------------------------------
Sorry!  You were supposed to get help about:
    opal_init:startup:internal-failure
But I couldn't open the help file:
    /opt/ibm/spectrum_mpi/share/openmpi/help-opal-runtime.txt: No such file or directory.  Sorry!
--------------------------------------------------------------------------
--------------------------------------------------------------------------
Sorry!  You were supposed to get help about:
    orte_init:startup:internal-failure
But I couldn't open the help file:
    /opt/ibm/spectrum_mpi/share/openmpi/help-orte-runtime: No such file or directory.  Sorry!
--------------------------------------------------------------------------
--------------------------------------------------------------------------
Sorry!  You were supposed to get help about:
    mpi_init:startup:internal-failure
But I couldn't open the help file:
    /opt/ibm/spectrum_mpi/share/openmpi/help-mpi-runtime.txt: No such file or directory.  Sorry!
--------------------------------------------------------------------------
*** An error occurred in MPI_Init
*** on a NULL communicator
*** MPI_ERRORS_ARE_FATAL (processes in this communicator will now abort,
***    and potentially your MPI job)
[polus-c4-ib.bmc.hpc.cs.msu.ru:100859] Local abort before MPI_INIT completed completed successfully, but am not able to aggregate error messages, and not able to guarantee that all other processes were killed!
--------------------------------------------------------------------------
Sorry!  You were supposed to get help about:
    opal_init:startup:internal-failure
But I couldn't open the help file:
    /opt/ibm/spectrum_mpi/share/openmpi/help-opal-runtime.txt: No such file or directory.  Sorry!
--------------------------------------------------------------------------
--------------------------------------------------------------------------
Sorry!  You were supposed to get help about:
    orte_init:startup:internal-failure
But I couldn't open the help file:
    /opt/ibm/spectrum_mpi/share/openmpi/help-orte-runtime: No such file or directory.  Sorry!
--------------------------------------------------------------------------
--------------------------------------------------------------------------
Sorry!  You were supposed to get help about:
    mpi_init:startup:internal-failure
But I couldn't open the help file:
    /opt/ibm/spectrum_mpi/share/openmpi/help-mpi-runtime.txt: No such file or directory.  Sorry!
--------------------------------------------------------------------------
*** An error occurred in MPI_Init
*** on a NULL communicator
*** MPI_ERRORS_ARE_FATAL (processes in this communicator will now abort,
***    and potentially your MPI job)
[polus-c4-ib.bmc.hpc.cs.msu.ru:100860] Local abort before MPI_INIT completed completed successfully, but am not able to aggregate error messages, and not able to guarantee that all other processes were killed!
--------------------------------------------------------------------------
Sorry!  You were supposed to get help about:
    opal_init:startup:internal-failure
But I couldn't open the help file:
    /opt/ibm/spectrum_mpi/share/openmpi/help-opal-runtime.txt: No such file or directory.  Sorry!
--------------------------------------------------------------------------
--------------------------------------------------------------------------
Sorry!  You were supposed to get help about:
    orte_init:startup:internal-failure
But I couldn't open the help file:
    /opt/ibm/spectrum_mpi/share/openmpi/help-orte-runtime: No such file or directory.  Sorry!
--------------------------------------------------------------------------
--------------------------------------------------------------------------
Sorry!  You were supposed to get help about:
    mpi_init:startup:internal-failure
But I couldn't open the help file:
    /opt/ibm/spectrum_mpi/share/openmpi/help-mpi-runtime.txt: No such file or directory.  Sorry!
--------------------------------------------------------------------------
*** An error occurred in MPI_Init
*** on a NULL communicator
*** MPI_ERRORS_ARE_FATAL (processes in this communicator will now abort,
***    and potentially your MPI job)
[polus-c4-ib.bmc.hpc.cs.msu.ru:100861] Local abort before MPI_INIT completed completed successfully, but am not able to aggregate error messages, and not able to guarantee that all other processes were killed!
--------------------------------------------------------------------------
Sorry!  You were supposed to get help about:
    opal_init:startup:internal-failure
But I couldn't open the help file:
    /opt/ibm/spectrum_mpi/share/openmpi/help-opal-runtime.txt: No such file or directory.  Sorry!
--------------------------------------------------------------------------
--------------------------------------------------------------------------
Sorry!  You were supposed to get help about:
    orte_init:startup:internal-failure
But I couldn't open the help file:
    /opt/ibm/spectrum_mpi/share/openmpi/help-orte-runtime: No such file or directory.  Sorry!
--------------------------------------------------------------------------
--------------------------------------------------------------------------
Sorry!  You were supposed to get help about:
    mpi_init:startup:internal-failure
But I couldn't open the help file:
    /opt/ibm/spectrum_mpi/share/openmpi/help-mpi-runtime.txt: No such file or directory.  Sorry!
--------------------------------------------------------------------------
*** An error occurred in MPI_Init
*** on a NULL communicator
*** MPI_ERRORS_ARE_FATAL (processes in this communicator will now abort,
***    and potentially your MPI job)
[polus-c4-ib.bmc.hpc.cs.msu.ru:100862] Local abort before MPI_INIT completed completed successfully, but am not able to aggregate error messages, and not able to guarantee that all other processes were killed!
--------------------------------------------------------------------------
Sorry!  You were supposed to get help about:
    opal_init:startup:internal-failure
But I couldn't open the help file:
    /opt/ibm/spectrum_mpi/share/openmpi/help-opal-runtime.txt: No such file or directory.  Sorry!
--------------------------------------------------------------------------
--------------------------------------------------------------------------
Sorry!  You were supposed to get help about:
    orte_init:startup:internal-failure
But I couldn't open the help file:
    /opt/ibm/spectrum_mpi/share/openmpi/help-orte-runtime: No such file or directory.  Sorry!
--------------------------------------------------------------------------
--------------------------------------------------------------------------
Sorry!  You were supposed to get help about:
    mpi_init:startup:internal-failure
But I couldn't open the help file:
    /opt/ibm/spectrum_mpi/share/openmpi/help-mpi-runtime.txt: No such file or directory.  Sorry!
--------------------------------------------------------------------------
*** An error occurred in MPI_Init
*** on a NULL communicator
*** MPI_ERRORS_ARE_FATAL (processes in this communicator will now abort,
***    and potentially your MPI job)
[polus-c4-ib.bmc.hpc.cs.msu.ru:100863] Local abort before MPI_INIT completed completed successfully, but am not able to aggregate error messages, and not able to guarantee that all other processes were killed!
--------------------------------------------------------------------------
Sorry!  You were supposed to get help about:
    opal_init:startup:internal-failure
But I couldn't open the help file:
    /opt/ibm/spectrum_mpi/share/openmpi/help-opal-runtime.txt: No such file or directory.  Sorry!
--------------------------------------------------------------------------
--------------------------------------------------------------------------
Sorry!  You were supposed to get help about:
    orte_init:startup:internal-failure
But I couldn't open the help file:
    /opt/ibm/spectrum_mpi/share/openmpi/help-orte-runtime: No such file or directory.  Sorry!
--------------------------------------------------------------------------
--------------------------------------------------------------------------
Sorry!  You were supposed to get help about:
    mpi_init:startup:internal-failure
But I couldn't open the help file:
    /opt/ibm/spectrum_mpi/share/openmpi/help-mpi-runtime.txt: No such file or directory.  Sorry!
--------------------------------------------------------------------------
*** An error occurred in MPI_Init
*** on a NULL communicator
*** MPI_ERRORS_ARE_FATAL (processes in this communicator will now abort,
***    and potentially your MPI job)
[polus-c4-ib.bmc.hpc.cs.msu.ru:100864] Local abort before MPI_INIT completed completed successfully, but am not able to aggregate error messages, and not able to guarantee that all other processes were killed!
--------------------------------------------------------------------------
Sorry!  You were supposed to get help about:
    opal_init:startup:internal-failure
But I couldn't open the help file:
    /opt/ibm/spectrum_mpi/share/openmpi/help-opal-runtime.txt: No such file or directory.  Sorry!
--------------------------------------------------------------------------
--------------------------------------------------------------------------
Sorry!  You were supposed to get help about:
    orte_init:startup:internal-failure
But I couldn't open the help file:
    /opt/ibm/spectrum_mpi/share/openmpi/help-orte-runtime: No such file or directory.  Sorry!
--------------------------------------------------------------------------
--------------------------------------------------------------------------
Sorry!  You were supposed to get help about:
    mpi_init:startup:internal-failure
But I couldn't open the help file:
    /opt/ibm/spectrum_mpi/share/openmpi/help-mpi-runtime.txt: No such file or directory.  Sorry!
--------------------------------------------------------------------------
*** An error occurred in MPI_Init
*** on a NULL communicator
*** MPI_ERRORS_ARE_FATAL (processes in this communicator will now abort,
***    and potentially your MPI job)
[polus-c4-ib.bmc.hpc.cs.msu.ru:100865] Local abort before MPI_INIT completed completed successfully, but am not able to aggregate error messages, and not able to guarantee that all other processes were killed!
--------------------------------------------------------------------------
Sorry!  You were supposed to get help about:
    opal_init:startup:internal-failure
But I couldn't open the help file:
    /opt/ibm/spectrum_mpi/share/openmpi/help-opal-runtime.txt: No such file or directory.  Sorry!
--------------------------------------------------------------------------
--------------------------------------------------------------------------
Sorry!  You were supposed to get help about:
    orte_init:startup:internal-failure
But I couldn't open the help file:
    /opt/ibm/spectrum_mpi/share/openmpi/help-orte-runtime: No such file or directory.  Sorry!
--------------------------------------------------------------------------
--------------------------------------------------------------------------
Sorry!  You were supposed to get help about:
    mpi_init:startup:internal-failure
But I couldn't open the help file:
    /opt/ibm/spectrum_mpi/share/openmpi/help-mpi-runtime.txt: No such file or directory.  Sorry!
--------------------------------------------------------------------------
*** An error occurred in MPI_Init
*** on a NULL communicator
*** MPI_ERRORS_ARE_FATAL (processes in this communicator will now abort,
***    and potentially your MPI job)
[polus-c4-ib.bmc.hpc.cs.msu.ru:100867] Local abort before MPI_INIT completed completed successfully, but am not able to aggregate error messages, and not able to guarantee that all other processes were killed!
--------------------------------------------------------------------------
Sorry!  You were supposed to get help about:
    opal_init:startup:internal-failure
But I couldn't open the help file:
    /opt/ibm/spectrum_mpi/share/openmpi/help-opal-runtime.txt: No such file or directory.  Sorry!
--------------------------------------------------------------------------
--------------------------------------------------------------------------
Sorry!  You were supposed to get help about:
    orte_init:startup:internal-failure
But I couldn't open the help file:
    /opt/ibm/spectrum_mpi/share/openmpi/help-orte-runtime: No such file or directory.  Sorry!
--------------------------------------------------------------------------
--------------------------------------------------------------------------
Sorry!  You were supposed to get help about:
    mpi_init:startup:internal-failure
But I couldn't open the help file:
    /opt/ibm/spectrum_mpi/share/openmpi/help-mpi-runtime.txt: No such file or directory.  Sorry!
--------------------------------------------------------------------------
*** An error occurred in MPI_Init
*** on a NULL communicator
*** MPI_ERRORS_ARE_FATAL (processes in this communicator will now abort,
***    and potentially your MPI job)
[polus-c4-ib.bmc.hpc.cs.msu.ru:100868] Local abort before MPI_INIT completed completed successfully, but am not able to aggregate error messages, and not able to guarantee that all other processes were killed!
--------------------------------------------------------------------------
Sorry!  You were supposed to get help about:
    opal_init:startup:internal-failure
But I couldn't open the help file:
    /opt/ibm/spectrum_mpi/share/openmpi/help-opal-runtime.txt: No such file or directory.  Sorry!
--------------------------------------------------------------------------
--------------------------------------------------------------------------
Sorry!  You were supposed to get help about:
    orte_init:startup:internal-failure
But I couldn't open the help file:
    /opt/ibm/spectrum_mpi/share/openmpi/help-orte-runtime: No such file or directory.  Sorry!
--------------------------------------------------------------------------
--------------------------------------------------------------------------
Sorry!  You were supposed to get help about:
    mpi_init:startup:internal-failure
But I couldn't open the help file:
    /opt/ibm/spectrum_mpi/share/openmpi/help-mpi-runtime.txt: No such file or directory.  Sorry!
--------------------------------------------------------------------------
*** An error occurred in MPI_Init
*** on a NULL communicator
*** MPI_ERRORS_ARE_FATAL (processes in this communicator will now abort,
***    and potentially your MPI job)
[polus-c4-ib.bmc.hpc.cs.msu.ru:100869] Local abort before MPI_INIT completed completed successfully, but am not able to aggregate error messages, and not able to guarantee that all other processes were killed!
--------------------------------------------------------------------------
Sorry!  You were supposed to get help about:
    opal_init:startup:internal-failure
But I couldn't open the help file:
    /opt/ibm/spectrum_mpi/share/openmpi/help-opal-runtime.txt: No such file or directory.  Sorry!
--------------------------------------------------------------------------
--------------------------------------------------------------------------
Sorry!  You were supposed to get help about:
    orte_init:startup:internal-failure
But I couldn't open the help file:
    /opt/ibm/spectrum_mpi/share/openmpi/help-orte-runtime: No such file or directory.  Sorry!
--------------------------------------------------------------------------
--------------------------------------------------------------------------
Sorry!  You were supposed to get help about:
    mpi_init:startup:internal-failure
But I couldn't open the help file:
    /opt/ibm/spectrum_mpi/share/openmpi/help-mpi-runtime.txt: No such file or directory.  Sorry!
--------------------------------------------------------------------------
*** An error occurred in MPI_Init
*** on a NULL communicator
*** MPI_ERRORS_ARE_FATAL (processes in this communicator will now abort,
***    and potentially your MPI job)
[polus-c4-ib.bmc.hpc.cs.msu.ru:100871] Local abort before MPI_INIT completed completed successfully, but am not able to aggregate error messages, and not able to guarantee that all other processes were killed!
--------------------------------------------------------------------------
Sorry!  You were supposed to get help about:
    opal_init:startup:internal-failure
But I couldn't open the help file:
    /opt/ibm/spectrum_mpi/share/openmpi/help-opal-runtime.txt: No such file or directory.  Sorry!
--------------------------------------------------------------------------
--------------------------------------------------------------------------
Sorry!  You were supposed to get help about:
    orte_init:startup:internal-failure
But I couldn't open the help file:
    /opt/ibm/spectrum_mpi/share/openmpi/help-orte-runtime: No such file or directory.  Sorry!
--------------------------------------------------------------------------
--------------------------------------------------------------------------
Sorry!  You were supposed to get help about:
    mpi_init:startup:internal-failure
But I couldn't open the help file:
    /opt/ibm/spectrum_mpi/share/openmpi/help-mpi-runtime.txt: No such file or directory.  Sorry!
--------------------------------------------------------------------------
--------------------------------------------------------------------------
Sorry!  You were supposed to get help about:
    opal_init:startup:internal-failure
But I couldn't open the help file:
    /opt/ibm/spectrum_mpi/share/openmpi/help-opal-runtime.txt: No such file or directory.  Sorry!
--------------------------------------------------------------------------
--------------------------------------------------------------------------
Sorry!  You were supposed to get help about:
    orte_init:startup:internal-failure
But I couldn't open the help file:
    /opt/ibm/spectrum_mpi/share/openmpi/help-orte-runtime: No such file or directory.  Sorry!
--------------------------------------------------------------------------
--------------------------------------------------------------------------
Sorry!  You were supposed to get help about:
    mpi_init:startup:internal-failure
But I couldn't open the help file:
    /opt/ibm/spectrum_mpi/share/openmpi/help-mpi-runtime.txt: No such file or directory.  Sorry!
--------------------------------------------------------------------------
*** An error occurred in MPI_Init
*** on a NULL communicator
*** MPI_ERRORS_ARE_FATAL (processes in this communicator will now abort,
***    and potentially your MPI job)
[polus-c4-ib.bmc.hpc.cs.msu.ru:100876] Local abort before MPI_INIT completed completed successfully, but am not able to aggregate error messages, and not able to guarantee that all other processes were killed!
*** An error occurred in MPI_Init
*** on a NULL communicator
*** MPI_ERRORS_ARE_FATAL (processes in this communicator will now abort,
***    and potentially your MPI job)
[polus-c3-ib.bmc.hpc.cs.msu.ru:41892] Local abort before MPI_INIT completed completed successfully, but am not able to aggregate error messages, and not able to guarantee that all other processes were killed!
--------------------------------------------------------------------------
Sorry!  You were supposed to get help about:
    opal_init:startup:internal-failure
But I couldn't open the help file:
    /opt/ibm/spectrum_mpi/share/openmpi/help-opal-runtime.txt: No such file or directory.  Sorry!
--------------------------------------------------------------------------
--------------------------------------------------------------------------
Sorry!  You were supposed to get help about:
    orte_init:startup:internal-failure
But I couldn't open the help file:
    /opt/ibm/spectrum_mpi/share/openmpi/help-orte-runtime: No such file or directory.  Sorry!
--------------------------------------------------------------------------
--------------------------------------------------------------------------
Sorry!  You were supposed to get help about:
    mpi_init:startup:internal-failure
But I couldn't open the help file:
    /opt/ibm/spectrum_mpi/share/openmpi/help-mpi-runtime.txt: No such file or directory.  Sorry!
--------------------------------------------------------------------------
*** An error occurred in MPI_Init
*** on a NULL communicator
*** MPI_ERRORS_ARE_FATAL (processes in this communicator will now abort,
***    and potentially your MPI job)
[polus-c3-ib.bmc.hpc.cs.msu.ru:41893] Local abort before MPI_INIT completed completed successfully, but am not able to aggregate error messages, and not able to guarantee that all other processes were killed!
--------------------------------------------------------------------------
Sorry!  You were supposed to get help about:
    opal_init:startup:internal-failure
But I couldn't open the help file:
    /opt/ibm/spectrum_mpi/share/openmpi/help-opal-runtime.txt: No such file or directory.  Sorry!
--------------------------------------------------------------------------
--------------------------------------------------------------------------
Sorry!  You were supposed to get help about:
    orte_init:startup:internal-failure
But I couldn't open the help file:
    /opt/ibm/spectrum_mpi/share/openmpi/help-orte-runtime: No such file or directory.  Sorry!
--------------------------------------------------------------------------
--------------------------------------------------------------------------
Sorry!  You were supposed to get help about:
    mpi_init:startup:internal-failure
But I couldn't open the help file:
    /opt/ibm/spectrum_mpi/share/openmpi/help-mpi-runtime.txt: No such file or directory.  Sorry!
--------------------------------------------------------------------------
*** An error occurred in MPI_Init
*** on a NULL communicator
*** MPI_ERRORS_ARE_FATAL (processes in this communicator will now abort,
***    and potentially your MPI job)
[polus-c3-ib.bmc.hpc.cs.msu.ru:41894] Local abort before MPI_INIT completed completed successfully, but am not able to aggregate error messages, and not able to guarantee that all other processes were killed!
--------------------------------------------------------------------------
Sorry!  You were supposed to get help about:
    opal_init:startup:internal-failure
But I couldn't open the help file:
    /opt/ibm/spectrum_mpi/share/openmpi/help-opal-runtime.txt: No such file or directory.  Sorry!
--------------------------------------------------------------------------
--------------------------------------------------------------------------
Sorry!  You were supposed to get help about:
    orte_init:startup:internal-failure
But I couldn't open the help file:
    /opt/ibm/spectrum_mpi/share/openmpi/help-orte-runtime: No such file or directory.  Sorry!
--------------------------------------------------------------------------
--------------------------------------------------------------------------
Sorry!  You were supposed to get help about:
    mpi_init:startup:internal-failure
But I couldn't open the help file:
    /opt/ibm/spectrum_mpi/share/openmpi/help-mpi-runtime.txt: No such file or directory.  Sorry!
--------------------------------------------------------------------------
*** An error occurred in MPI_Init
*** on a NULL communicator
*** MPI_ERRORS_ARE_FATAL (processes in this communicator will now abort,
***    and potentially your MPI job)
[polus-c3-ib.bmc.hpc.cs.msu.ru:41895] Local abort before MPI_INIT completed completed successfully, but am not able to aggregate error messages, and not able to guarantee that all other processes were killed!
--------------------------------------------------------------------------
Sorry!  You were supposed to get help about:
    opal_init:startup:internal-failure
But I couldn't open the help file:
    /opt/ibm/spectrum_mpi/share/openmpi/help-opal-runtime.txt: No such file or directory.  Sorry!
--------------------------------------------------------------------------
--------------------------------------------------------------------------
Sorry!  You were supposed to get help about:
    orte_init:startup:internal-failure
But I couldn't open the help file:
    /opt/ibm/spectrum_mpi/share/openmpi/help-orte-runtime: No such file or directory.  Sorry!
--------------------------------------------------------------------------
--------------------------------------------------------------------------
Sorry!  You were supposed to get help about:
    mpi_init:startup:internal-failure
But I couldn't open the help file:
    /opt/ibm/spectrum_mpi/share/openmpi/help-mpi-runtime.txt: No such file or directory.  Sorry!
--------------------------------------------------------------------------
*** An error occurred in MPI_Init
*** on a NULL communicator
*** MPI_ERRORS_ARE_FATAL (processes in this communicator will now abort,
***    and potentially your MPI job)
[polus-c3-ib.bmc.hpc.cs.msu.ru:41880] Local abort before MPI_INIT completed completed successfully, but am not able to aggregate error messages, and not able to guarantee that all other processes were killed!
--------------------------------------------------------------------------
Sorry!  You were supposed to get help about:
    opal_init:startup:internal-failure
But I couldn't open the help file:
    /opt/ibm/spectrum_mpi/share/openmpi/help-opal-runtime.txt: No such file or directory.  Sorry!
--------------------------------------------------------------------------
--------------------------------------------------------------------------
Sorry!  You were supposed to get help about:
    orte_init:startup:internal-failure
But I couldn't open the help file:
    /opt/ibm/spectrum_mpi/share/openmpi/help-orte-runtime: No such file or directory.  Sorry!
--------------------------------------------------------------------------
--------------------------------------------------------------------------
Sorry!  You were supposed to get help about:
    mpi_init:startup:internal-failure
But I couldn't open the help file:
    /opt/ibm/spectrum_mpi/share/openmpi/help-mpi-runtime.txt: No such file or directory.  Sorry!
--------------------------------------------------------------------------
*** An error occurred in MPI_Init
*** on a NULL communicator
*** MPI_ERRORS_ARE_FATAL (processes in this communicator will now abort,
***    and potentially your MPI job)
[polus-c3-ib.bmc.hpc.cs.msu.ru:41881] Local abort before MPI_INIT completed completed successfully, but am not able to aggregate error messages, and not able to guarantee that all other processes were killed!
--------------------------------------------------------------------------
Sorry!  You were supposed to get help about:
    opal_init:startup:internal-failure
But I couldn't open the help file:
    /opt/ibm/spectrum_mpi/share/openmpi/help-opal-runtime.txt: No such file or directory.  Sorry!
--------------------------------------------------------------------------
--------------------------------------------------------------------------
Sorry!  You were supposed to get help about:
    orte_init:startup:internal-failure
But I couldn't open the help file:
    /opt/ibm/spectrum_mpi/share/openmpi/help-orte-runtime: No such file or directory.  Sorry!
--------------------------------------------------------------------------
--------------------------------------------------------------------------
Sorry!  You were supposed to get help about:
    mpi_init:startup:internal-failure
But I couldn't open the help file:
    /opt/ibm/spectrum_mpi/share/openmpi/help-mpi-runtime.txt: No such file or directory.  Sorry!
--------------------------------------------------------------------------
*** An error occurred in MPI_Init
*** on a NULL communicator
*** MPI_ERRORS_ARE_FATAL (processes in this communicator will now abort,
***    and potentially your MPI job)
[polus-c3-ib.bmc.hpc.cs.msu.ru:41882] Local abort before MPI_INIT completed completed successfully, but am not able to aggregate error messages, and not able to guarantee that all other processes were killed!
--------------------------------------------------------------------------
Sorry!  You were supposed to get help about:
    opal_init:startup:internal-failure
But I couldn't open the help file:
    /opt/ibm/spectrum_mpi/share/openmpi/help-opal-runtime.txt: No such file or directory.  Sorry!
--------------------------------------------------------------------------
--------------------------------------------------------------------------
Sorry!  You were supposed to get help about:
    orte_init:startup:internal-failure
But I couldn't open the help file:
    /opt/ibm/spectrum_mpi/share/openmpi/help-orte-runtime: No such file or directory.  Sorry!
--------------------------------------------------------------------------
--------------------------------------------------------------------------
Sorry!  You were supposed to get help about:
    mpi_init:startup:internal-failure
But I couldn't open the help file:
    /opt/ibm/spectrum_mpi/share/openmpi/help-mpi-runtime.txt: No such file or directory.  Sorry!
--------------------------------------------------------------------------
*** An error occurred in MPI_Init
*** on a NULL communicator
*** MPI_ERRORS_ARE_FATAL (processes in this communicator will now abort,
***    and potentially your MPI job)
[polus-c3-ib.bmc.hpc.cs.msu.ru:41883] Local abort before MPI_INIT completed completed successfully, but am not able to aggregate error messages, and not able to guarantee that all other processes were killed!
--------------------------------------------------------------------------
Sorry!  You were supposed to get help about:
    opal_init:startup:internal-failure
But I couldn't open the help file:
    /opt/ibm/spectrum_mpi/share/openmpi/help-opal-runtime.txt: No such file or directory.  Sorry!
--------------------------------------------------------------------------
--------------------------------------------------------------------------
Sorry!  You were supposed to get help about:
    orte_init:startup:internal-failure
But I couldn't open the help file:
    /opt/ibm/spectrum_mpi/share/openmpi/help-orte-runtime: No such file or directory.  Sorry!
--------------------------------------------------------------------------
--------------------------------------------------------------------------
Sorry!  You were supposed to get help about:
    mpi_init:startup:internal-failure
But I couldn't open the help file:
    /opt/ibm/spectrum_mpi/share/openmpi/help-mpi-runtime.txt: No such file or directory.  Sorry!
--------------------------------------------------------------------------
*** An error occurred in MPI_Init
*** on a NULL communicator
*** MPI_ERRORS_ARE_FATAL (processes in this communicator will now abort,
***    and potentially your MPI job)
[polus-c3-ib.bmc.hpc.cs.msu.ru:41884] Local abort before MPI_INIT completed completed successfully, but am not able to aggregate error messages, and not able to guarantee that all other processes were killed!
--------------------------------------------------------------------------
Sorry!  You were supposed to get help about:
    opal_init:startup:internal-failure
But I couldn't open the help file:
    /opt/ibm/spectrum_mpi/share/openmpi/help-opal-runtime.txt: No such file or directory.  Sorry!
--------------------------------------------------------------------------
--------------------------------------------------------------------------
Sorry!  You were supposed to get help about:
    orte_init:startup:internal-failure
But I couldn't open the help file:
    /opt/ibm/spectrum_mpi/share/openmpi/help-orte-runtime: No such file or directory.  Sorry!
--------------------------------------------------------------------------
--------------------------------------------------------------------------
Sorry!  You were supposed to get help about:
    mpi_init:startup:internal-failure
But I couldn't open the help file:
    /opt/ibm/spectrum_mpi/share/openmpi/help-mpi-runtime.txt: No such file or directory.  Sorry!
--------------------------------------------------------------------------
*** An error occurred in MPI_Init
*** on a NULL communicator
*** MPI_ERRORS_ARE_FATAL (processes in this communicator will now abort,
***    and potentially your MPI job)
[polus-c3-ib.bmc.hpc.cs.msu.ru:41885] Local abort before MPI_INIT completed completed successfully, but am not able to aggregate error messages, and not able to guarantee that all other processes were killed!
--------------------------------------------------------------------------
Sorry!  You were supposed to get help about:
    opal_init:startup:internal-failure
But I couldn't open the help file:
    /opt/ibm/spectrum_mpi/share/openmpi/help-opal-runtime.txt: No such file or directory.  Sorry!
--------------------------------------------------------------------------
--------------------------------------------------------------------------
Sorry!  You were supposed to get help about:
    orte_init:startup:internal-failure
But I couldn't open the help file:
    /opt/ibm/spectrum_mpi/share/openmpi/help-orte-runtime: No such file or directory.  Sorry!
--------------------------------------------------------------------------
--------------------------------------------------------------------------
Sorry!  You were supposed to get help about:
    mpi_init:startup:internal-failure
But I couldn't open the help file:
    /opt/ibm/spectrum_mpi/share/openmpi/help-mpi-runtime.txt: No such file or directory.  Sorry!
--------------------------------------------------------------------------
*** An error occurred in MPI_Init
*** on a NULL communicator
*** MPI_ERRORS_ARE_FATAL (processes in this communicator will now abort,
***    and potentially your MPI job)
[polus-c3-ib.bmc.hpc.cs.msu.ru:41886] Local abort before MPI_INIT completed completed successfully, but am not able to aggregate error messages, and not able to guarantee that all other processes were killed!
--------------------------------------------------------------------------
Sorry!  You were supposed to get help about:
    opal_init:startup:internal-failure
But I couldn't open the help file:
    /opt/ibm/spectrum_mpi/share/openmpi/help-opal-runtime.txt: No such file or directory.  Sorry!
--------------------------------------------------------------------------
--------------------------------------------------------------------------
Sorry!  You were supposed to get help about:
    orte_init:startup:internal-failure
But I couldn't open the help file:
    /opt/ibm/spectrum_mpi/share/openmpi/help-orte-runtime: No such file or directory.  Sorry!
--------------------------------------------------------------------------
--------------------------------------------------------------------------
Sorry!  You were supposed to get help about:
    mpi_init:startup:internal-failure
But I couldn't open the help file:
    /opt/ibm/spectrum_mpi/share/openmpi/help-mpi-runtime.txt: No such file or directory.  Sorry!
--------------------------------------------------------------------------
*** An error occurred in MPI_Init
*** on a NULL communicator
*** MPI_ERRORS_ARE_FATAL (processes in this communicator will now abort,
***    and potentially your MPI job)
[polus-c3-ib.bmc.hpc.cs.msu.ru:41887] Local abort before MPI_INIT completed completed successfully, but am not able to aggregate error messages, and not able to guarantee that all other processes were killed!
--------------------------------------------------------------------------
Sorry!  You were supposed to get help about:
    opal_init:startup:internal-failure
But I couldn't open the help file:
    /opt/ibm/spectrum_mpi/share/openmpi/help-opal-runtime.txt: No such file or directory.  Sorry!
--------------------------------------------------------------------------
--------------------------------------------------------------------------
Sorry!  You were supposed to get help about:
    orte_init:startup:internal-failure
But I couldn't open the help file:
    /opt/ibm/spectrum_mpi/share/openmpi/help-orte-runtime: No such file or directory.  Sorry!
--------------------------------------------------------------------------
--------------------------------------------------------------------------
Sorry!  You were supposed to get help about:
    mpi_init:startup:internal-failure
But I couldn't open the help file:
    /opt/ibm/spectrum_mpi/share/openmpi/help-mpi-runtime.txt: No such file or directory.  Sorry!
--------------------------------------------------------------------------
*** An error occurred in MPI_Init
*** on a NULL communicator
*** MPI_ERRORS_ARE_FATAL (processes in this communicator will now abort,
***    and potentially your MPI job)
[polus-c3-ib.bmc.hpc.cs.msu.ru:41888] Local abort before MPI_INIT completed completed successfully, but am not able to aggregate error messages, and not able to guarantee that all other processes were killed!
--------------------------------------------------------------------------
Sorry!  You were supposed to get help about:
    opal_init:startup:internal-failure
But I couldn't open the help file:
    /opt/ibm/spectrum_mpi/share/openmpi/help-opal-runtime.txt: No such file or directory.  Sorry!
--------------------------------------------------------------------------
--------------------------------------------------------------------------
Sorry!  You were supposed to get help about:
    orte_init:startup:internal-failure
But I couldn't open the help file:
    /opt/ibm/spectrum_mpi/share/openmpi/help-orte-runtime: No such file or directory.  Sorry!
--------------------------------------------------------------------------
--------------------------------------------------------------------------
Sorry!  You were supposed to get help about:
    mpi_init:startup:internal-failure
But I couldn't open the help file:
    /opt/ibm/spectrum_mpi/share/openmpi/help-mpi-runtime.txt: No such file or directory.  Sorry!
--------------------------------------------------------------------------
*** An error occurred in MPI_Init
*** on a NULL communicator
*** MPI_ERRORS_ARE_FATAL (processes in this communicator will now abort,
***    and potentially your MPI job)
[polus-c3-ib.bmc.hpc.cs.msu.ru:41889] Local abort before MPI_INIT completed completed successfully, but am not able to aggregate error messages, and not able to guarantee that all other processes were killed!
--------------------------------------------------------------------------
Sorry!  You were supposed to get help about:
    opal_init:startup:internal-failure
But I couldn't open the help file:
    /opt/ibm/spectrum_mpi/share/openmpi/help-opal-runtime.txt: No such file or directory.  Sorry!
--------------------------------------------------------------------------
--------------------------------------------------------------------------
Sorry!  You were supposed to get help about:
    orte_init:startup:internal-failure
But I couldn't open the help file:
    /opt/ibm/spectrum_mpi/share/openmpi/help-orte-runtime: No such file or directory.  Sorry!
--------------------------------------------------------------------------
--------------------------------------------------------------------------
Sorry!  You were supposed to get help about:
    mpi_init:startup:internal-failure
But I couldn't open the help file:
    /opt/ibm/spectrum_mpi/share/openmpi/help-mpi-runtime.txt: No such file or directory.  Sorry!
--------------------------------------------------------------------------
*** An error occurred in MPI_Init
*** on a NULL communicator
*** MPI_ERRORS_ARE_FATAL (processes in this communicator will now abort,
***    and potentially your MPI job)
[polus-c3-ib.bmc.hpc.cs.msu.ru:41890] Local abort before MPI_INIT completed completed successfully, but am not able to aggregate error messages, and not able to guarantee that all other processes were killed!
--------------------------------------------------------------------------
Sorry!  You were supposed to get help about:
    opal_init:startup:internal-failure
But I couldn't open the help file:
    /opt/ibm/spectrum_mpi/share/openmpi/help-opal-runtime.txt: No such file or directory.  Sorry!
--------------------------------------------------------------------------
--------------------------------------------------------------------------
Sorry!  You were supposed to get help about:
    orte_init:startup:internal-failure
But I couldn't open the help file:
    /opt/ibm/spectrum_mpi/share/openmpi/help-orte-runtime: No such file or directory.  Sorry!
--------------------------------------------------------------------------
--------------------------------------------------------------------------
Sorry!  You were supposed to get help about:
    mpi_init:startup:internal-failure
But I couldn't open the help file:
    /opt/ibm/spectrum_mpi/share/openmpi/help-mpi-runtime.txt: No such file or directory.  Sorry!
--------------------------------------------------------------------------
*** An error occurred in MPI_Init
*** on a NULL communicator
*** MPI_ERRORS_ARE_FATAL (processes in this communicator will now abort,
***    and potentially your MPI job)
[polus-c3-ib.bmc.hpc.cs.msu.ru:41891] Local abort before MPI_INIT completed completed successfully, but am not able to aggregate error messages, and not able to guarantee that all other processes were killed!
--------------------------------------------------------------------------
Sorry!  You were supposed to get help about:
    opal_init:startup:internal-failure
But I couldn't open the help file:
    /opt/ibm/spectrum_mpi/share/openmpi/help-opal-runtime.txt: No such file or directory.  Sorry!
--------------------------------------------------------------------------
--------------------------------------------------------------------------
Sorry!  You were supposed to get help about:
    orte_init:startup:internal-failure
But I couldn't open the help file:
    /opt/ibm/spectrum_mpi/share/openmpi/help-orte-runtime: No such file or directory.  Sorry!
--------------------------------------------------------------------------
--------------------------------------------------------------------------
Sorry!  You were supposed to get help about:
    mpi_init:startup:internal-failure
But I couldn't open the help file:
    /opt/ibm/spectrum_mpi/share/openmpi/help-mpi-runtime.txt: No such file or directory.  Sorry!
--------------------------------------------------------------------------
--------------------------------------------------------------------------
Sorry!  You were supposed to get help about:
    opal_init:startup:internal-failure
But I couldn't open the help file:
    /opt/ibm/spectrum_mpi/share/openmpi/help-opal-runtime.txt: No such file or directory.  Sorry!
--------------------------------------------------------------------------
--------------------------------------------------------------------------
Sorry!  You were supposed to get help about:
    orte_init:startup:internal-failure
But I couldn't open the help file:
    /opt/ibm/spectrum_mpi/share/openmpi/help-orte-runtime: No such file or directory.  Sorry!
--------------------------------------------------------------------------
--------------------------------------------------------------------------
Sorry!  You were supposed to get help about:
    mpi_init:startup:internal-failure
But I couldn't open the help file:
    /opt/ibm/spectrum_mpi/share/openmpi/help-mpi-runtime.txt: No such file or directory.  Sorry!
--------------------------------------------------------------------------
*** An error occurred in MPI_Init
*** on a NULL communicator
*** MPI_ERRORS_ARE_FATAL (processes in this communicator will now abort,
***    and potentially your MPI job)
[polus-c3-ib.bmc.hpc.cs.msu.ru:41896] Local abort before MPI_INIT completed completed successfully, but am not able to aggregate error messages, and not able to guarantee that all other processes were killed!
