Sender: LSF System <lsfadmin@polus-c3-ib.bmc.hpc.cs.msu.ru>
Subject: Job 837507: <# this file was automaticly created by mpisubmit.pl script for edu-cmc-sqi21-01 #;source /polusfs/setenv/setup.SMPI;#BSUB -n 4;#BSUB -W 00:15;#BSUB -o ./out_files/mpi/.4.out;#BSUB -e ./err_files/mpi/.4.err;OMP_NUM_THREADS=1 mpiexec ./2mm_mpi> in cluster <MSUCluster> Exited

Job <# this file was automaticly created by mpisubmit.pl script for edu-cmc-sqi21-01 #;source /polusfs/setenv/setup.SMPI;#BSUB -n 4;#BSUB -W 00:15;#BSUB -o ./out_files/mpi/.4.out;#BSUB -e ./err_files/mpi/.4.err;OMP_NUM_THREADS=1 mpiexec ./2mm_mpi> was submitted from host <polus-ib.bmc.hpc.cs.msu.ru> by user <edu-cmc-sqi21-01> in cluster <MSUCluster> at Mon Dec 13 23:58:29 2021
Job was executed on host(s) <4*polus-c3-ib.bmc.hpc.cs.msu.ru>, in queue <short>, as user <edu-cmc-sqi21-01> in cluster <MSUCluster> at Mon Dec 13 23:58:30 2021
</home_edu/edu-cmc-sqi21/edu-cmc-sqi21-01> was used as the home directory.
</home_edu/edu-cmc-sqi21/edu-cmc-sqi21-01/skipod/skipod_polus/2mm> was used as the working directory.
Started at Mon Dec 13 23:58:30 2021
Terminated at Mon Dec 13 23:58:32 2021
Results reported at Mon Dec 13 23:58:32 2021

Your job looked like:

------------------------------------------------------------
# LSBATCH: User input
# this file was automaticly created by mpisubmit.pl script for edu-cmc-sqi21-01 #
source /polusfs/setenv/setup.SMPI
#BSUB -n 4
#BSUB -W 00:15
#BSUB -o ./out_files/mpi/.4.out
#BSUB -e ./err_files/mpi/.4.err
OMP_NUM_THREADS=1 mpiexec ./2mm_mpi

------------------------------------------------------------

Exited with exit code 1.

Resource usage summary:

    CPU time :                                   0.26 sec.
    Max Memory :                                 1 MB
    Average Memory :                             1.00 MB
    Total Requested Memory :                     -
    Delta Memory :                               -
    Max Swap :                                   -
    Max Processes :                              1
    Max Threads :                                1
    Run time :                                   3 sec.
    Turnaround time :                            3 sec.

The output (if any) follows:

-------------------------------------------------------
Primary job  terminated normally, but 1 process returned
a non-zero exit code.. Per user-direction, the job has been aborted.
-------------------------------------------------------
--------------------------------------------------------------------------
mpiexec detected that one or more processes exited with non-zero status, thus causing
the job to be terminated. The first process to do so was:

  Process name: [[25140,1],0]
  Exit code:    1
--------------------------------------------------------------------------


PS:

Read file <./err_files/mpi/.4.err> for stderr output of this job.

Sender: LSF System <lsfadmin@polus-c3-ib.bmc.hpc.cs.msu.ru>
Subject: Job 837510: <# this file was automaticly created by mpisubmit.pl script for edu-cmc-sqi21-01 #;source /polusfs/setenv/setup.SMPI;#BSUB -n 64;#BSUB -W 00:15;#BSUB -o ./out_files/mpi/.4.out;#BSUB -e ./err_files/mpi/.4.err;OMP_NUM_THREADS=1 mpiexec ./2mm_mpi> in cluster <MSUCluster> Exited

Job <# this file was automaticly created by mpisubmit.pl script for edu-cmc-sqi21-01 #;source /polusfs/setenv/setup.SMPI;#BSUB -n 64;#BSUB -W 00:15;#BSUB -o ./out_files/mpi/.4.out;#BSUB -e ./err_files/mpi/.4.err;OMP_NUM_THREADS=1 mpiexec ./2mm_mpi> was submitted from host <polus-ib.bmc.hpc.cs.msu.ru> by user <edu-cmc-sqi21-01> in cluster <MSUCluster> at Mon Dec 13 23:59:34 2021
Job was executed on host(s) <20*polus-c3-ib.bmc.hpc.cs.msu.ru>, in queue <short>, as user <edu-cmc-sqi21-01> in cluster <MSUCluster> at Mon Dec 13 23:59:35 2021
                            <20*polus-c2-ib.bmc.hpc.cs.msu.ru>
                            <20*polus-c1-ib.bmc.hpc.cs.msu.ru>
                            <4*polus-c4-ib.bmc.hpc.cs.msu.ru>
</home_edu/edu-cmc-sqi21/edu-cmc-sqi21-01> was used as the home directory.
</home_edu/edu-cmc-sqi21/edu-cmc-sqi21-01/skipod/skipod_polus/2mm> was used as the working directory.
Started at Mon Dec 13 23:59:35 2021
Terminated at Mon Dec 13 23:59:37 2021
Results reported at Mon Dec 13 23:59:37 2021

Your job looked like:

------------------------------------------------------------
# LSBATCH: User input
# this file was automaticly created by mpisubmit.pl script for edu-cmc-sqi21-01 #
source /polusfs/setenv/setup.SMPI
#BSUB -n 64
#BSUB -W 00:15
#BSUB -o ./out_files/mpi/.4.out
#BSUB -e ./err_files/mpi/.4.err
OMP_NUM_THREADS=1 mpiexec ./2mm_mpi

------------------------------------------------------------

Exited with exit code 1.

Resource usage summary:

    CPU time :                                   1.64 sec.
    Max Memory :                                 1 MB
    Average Memory :                             1.00 MB
    Total Requested Memory :                     -
    Delta Memory :                               -
    Max Swap :                                   -
    Max Processes :                              1
    Max Threads :                                1
    Run time :                                   2 sec.
    Turnaround time :                            3 sec.

The output (if any) follows:

-------------------------------------------------------
Primary job  terminated normally, but 1 process returned
a non-zero exit code.. Per user-direction, the job has been aborted.
-------------------------------------------------------
--------------------------------------------------------------------------
mpiexec detected that one or more processes exited with non-zero status, thus causing
the job to be terminated. The first process to do so was:

  Process name: [[24898,1],0]
  Exit code:    1
--------------------------------------------------------------------------


PS:

Read file <./err_files/mpi/.4.err> for stderr output of this job.

