Sender: LSF System <lsfadmin@polus-c2-ib.bmc.hpc.cs.msu.ru>
Subject: Job 839866: <#BSUB -n 1;#BSUB -W 00:15;#BSUB -o "./out_files/omp/m/2.out";#BSUB -e "./err_files/omp/m/2.err";#BSUB -R "span[hosts=1]";OMP_NUM_THREADS=2 ./2mm_omp_m> in cluster <MSUCluster> Done

Job <#BSUB -n 1;#BSUB -W 00:15;#BSUB -o "./out_files/omp/m/2.out";#BSUB -e "./err_files/omp/m/2.err";#BSUB -R "span[hosts=1]";OMP_NUM_THREADS=2 ./2mm_omp_m> was submitted from host <polus-ib.bmc.hpc.cs.msu.ru> by user <edu-cmc-sqi21-01> in cluster <MSUCluster> at Wed Dec 15 00:53:21 2021
Job was executed on host(s) <polus-c2-ib.bmc.hpc.cs.msu.ru>, in queue <short>, as user <edu-cmc-sqi21-01> in cluster <MSUCluster> at Wed Dec 15 00:53:25 2021
</home_edu/edu-cmc-sqi21/edu-cmc-sqi21-01> was used as the home directory.
</home_edu/edu-cmc-sqi21/edu-cmc-sqi21-01/skipod/skipod_git/2mm> was used as the working directory.
Started at Wed Dec 15 00:53:25 2021
Terminated at Wed Dec 15 00:53:26 2021
Results reported at Wed Dec 15 00:53:26 2021

Your job looked like:

------------------------------------------------------------
# LSBATCH: User input
#BSUB -n 1
#BSUB -W 00:15
#BSUB -o "./out_files/omp/m/2.out"
#BSUB -e "./err_files/omp/m/2.err"
#BSUB -R "span[hosts=1]"
OMP_NUM_THREADS=2 ./2mm_omp_m

------------------------------------------------------------

Successfully completed.

Resource usage summary:

    CPU time :                                   0.23 sec.
    Max Memory :                                 6 MB
    Average Memory :                             5.33 MB
    Total Requested Memory :                     -
    Delta Memory :                               -
    Max Swap :                                   -
    Max Processes :                              4
    Max Threads :                                6
    Run time :                                   2 sec.
    Turnaround time :                            5 sec.

The output (if any) follows:

Nthread = 2
Time in seconds = 0.099592


PS:

Read file <./err_files/omp/m/2.err> for stderr output of this job.

Sender: LSF System <lsfadmin@polus-c1-ib.bmc.hpc.cs.msu.ru>
Subject: Job 839910: <#BSUB -n 1;#BSUB -W 00:15;#BSUB -o "./out_files/omp/m/2.out";#BSUB -e "./err_files/omp/m/2.err";#BSUB -R "span[hosts=1]";OMP_NUM_THREADS=2 ./2mm_omp_m> in cluster <MSUCluster> Done

Job <#BSUB -n 1;#BSUB -W 00:15;#BSUB -o "./out_files/omp/m/2.out";#BSUB -e "./err_files/omp/m/2.err";#BSUB -R "span[hosts=1]";OMP_NUM_THREADS=2 ./2mm_omp_m> was submitted from host <polus-ib.bmc.hpc.cs.msu.ru> by user <edu-cmc-sqi21-01> in cluster <MSUCluster> at Wed Dec 15 00:56:06 2021
Job was executed on host(s) <polus-c1-ib.bmc.hpc.cs.msu.ru>, in queue <short>, as user <edu-cmc-sqi21-01> in cluster <MSUCluster> at Wed Dec 15 00:56:10 2021
</home_edu/edu-cmc-sqi21/edu-cmc-sqi21-01> was used as the home directory.
</home_edu/edu-cmc-sqi21/edu-cmc-sqi21-01/skipod/skipod_git/2mm> was used as the working directory.
Started at Wed Dec 15 00:56:10 2021
Terminated at Wed Dec 15 00:56:12 2021
Results reported at Wed Dec 15 00:56:12 2021

Your job looked like:

------------------------------------------------------------
# LSBATCH: User input
#BSUB -n 1
#BSUB -W 00:15
#BSUB -o "./out_files/omp/m/2.out"
#BSUB -e "./err_files/omp/m/2.err"
#BSUB -R "span[hosts=1]"
OMP_NUM_THREADS=2 ./2mm_omp_m

------------------------------------------------------------

Successfully completed.

Resource usage summary:

    CPU time :                                   0.19 sec.
    Max Memory :                                 6 MB
    Average Memory :                             5.33 MB
    Total Requested Memory :                     -
    Delta Memory :                               -
    Max Swap :                                   -
    Max Processes :                              4
    Max Threads :                                6
    Run time :                                   3 sec.
    Turnaround time :                            6 sec.

The output (if any) follows:

Nthread = 2
Time in seconds = 0.087965


PS:

Read file <./err_files/omp/m/2.err> for stderr output of this job.

