Sender: LSF System <lsfadmin@polus-c2-ib.bmc.hpc.cs.msu.ru>
Subject: Job 839867: <#BSUB -n 1;#BSUB -W 00:15;#BSUB -o "./out_files/omp/m/4.out";#BSUB -e "./err_files/omp/m/4.err";#BSUB -R "span[hosts=1]";OMP_NUM_THREADS=4 ./2mm_omp_m> in cluster <MSUCluster> Done

Job <#BSUB -n 1;#BSUB -W 00:15;#BSUB -o "./out_files/omp/m/4.out";#BSUB -e "./err_files/omp/m/4.err";#BSUB -R "span[hosts=1]";OMP_NUM_THREADS=4 ./2mm_omp_m> was submitted from host <polus-ib.bmc.hpc.cs.msu.ru> by user <edu-cmc-sqi21-01> in cluster <MSUCluster> at Wed Dec 15 00:53:21 2021
Job was executed on host(s) <polus-c2-ib.bmc.hpc.cs.msu.ru>, in queue <short>, as user <edu-cmc-sqi21-01> in cluster <MSUCluster> at Wed Dec 15 00:53:27 2021
</home_edu/edu-cmc-sqi21/edu-cmc-sqi21-01> was used as the home directory.
</home_edu/edu-cmc-sqi21/edu-cmc-sqi21-01/skipod/skipod_git/2mm> was used as the working directory.
Started at Wed Dec 15 00:53:27 2021
Terminated at Wed Dec 15 00:53:29 2021
Results reported at Wed Dec 15 00:53:29 2021

Your job looked like:

------------------------------------------------------------
# LSBATCH: User input
#BSUB -n 1
#BSUB -W 00:15
#BSUB -o "./out_files/omp/m/4.out"
#BSUB -e "./err_files/omp/m/4.err"
#BSUB -R "span[hosts=1]"
OMP_NUM_THREADS=4 ./2mm_omp_m

------------------------------------------------------------

Successfully completed.

Resource usage summary:

    CPU time :                                   0.54 sec.
    Max Memory :                                 1 MB
    Average Memory :                             1.00 MB
    Total Requested Memory :                     -
    Delta Memory :                               -
    Max Swap :                                   -
    Max Processes :                              1
    Max Threads :                                1
    Run time :                                   1 sec.
    Turnaround time :                            8 sec.

The output (if any) follows:

Nthread = 4
Time in seconds = 0.146138


PS:

Read file <./err_files/omp/m/4.err> for stderr output of this job.

Sender: LSF System <lsfadmin@polus-c1-ib.bmc.hpc.cs.msu.ru>
Subject: Job 839911: <#BSUB -n 1;#BSUB -W 00:15;#BSUB -o "./out_files/omp/m/4.out";#BSUB -e "./err_files/omp/m/4.err";#BSUB -R "span[hosts=1]";OMP_NUM_THREADS=4 ./2mm_omp_m> in cluster <MSUCluster> Done

Job <#BSUB -n 1;#BSUB -W 00:15;#BSUB -o "./out_files/omp/m/4.out";#BSUB -e "./err_files/omp/m/4.err";#BSUB -R "span[hosts=1]";OMP_NUM_THREADS=4 ./2mm_omp_m> was submitted from host <polus-ib.bmc.hpc.cs.msu.ru> by user <edu-cmc-sqi21-01> in cluster <MSUCluster> at Wed Dec 15 00:56:06 2021
Job was executed on host(s) <polus-c1-ib.bmc.hpc.cs.msu.ru>, in queue <short>, as user <edu-cmc-sqi21-01> in cluster <MSUCluster> at Wed Dec 15 00:56:10 2021
</home_edu/edu-cmc-sqi21/edu-cmc-sqi21-01> was used as the home directory.
</home_edu/edu-cmc-sqi21/edu-cmc-sqi21-01/skipod/skipod_git/2mm> was used as the working directory.
Started at Wed Dec 15 00:56:10 2021
Terminated at Wed Dec 15 00:56:12 2021
Results reported at Wed Dec 15 00:56:12 2021

Your job looked like:

------------------------------------------------------------
# LSBATCH: User input
#BSUB -n 1
#BSUB -W 00:15
#BSUB -o "./out_files/omp/m/4.out"
#BSUB -e "./err_files/omp/m/4.err"
#BSUB -R "span[hosts=1]"
OMP_NUM_THREADS=4 ./2mm_omp_m

------------------------------------------------------------

Successfully completed.

Resource usage summary:

    CPU time :                                   0.20 sec.
    Max Memory :                                 6 MB
    Average Memory :                             4.67 MB
    Total Requested Memory :                     -
    Delta Memory :                               -
    Max Swap :                                   -
    Max Processes :                              4
    Max Threads :                                8
    Run time :                                   3 sec.
    Turnaround time :                            6 sec.

The output (if any) follows:

Nthread = 4
Time in seconds = 0.051560


PS:

Read file <./err_files/omp/m/4.err> for stderr output of this job.

