*** An error occurred in MPI_Init
*** on a NULL communicator
*** MPI_ERRORS_ARE_FATAL (processes in this communicator will now abort,
***    and potentially your MPI job)
[polus-c2-ib.bmc.hpc.cs.msu.ru:100426] Local abort before MPI_INIT completed completed successfully, but am not able to aggregate error messages, and not able to guarantee that all other processes were killed!
--------------------------------------------------------------------------
Sorry!  You were supposed to get help about:
    opal_init:startup:internal-failure
But I couldn't open the help file:
    /opt/ibm/spectrum_mpi/share/openmpi/help-opal-runtime.txt: No such file or directory.  Sorry!
--------------------------------------------------------------------------
--------------------------------------------------------------------------
Sorry!  You were supposed to get help about:
    orte_init:startup:internal-failure
But I couldn't open the help file:
    /opt/ibm/spectrum_mpi/share/openmpi/help-orte-runtime: No such file or directory.  Sorry!
--------------------------------------------------------------------------
--------------------------------------------------------------------------
Sorry!  You were supposed to get help about:
    mpi_init:startup:internal-failure
But I couldn't open the help file:
    /opt/ibm/spectrum_mpi/share/openmpi/help-mpi-runtime.txt: No such file or directory.  Sorry!
--------------------------------------------------------------------------
*** An error occurred in MPI_Init
*** on a NULL communicator
*** MPI_ERRORS_ARE_FATAL (processes in this communicator will now abort,
***    and potentially your MPI job)
[polus-c2-ib.bmc.hpc.cs.msu.ru:100427] Local abort before MPI_INIT completed completed successfully, but am not able to aggregate error messages, and not able to guarantee that all other processes were killed!
--------------------------------------------------------------------------
Sorry!  You were supposed to get help about:
    opal_init:startup:internal-failure
But I couldn't open the help file:
    /opt/ibm/spectrum_mpi/share/openmpi/help-opal-runtime.txt: No such file or directory.  Sorry!
--------------------------------------------------------------------------
--------------------------------------------------------------------------
Sorry!  You were supposed to get help about:
    orte_init:startup:internal-failure
But I couldn't open the help file:
    /opt/ibm/spectrum_mpi/share/openmpi/help-orte-runtime: No such file or directory.  Sorry!
--------------------------------------------------------------------------
--------------------------------------------------------------------------
Sorry!  You were supposed to get help about:
    mpi_init:startup:internal-failure
But I couldn't open the help file:
    /opt/ibm/spectrum_mpi/share/openmpi/help-mpi-runtime.txt: No such file or directory.  Sorry!
--------------------------------------------------------------------------
*** An error occurred in MPI_Init
*** on a NULL communicator
*** MPI_ERRORS_ARE_FATAL (processes in this communicator will now abort,
***    and potentially your MPI job)
[polus-c2-ib.bmc.hpc.cs.msu.ru:100428] Local abort before MPI_INIT completed completed successfully, but am not able to aggregate error messages, and not able to guarantee that all other processes were killed!
--------------------------------------------------------------------------
Sorry!  You were supposed to get help about:
    opal_init:startup:internal-failure
But I couldn't open the help file:
    /opt/ibm/spectrum_mpi/share/openmpi/help-opal-runtime.txt: No such file or directory.  Sorry!
--------------------------------------------------------------------------
--------------------------------------------------------------------------
Sorry!  You were supposed to get help about:
    orte_init:startup:internal-failure
But I couldn't open the help file:
    /opt/ibm/spectrum_mpi/share/openmpi/help-orte-runtime: No such file or directory.  Sorry!
--------------------------------------------------------------------------
--------------------------------------------------------------------------
Sorry!  You were supposed to get help about:
    mpi_init:startup:internal-failure
But I couldn't open the help file:
    /opt/ibm/spectrum_mpi/share/openmpi/help-mpi-runtime.txt: No such file or directory.  Sorry!
--------------------------------------------------------------------------
*** An error occurred in MPI_Init
*** on a NULL communicator
*** MPI_ERRORS_ARE_FATAL (processes in this communicator will now abort,
***    and potentially your MPI job)
[polus-c2-ib.bmc.hpc.cs.msu.ru:100429] Local abort before MPI_INIT completed completed successfully, but am not able to aggregate error messages, and not able to guarantee that all other processes were killed!
--------------------------------------------------------------------------
Sorry!  You were supposed to get help about:
    opal_init:startup:internal-failure
But I couldn't open the help file:
    /opt/ibm/spectrum_mpi/share/openmpi/help-opal-runtime.txt: No such file or directory.  Sorry!
--------------------------------------------------------------------------
--------------------------------------------------------------------------
Sorry!  You were supposed to get help about:
    orte_init:startup:internal-failure
But I couldn't open the help file:
    /opt/ibm/spectrum_mpi/share/openmpi/help-orte-runtime: No such file or directory.  Sorry!
--------------------------------------------------------------------------
--------------------------------------------------------------------------
Sorry!  You were supposed to get help about:
    mpi_init:startup:internal-failure
But I couldn't open the help file:
    /opt/ibm/spectrum_mpi/share/openmpi/help-mpi-runtime.txt: No such file or directory.  Sorry!
--------------------------------------------------------------------------
*** An error occurred in MPI_Init
*** on a NULL communicator
*** MPI_ERRORS_ARE_FATAL (processes in this communicator will now abort,
***    and potentially your MPI job)
[polus-c2-ib.bmc.hpc.cs.msu.ru:100430] Local abort before MPI_INIT completed completed successfully, but am not able to aggregate error messages, and not able to guarantee that all other processes were killed!
--------------------------------------------------------------------------
Sorry!  You were supposed to get help about:
    opal_init:startup:internal-failure
But I couldn't open the help file:
    /opt/ibm/spectrum_mpi/share/openmpi/help-opal-runtime.txt: No such file or directory.  Sorry!
--------------------------------------------------------------------------
--------------------------------------------------------------------------
Sorry!  You were supposed to get help about:
    orte_init:startup:internal-failure
But I couldn't open the help file:
    /opt/ibm/spectrum_mpi/share/openmpi/help-orte-runtime: No such file or directory.  Sorry!
--------------------------------------------------------------------------
--------------------------------------------------------------------------
Sorry!  You were supposed to get help about:
    mpi_init:startup:internal-failure
But I couldn't open the help file:
    /opt/ibm/spectrum_mpi/share/openmpi/help-mpi-runtime.txt: No such file or directory.  Sorry!
--------------------------------------------------------------------------
*** An error occurred in MPI_Init
*** on a NULL communicator
*** MPI_ERRORS_ARE_FATAL (processes in this communicator will now abort,
***    and potentially your MPI job)
[polus-c2-ib.bmc.hpc.cs.msu.ru:100431] Local abort before MPI_INIT completed completed successfully, but am not able to aggregate error messages, and not able to guarantee that all other processes were killed!
--------------------------------------------------------------------------
Sorry!  You were supposed to get help about:
    opal_init:startup:internal-failure
But I couldn't open the help file:
    /opt/ibm/spectrum_mpi/share/openmpi/help-opal-runtime.txt: No such file or directory.  Sorry!
--------------------------------------------------------------------------
--------------------------------------------------------------------------
Sorry!  You were supposed to get help about:
    orte_init:startup:internal-failure
But I couldn't open the help file:
    /opt/ibm/spectrum_mpi/share/openmpi/help-orte-runtime: No such file or directory.  Sorry!
--------------------------------------------------------------------------
--------------------------------------------------------------------------
Sorry!  You were supposed to get help about:
    mpi_init:startup:internal-failure
But I couldn't open the help file:
    /opt/ibm/spectrum_mpi/share/openmpi/help-mpi-runtime.txt: No such file or directory.  Sorry!
--------------------------------------------------------------------------
*** An error occurred in MPI_Init
*** on a NULL communicator
*** MPI_ERRORS_ARE_FATAL (processes in this communicator will now abort,
***    and potentially your MPI job)
[polus-c2-ib.bmc.hpc.cs.msu.ru:100432] Local abort before MPI_INIT completed completed successfully, but am not able to aggregate error messages, and not able to guarantee that all other processes were killed!
--------------------------------------------------------------------------
Sorry!  You were supposed to get help about:
    opal_init:startup:internal-failure
But I couldn't open the help file:
    /opt/ibm/spectrum_mpi/share/openmpi/help-opal-runtime.txt: No such file or directory.  Sorry!
--------------------------------------------------------------------------
--------------------------------------------------------------------------
Sorry!  You were supposed to get help about:
    orte_init:startup:internal-failure
But I couldn't open the help file:
    /opt/ibm/spectrum_mpi/share/openmpi/help-orte-runtime: No such file or directory.  Sorry!
--------------------------------------------------------------------------
--------------------------------------------------------------------------
Sorry!  You were supposed to get help about:
    mpi_init:startup:internal-failure
But I couldn't open the help file:
    /opt/ibm/spectrum_mpi/share/openmpi/help-mpi-runtime.txt: No such file or directory.  Sorry!
--------------------------------------------------------------------------
*** An error occurred in MPI_Init
*** on a NULL communicator
*** MPI_ERRORS_ARE_FATAL (processes in this communicator will now abort,
***    and potentially your MPI job)
[polus-c2-ib.bmc.hpc.cs.msu.ru:100433] Local abort before MPI_INIT completed completed successfully, but am not able to aggregate error messages, and not able to guarantee that all other processes were killed!
--------------------------------------------------------------------------
Sorry!  You were supposed to get help about:
    opal_init:startup:internal-failure
But I couldn't open the help file:
    /opt/ibm/spectrum_mpi/share/openmpi/help-opal-runtime.txt: No such file or directory.  Sorry!
--------------------------------------------------------------------------
--------------------------------------------------------------------------
Sorry!  You were supposed to get help about:
    orte_init:startup:internal-failure
But I couldn't open the help file:
    /opt/ibm/spectrum_mpi/share/openmpi/help-orte-runtime: No such file or directory.  Sorry!
--------------------------------------------------------------------------
--------------------------------------------------------------------------
Sorry!  You were supposed to get help about:
    mpi_init:startup:internal-failure
But I couldn't open the help file:
    /opt/ibm/spectrum_mpi/share/openmpi/help-mpi-runtime.txt: No such file or directory.  Sorry!
--------------------------------------------------------------------------
--------------------------------------------------------------------------
Sorry!  You were supposed to get help about:
    opal_init:startup:internal-failure
But I couldn't open the help file:
    /opt/ibm/spectrum_mpi/share/openmpi/help-opal-runtime.txt: No such file or directory.  Sorry!
--------------------------------------------------------------------------
--------------------------------------------------------------------------
Sorry!  You were supposed to get help about:
    orte_init:startup:internal-failure
But I couldn't open the help file:
    /opt/ibm/spectrum_mpi/share/openmpi/help-orte-runtime: No such file or directory.  Sorry!
--------------------------------------------------------------------------
--------------------------------------------------------------------------
Sorry!  You were supposed to get help about:
    mpi_init:startup:internal-failure
But I couldn't open the help file:
    /opt/ibm/spectrum_mpi/share/openmpi/help-mpi-runtime.txt: No such file or directory.  Sorry!
--------------------------------------------------------------------------
*** An error occurred in MPI_Init
*** on a NULL communicator
*** MPI_ERRORS_ARE_FATAL (processes in this communicator will now abort,
***    and potentially your MPI job)
[polus-c2-ib.bmc.hpc.cs.msu.ru:100434] Local abort before MPI_INIT completed completed successfully, but am not able to aggregate error messages, and not able to guarantee that all other processes were killed!
*** An error occurred in MPI_Init
*** on a NULL communicator
*** MPI_ERRORS_ARE_FATAL (processes in this communicator will now abort,
***    and potentially your MPI job)
[polus-c4-ib.bmc.hpc.cs.msu.ru:100947] Local abort before MPI_INIT completed completed successfully, but am not able to aggregate error messages, and not able to guarantee that all other processes were killed!
--------------------------------------------------------------------------
Sorry!  You were supposed to get help about:
    opal_init:startup:internal-failure
But I couldn't open the help file:
    /opt/ibm/spectrum_mpi/share/openmpi/help-opal-runtime.txt: No such file or directory.  Sorry!
--------------------------------------------------------------------------
--------------------------------------------------------------------------
Sorry!  You were supposed to get help about:
    orte_init:startup:internal-failure
But I couldn't open the help file:
    /opt/ibm/spectrum_mpi/share/openmpi/help-orte-runtime: No such file or directory.  Sorry!
--------------------------------------------------------------------------
--------------------------------------------------------------------------
Sorry!  You were supposed to get help about:
    mpi_init:startup:internal-failure
But I couldn't open the help file:
    /opt/ibm/spectrum_mpi/share/openmpi/help-mpi-runtime.txt: No such file or directory.  Sorry!
--------------------------------------------------------------------------
*** An error occurred in MPI_Init
*** on a NULL communicator
*** MPI_ERRORS_ARE_FATAL (processes in this communicator will now abort,
***    and potentially your MPI job)
[polus-c4-ib.bmc.hpc.cs.msu.ru:100948] Local abort before MPI_INIT completed completed successfully, but am not able to aggregate error messages, and not able to guarantee that all other processes were killed!
--------------------------------------------------------------------------
Sorry!  You were supposed to get help about:
    opal_init:startup:internal-failure
But I couldn't open the help file:
    /opt/ibm/spectrum_mpi/share/openmpi/help-opal-runtime.txt: No such file or directory.  Sorry!
--------------------------------------------------------------------------
--------------------------------------------------------------------------
Sorry!  You were supposed to get help about:
    orte_init:startup:internal-failure
But I couldn't open the help file:
    /opt/ibm/spectrum_mpi/share/openmpi/help-orte-runtime: No such file or directory.  Sorry!
--------------------------------------------------------------------------
--------------------------------------------------------------------------
Sorry!  You were supposed to get help about:
    mpi_init:startup:internal-failure
But I couldn't open the help file:
    /opt/ibm/spectrum_mpi/share/openmpi/help-mpi-runtime.txt: No such file or directory.  Sorry!
--------------------------------------------------------------------------
*** An error occurred in MPI_Init
*** on a NULL communicator
*** MPI_ERRORS_ARE_FATAL (processes in this communicator will now abort,
***    and potentially your MPI job)
[polus-c4-ib.bmc.hpc.cs.msu.ru:100949] Local abort before MPI_INIT completed completed successfully, but am not able to aggregate error messages, and not able to guarantee that all other processes were killed!
--------------------------------------------------------------------------
Sorry!  You were supposed to get help about:
    opal_init:startup:internal-failure
But I couldn't open the help file:
    /opt/ibm/spectrum_mpi/share/openmpi/help-opal-runtime.txt: No such file or directory.  Sorry!
--------------------------------------------------------------------------
--------------------------------------------------------------------------
Sorry!  You were supposed to get help about:
    orte_init:startup:internal-failure
But I couldn't open the help file:
    /opt/ibm/spectrum_mpi/share/openmpi/help-orte-runtime: No such file or directory.  Sorry!
--------------------------------------------------------------------------
--------------------------------------------------------------------------
Sorry!  You were supposed to get help about:
    mpi_init:startup:internal-failure
But I couldn't open the help file:
    /opt/ibm/spectrum_mpi/share/openmpi/help-mpi-runtime.txt: No such file or directory.  Sorry!
--------------------------------------------------------------------------
*** An error occurred in MPI_Init
*** on a NULL communicator
*** MPI_ERRORS_ARE_FATAL (processes in this communicator will now abort,
***    and potentially your MPI job)
[polus-c4-ib.bmc.hpc.cs.msu.ru:100950] Local abort before MPI_INIT completed completed successfully, but am not able to aggregate error messages, and not able to guarantee that all other processes were killed!
--------------------------------------------------------------------------
Sorry!  You were supposed to get help about:
    opal_init:startup:internal-failure
But I couldn't open the help file:
    /opt/ibm/spectrum_mpi/share/openmpi/help-opal-runtime.txt: No such file or directory.  Sorry!
--------------------------------------------------------------------------
--------------------------------------------------------------------------
Sorry!  You were supposed to get help about:
    orte_init:startup:internal-failure
But I couldn't open the help file:
    /opt/ibm/spectrum_mpi/share/openmpi/help-orte-runtime: No such file or directory.  Sorry!
--------------------------------------------------------------------------
--------------------------------------------------------------------------
Sorry!  You were supposed to get help about:
    mpi_init:startup:internal-failure
But I couldn't open the help file:
    /opt/ibm/spectrum_mpi/share/openmpi/help-mpi-runtime.txt: No such file or directory.  Sorry!
--------------------------------------------------------------------------
*** An error occurred in MPI_Init
*** on a NULL communicator
*** MPI_ERRORS_ARE_FATAL (processes in this communicator will now abort,
***    and potentially your MPI job)
[polus-c4-ib.bmc.hpc.cs.msu.ru:100951] Local abort before MPI_INIT completed completed successfully, but am not able to aggregate error messages, and not able to guarantee that all other processes were killed!
--------------------------------------------------------------------------
Sorry!  You were supposed to get help about:
    opal_init:startup:internal-failure
But I couldn't open the help file:
    /opt/ibm/spectrum_mpi/share/openmpi/help-opal-runtime.txt: No such file or directory.  Sorry!
--------------------------------------------------------------------------
--------------------------------------------------------------------------
Sorry!  You were supposed to get help about:
    orte_init:startup:internal-failure
But I couldn't open the help file:
    /opt/ibm/spectrum_mpi/share/openmpi/help-orte-runtime: No such file or directory.  Sorry!
--------------------------------------------------------------------------
--------------------------------------------------------------------------
Sorry!  You were supposed to get help about:
    mpi_init:startup:internal-failure
But I couldn't open the help file:
    /opt/ibm/spectrum_mpi/share/openmpi/help-mpi-runtime.txt: No such file or directory.  Sorry!
--------------------------------------------------------------------------
*** An error occurred in MPI_Init
*** on a NULL communicator
*** MPI_ERRORS_ARE_FATAL (processes in this communicator will now abort,
***    and potentially your MPI job)
[polus-c4-ib.bmc.hpc.cs.msu.ru:100952] Local abort before MPI_INIT completed completed successfully, but am not able to aggregate error messages, and not able to guarantee that all other processes were killed!
--------------------------------------------------------------------------
Sorry!  You were supposed to get help about:
    opal_init:startup:internal-failure
But I couldn't open the help file:
    /opt/ibm/spectrum_mpi/share/openmpi/help-opal-runtime.txt: No such file or directory.  Sorry!
--------------------------------------------------------------------------
--------------------------------------------------------------------------
Sorry!  You were supposed to get help about:
    orte_init:startup:internal-failure
But I couldn't open the help file:
    /opt/ibm/spectrum_mpi/share/openmpi/help-orte-runtime: No such file or directory.  Sorry!
--------------------------------------------------------------------------
--------------------------------------------------------------------------
Sorry!  You were supposed to get help about:
    mpi_init:startup:internal-failure
But I couldn't open the help file:
    /opt/ibm/spectrum_mpi/share/openmpi/help-mpi-runtime.txt: No such file or directory.  Sorry!
--------------------------------------------------------------------------
*** An error occurred in MPI_Init
*** on a NULL communicator
*** MPI_ERRORS_ARE_FATAL (processes in this communicator will now abort,
***    and potentially your MPI job)
[polus-c4-ib.bmc.hpc.cs.msu.ru:100953] Local abort before MPI_INIT completed completed successfully, but am not able to aggregate error messages, and not able to guarantee that all other processes were killed!
--------------------------------------------------------------------------
Sorry!  You were supposed to get help about:
    opal_init:startup:internal-failure
But I couldn't open the help file:
    /opt/ibm/spectrum_mpi/share/openmpi/help-opal-runtime.txt: No such file or directory.  Sorry!
--------------------------------------------------------------------------
--------------------------------------------------------------------------
Sorry!  You were supposed to get help about:
    orte_init:startup:internal-failure
But I couldn't open the help file:
    /opt/ibm/spectrum_mpi/share/openmpi/help-orte-runtime: No such file or directory.  Sorry!
--------------------------------------------------------------------------
--------------------------------------------------------------------------
Sorry!  You were supposed to get help about:
    mpi_init:startup:internal-failure
But I couldn't open the help file:
    /opt/ibm/spectrum_mpi/share/openmpi/help-mpi-runtime.txt: No such file or directory.  Sorry!
--------------------------------------------------------------------------
*** An error occurred in MPI_Init
*** on a NULL communicator
*** MPI_ERRORS_ARE_FATAL (processes in this communicator will now abort,
***    and potentially your MPI job)
[polus-c4-ib.bmc.hpc.cs.msu.ru:100954] Local abort before MPI_INIT completed completed successfully, but am not able to aggregate error messages, and not able to guarantee that all other processes were killed!
--------------------------------------------------------------------------
Sorry!  You were supposed to get help about:
    opal_init:startup:internal-failure
But I couldn't open the help file:
    /opt/ibm/spectrum_mpi/share/openmpi/help-opal-runtime.txt: No such file or directory.  Sorry!
--------------------------------------------------------------------------
--------------------------------------------------------------------------
Sorry!  You were supposed to get help about:
    orte_init:startup:internal-failure
But I couldn't open the help file:
    /opt/ibm/spectrum_mpi/share/openmpi/help-orte-runtime: No such file or directory.  Sorry!
--------------------------------------------------------------------------
--------------------------------------------------------------------------
Sorry!  You were supposed to get help about:
    mpi_init:startup:internal-failure
But I couldn't open the help file:
    /opt/ibm/spectrum_mpi/share/openmpi/help-mpi-runtime.txt: No such file or directory.  Sorry!
--------------------------------------------------------------------------
*** An error occurred in MPI_Init
*** on a NULL communicator
*** MPI_ERRORS_ARE_FATAL (processes in this communicator will now abort,
***    and potentially your MPI job)
[polus-c4-ib.bmc.hpc.cs.msu.ru:100955] Local abort before MPI_INIT completed completed successfully, but am not able to aggregate error messages, and not able to guarantee that all other processes were killed!
--------------------------------------------------------------------------
Sorry!  You were supposed to get help about:
    opal_init:startup:internal-failure
But I couldn't open the help file:
    /opt/ibm/spectrum_mpi/share/openmpi/help-opal-runtime.txt: No such file or directory.  Sorry!
--------------------------------------------------------------------------
--------------------------------------------------------------------------
Sorry!  You were supposed to get help about:
    orte_init:startup:internal-failure
But I couldn't open the help file:
    /opt/ibm/spectrum_mpi/share/openmpi/help-orte-runtime: No such file or directory.  Sorry!
--------------------------------------------------------------------------
--------------------------------------------------------------------------
Sorry!  You were supposed to get help about:
    mpi_init:startup:internal-failure
But I couldn't open the help file:
    /opt/ibm/spectrum_mpi/share/openmpi/help-mpi-runtime.txt: No such file or directory.  Sorry!
--------------------------------------------------------------------------
*** An error occurred in MPI_Init
*** on a NULL communicator
*** MPI_ERRORS_ARE_FATAL (processes in this communicator will now abort,
***    and potentially your MPI job)
[polus-c4-ib.bmc.hpc.cs.msu.ru:100956] Local abort before MPI_INIT completed completed successfully, but am not able to aggregate error messages, and not able to guarantee that all other processes were killed!
--------------------------------------------------------------------------
Sorry!  You were supposed to get help about:
    opal_init:startup:internal-failure
But I couldn't open the help file:
    /opt/ibm/spectrum_mpi/share/openmpi/help-opal-runtime.txt: No such file or directory.  Sorry!
--------------------------------------------------------------------------
--------------------------------------------------------------------------
Sorry!  You were supposed to get help about:
    orte_init:startup:internal-failure
But I couldn't open the help file:
    /opt/ibm/spectrum_mpi/share/openmpi/help-orte-runtime: No such file or directory.  Sorry!
--------------------------------------------------------------------------
--------------------------------------------------------------------------
Sorry!  You were supposed to get help about:
    mpi_init:startup:internal-failure
But I couldn't open the help file:
    /opt/ibm/spectrum_mpi/share/openmpi/help-mpi-runtime.txt: No such file or directory.  Sorry!
--------------------------------------------------------------------------
*** An error occurred in MPI_Init
*** on a NULL communicator
*** MPI_ERRORS_ARE_FATAL (processes in this communicator will now abort,
***    and potentially your MPI job)
[polus-c4-ib.bmc.hpc.cs.msu.ru:100957] Local abort before MPI_INIT completed completed successfully, but am not able to aggregate error messages, and not able to guarantee that all other processes were killed!
--------------------------------------------------------------------------
Sorry!  You were supposed to get help about:
    opal_init:startup:internal-failure
But I couldn't open the help file:
    /opt/ibm/spectrum_mpi/share/openmpi/help-opal-runtime.txt: No such file or directory.  Sorry!
--------------------------------------------------------------------------
--------------------------------------------------------------------------
Sorry!  You were supposed to get help about:
    orte_init:startup:internal-failure
But I couldn't open the help file:
    /opt/ibm/spectrum_mpi/share/openmpi/help-orte-runtime: No such file or directory.  Sorry!
--------------------------------------------------------------------------
--------------------------------------------------------------------------
Sorry!  You were supposed to get help about:
    mpi_init:startup:internal-failure
But I couldn't open the help file:
    /opt/ibm/spectrum_mpi/share/openmpi/help-mpi-runtime.txt: No such file or directory.  Sorry!
--------------------------------------------------------------------------
*** An error occurred in MPI_Init
*** on a NULL communicator
*** MPI_ERRORS_ARE_FATAL (processes in this communicator will now abort,
***    and potentially your MPI job)
[polus-c4-ib.bmc.hpc.cs.msu.ru:100958] Local abort before MPI_INIT completed completed successfully, but am not able to aggregate error messages, and not able to guarantee that all other processes were killed!
--------------------------------------------------------------------------
Sorry!  You were supposed to get help about:
    opal_init:startup:internal-failure
But I couldn't open the help file:
    /opt/ibm/spectrum_mpi/share/openmpi/help-opal-runtime.txt: No such file or directory.  Sorry!
--------------------------------------------------------------------------
--------------------------------------------------------------------------
Sorry!  You were supposed to get help about:
    orte_init:startup:internal-failure
But I couldn't open the help file:
    /opt/ibm/spectrum_mpi/share/openmpi/help-orte-runtime: No such file or directory.  Sorry!
--------------------------------------------------------------------------
--------------------------------------------------------------------------
Sorry!  You were supposed to get help about:
    mpi_init:startup:internal-failure
But I couldn't open the help file:
    /opt/ibm/spectrum_mpi/share/openmpi/help-mpi-runtime.txt: No such file or directory.  Sorry!
--------------------------------------------------------------------------
*** An error occurred in MPI_Init
*** on a NULL communicator
*** MPI_ERRORS_ARE_FATAL (processes in this communicator will now abort,
***    and potentially your MPI job)
[polus-c4-ib.bmc.hpc.cs.msu.ru:100959] Local abort before MPI_INIT completed completed successfully, but am not able to aggregate error messages, and not able to guarantee that all other processes were killed!
--------------------------------------------------------------------------
Sorry!  You were supposed to get help about:
    opal_init:startup:internal-failure
But I couldn't open the help file:
    /opt/ibm/spectrum_mpi/share/openmpi/help-opal-runtime.txt: No such file or directory.  Sorry!
--------------------------------------------------------------------------
--------------------------------------------------------------------------
Sorry!  You were supposed to get help about:
    orte_init:startup:internal-failure
But I couldn't open the help file:
    /opt/ibm/spectrum_mpi/share/openmpi/help-orte-runtime: No such file or directory.  Sorry!
--------------------------------------------------------------------------
--------------------------------------------------------------------------
Sorry!  You were supposed to get help about:
    mpi_init:startup:internal-failure
But I couldn't open the help file:
    /opt/ibm/spectrum_mpi/share/openmpi/help-mpi-runtime.txt: No such file or directory.  Sorry!
--------------------------------------------------------------------------
*** An error occurred in MPI_Init
*** on a NULL communicator
*** MPI_ERRORS_ARE_FATAL (processes in this communicator will now abort,
***    and potentially your MPI job)
[polus-c4-ib.bmc.hpc.cs.msu.ru:100960] Local abort before MPI_INIT completed completed successfully, but am not able to aggregate error messages, and not able to guarantee that all other processes were killed!
--------------------------------------------------------------------------
Sorry!  You were supposed to get help about:
    opal_init:startup:internal-failure
But I couldn't open the help file:
    /opt/ibm/spectrum_mpi/share/openmpi/help-opal-runtime.txt: No such file or directory.  Sorry!
--------------------------------------------------------------------------
--------------------------------------------------------------------------
Sorry!  You were supposed to get help about:
    orte_init:startup:internal-failure
But I couldn't open the help file:
    /opt/ibm/spectrum_mpi/share/openmpi/help-orte-runtime: No such file or directory.  Sorry!
--------------------------------------------------------------------------
--------------------------------------------------------------------------
Sorry!  You were supposed to get help about:
    mpi_init:startup:internal-failure
But I couldn't open the help file:
    /opt/ibm/spectrum_mpi/share/openmpi/help-mpi-runtime.txt: No such file or directory.  Sorry!
--------------------------------------------------------------------------
