Start_pogramStart_pogramStart_pogramStart_pogramStart_pogramStart_pogramStart_pogramStart_pogramStart_pogramStart_pogramStart_pogramStart_pogramStart_pogramStart_pogramStart_pogramStart_pogramStart_pogramStart_pogramStart_pogramStart_pogramStart_pogramStart_pogramStart_pogramStart_pogramStart_pogramStart_pogramStart_pogramStart_pogramStart_pogramStart_pogramStart_pogramStart_pogramStart_pogramStart_pogramStart_pogramStart_pogramStart_pogramStart_pogramStart_pogramStart_pogramStart_pogramStart_pogramStart_pogramStart_pogramStart_pogramStart_pogramStart_pogramStart_pogramStart_pogramStart_pogramStart_pogramStart_pogramStart_pogramStart_pogramStart_pogramStart_pogramStart_pogramStart_pogramStart_pogramStart_pogramStart_pogramStart_pogramStart_pogramStart_pogramStart_pogramStart_pogramStart_pogramStart_pogramStart_pogramStart_pogramStart_pogramStart_pogramStart_pogramStart_pogramStart_pogramStart_pogramStart_pogramStart_pogramStart_pogramStart_pogramStart_pogramStart_pogramStart_pogramStart_pogramStart_pogramStart_pogramStart_pogramStart_pogramStart_pogramStart_pogramStart_pogramStart_pogramStart_pogramStart_pogramStart_pogramStart_pogramStart_pogramStart_pogramStart_pogramStart_pogramStart_pogramStart_pogramStart_pogramStart_pogramStart_pogramStart_pogramStart_pogramStart_pogramStart_pogramStart_pogramStart_pogramStart_pogramStart_pogramStart_pogramStart_pogramStart_pogramStart_pogramStart_pogramStart_pogramStart_pogramStart_pogramStart_pogramStart_pogramStart_pogramStart_pogramStart_pogramStart_pogramStart_pogram































































































































Make memory placeMake memory placeMake memory placeMake memory placeMake memory placeMake memory placeMake memory placeMake memory place
Make memory place

Make memory place
Make memory placeMake memory placeMake memory placeMake memory place


Make memory placeMake memory placeMake memory placeMake memory place
Make memory placeMake memory placeMake memory place
Make memory placeMake memory place
Make memory place

Make memory placeMake memory placeMake memory placeMake memory placeMake memory place



Make memory placeMake memory placeMake memory placeMake memory place



Make memory placeMake memory placeMake memory placeMake memory placeMake memory placeMake memory place

Make memory place
Make memory placeMake memory place
Make memory placeMake memory placeMake memory placeMake memory place

Make memory place
Make memory placeMake memory place
Make memory place

Make memory placeMake memory placeMake memory placeMake memory placeMake memory place
Make memory placeMake memory place
Make memory place
Make memory placeMake memory placeMake memory placeMake memory place
Make memory placeMake memory place



Make memory placeMake memory placeMake memory place


Make memory placeMake memory placeMake memory placeMake memory place

Make memory placeMake memory placeMake memory placeMake memory place

Make memory placeMake memory place
Make memory placeMake memory place
Make memory placeMake memory place
Make memory place

Make memory placeMake memory placeMake memory placeMake memory place
Make memory placeMake memory place


Make memory place
Make memory placeMake memory place
Make memory placeMake memory place
Make memory placeMake memory placeMake memory placeMake memory place
Make memory place

Make memory place

Make memory placeMake memory placeMake memory placeMake memory place


Make memory placeMake memory place
Make memory placeMake memory placeMake memory placeMake memory place
Make memory place
Make memory placeMake memory place
Make memory placeMake memory placeMake memory place
Make memory place

Make memory place
Make memory placeMake memory placeMake memory placeMake memory placeMake memory place

Make memory place
Make memory place

Make memory place



Make memory place

Make memory placeMake memory place











































Initialization complited
Initialization complitedInitialization complitedInitialization complitedInitialization complited

Initialization complited
Initialization complitedInitialization complited
Initialization complitedInitialization complitedInitialization complited



Initialization complitedInitialization complited

Initialization complited
Initialization complitedInitialization complited
Initialization complitedInitialization complitedInitialization complited



Initialization complitedInitialization complited

Initialization complited
Initialization complitedInitialization complited
Initialization complited



Initialization complitedInitialization complitedInitialization complitedInitialization complited
Initialization complitedInitialization complited
Initialization complited

Initialization complited



Initialization complitedInitialization complitedInitialization complitedInitialization complitedInitialization complitedInitialization complitedInitialization complited



Initialization complited



Initialization complitedInitialization complitedInitialization complitedInitialization complitedInitialization complited

Initialization complited
Initialization complitedInitialization complited

Initialization complitedInitialization complited
Initialization complited

Initialization complited


Initialization complitedInitialization complitedInitialization complitedInitialization complited
Initialization complited
Initialization complited

Initialization complited
Initialization complited
Initialization complited
Initialization complitedInitialization complited
Initialization complited
Initialization complited


Initialization complitedInitialization complitedInitialization complitedInitialization complitedInitialization complitedInitialization complitedInitialization complitedInitialization complitedInitialization complited
Initialization complited
Initialization complited

Initialization complitedInitialization complitedInitialization complited
Initialization complitedInitialization complitedInitialization complitedInitialization complited
Initialization complited

Initialization complited
Initialization complitedInitialization complitedInitialization complited




Initialization complitedInitialization complited
Initialization complited

Initialization complitedInitialization complitedInitialization complitedInitialization complitedInitialization complitedInitialization complitedInitialization complitedInitialization complitedInitialization complitedInitialization complitedInitialization complited

Initialization complited
Initialization complitedInitialization complitedInitialization complitedInitialization complitedInitialization complitedInitialization complitedInitialization complited
Initialization complited
Initialization complitedInitialization complited
Initialization complited
Initialization complitedInitialization complitedInitialization complited


Initialization complited
Initialization complitedInitialization complited



Initialization complited
Initialization complitedInitialization complited

Initialization complitedInitialization complited





Initialization complitedInitialization complited



















Start parallel section


Start parallel sectionStart parallel sectionStart parallel sectionStart parallel sectionStart parallel sectionStart parallel sectionStart parallel sectionStart parallel sectionStart parallel sectionStart parallel sectionStart parallel sectionStart parallel sectionStart parallel sectionStart parallel sectionStart parallel sectionStart parallel sectionStart parallel sectionStart parallel sectionStart parallel sectionStart parallel sectionStart parallel sectionStart parallel sectionStart parallel sectionStart parallel sectionStart parallel sectionStart parallel sectionStart parallel sectionStart parallel sectionStart parallel sectionStart parallel sectionStart parallel sectionStart parallel sectionStart parallel sectionStart parallel sectionStart parallel sectionStart parallel sectionStart parallel sectionStart parallel sectionStart parallel sectionStart parallel sectionStart parallel sectionStart parallel sectionStart parallel sectionStart parallel sectionStart parallel sectionStart parallel sectionStart parallel sectionStart parallel sectionStart parallel sectionStart parallel sectionStart parallel sectionStart parallel sectionStart parallel sectionStart parallel sectionStart parallel sectionStart parallel sectionStart parallel sectionStart parallel sectionStart parallel sectionStart parallel sectionStart parallel sectionStart parallel sectionStart parallel sectionStart parallel sectionStart parallel sectionStart parallel sectionStart parallel sectionStart parallel sectionStart parallel sectionStart parallel sectionStart parallel sectionStart parallel sectionStart parallel sectionStart parallel sectionStart parallel sectionStart parallel sectionStart parallel sectionStart parallel sectionStart parallel sectionStart parallel sectionStart parallel sectionStart parallel sectionStart parallel sectionStart parallel sectionStart parallel sectionStart parallel sectionStart parallel sectionStart parallel sectionStart parallel sectionStart parallel sectionStart parallel sectionStart parallel sectionStart parallel sectionStart parallel sectionStart parallel sectionStart parallel sectionStart parallel sectionStart parallel sectionStart parallel sectionStart parallel sectionStart parallel sectionStart parallel sectionStart parallel sectionStart parallel sectionStart parallel sectionStart parallel sectionStart parallel sectionStart parallel sectionStart parallel sectionStart parallel sectionStart parallel sectionStart parallel sectionStart parallel sectionStart parallel sectionStart parallel sectionStart parallel sectionStart parallel sectionStart parallel sectionStart parallel sectionStart parallel sectionStart parallel sectionStart parallel sectionStart parallel sectionStart parallel section
Start parallel sectionStart parallel sectionStart parallel section



























































































































Process 7: Before 1 for



Process 3: Before 1 for
Process 39: Before 1 for
Process 71: Before 1 for
Process 103: Before 1 for
Process 19: Before 1 for
Process 35: Before 1 for
Process 67: Before 1 for
Process 99: Before 1 for
Process 23: Before 1 for
Process 51: Before 1 for
Process 83: Before 1 for
Process 115: Before 1 for
Process 22: Before 1 for
Process 55: Before 1 for
Process 87: Before 1 for
Process 119: Before 1 for
Process 26: Before 1 for
Process 54: Before 1 for
Process 86: Before 1 for
Process 118: Before 1 for
Process 25: Before 1 for
Process 58: Before 1 for
Process 90: Before 1 for
Process 122: Before 1 for
Process 29: Before 1 for
Process 57: Before 1 for
Process 89: Before 1 for
Process 121: Before 1 for
Process 13: Before 1 for
Process 61: Before 1 for
Process 93: Before 1 for
Process 125: Before 1 for
Process 9: Before 1 for
Process 45: Before 1 for
Process 77: Before 1 for
Process 109: Before 1 for
Process 24: Before 1 for
Process 41: Before 1 for
Process 73: Before 1 for
Process 105: Before 1 for
Process 28: Before 1 for
Process 56: Before 1 for
Process 88: Before 1 for
Process 120: Before 1 for
Process 12: Before 1 for
Process 60: Before 1 for
Process 92: Before 1 for
Process 124: Before 1 for
Process 8: Before 1 for
Process 44: Before 1 for
Process 76: Before 1 for
Process 108: Before 1 for
Process 10: Before 1 for
Process 40: Before 1 for
Process 72: Before 1 for
Process 104: Before 1 for
Process 14: Before 1 for
Process 42: Before 1 for
Process 74: Before 1 for
Process 106: Before 1 for
Process 30: Before 1 for
Process 46: Before 1 for
Process 78: Before 1 for
Process 110: Before 1 for
Process 11: Before 1 for
Process 62: Before 1 for
Process 94: Before 1 for
Process 126: Before 1 for
Process 15: Before 1 for
Process 43: Before 1 for
Process 75: Before 1 for
Process 107: Before 1 for
Process 31: Before 1 for
Process 47: Before 1 for
Process 79: Before 1 for
Process 111: Before 1 for
Process 27: Before 1 for
Process 63: Before 1 for
Process 95: Before 1 for
Process 127: Before 1 for
Process 6: Before 1 for
Process 59: Before 1 for
Process 91: Before 1 for
Process 123: Before 1 for
Process 2: Before 1 for
Process 38: Before 1 for
Process 70: Before 1 for
Process 102: Before 1 for
Process 18: Before 1 for
Process 34: Before 1 for
Process 66: Before 1 for
Process 98: Before 1 for
Process 21: Before 1 for
Process 50: Before 1 for
Process 82: Before 1 for
Process 114: Before 1 for
Process 17: Before 1 for
Process 53: Before 1 for
Process 85: Before 1 for
Process 117: Before 1 for
Process 1: Before 1 for
Process 49: Before 1 for
Process 81: Before 1 for
Process 113: Before 1 for
Process 5: Before 1 for
Process 33: Before 1 for
Process 65: Before 1 for
Process 97: Before 1 for
Process 20: Before 1 for
Process 37: Before 1 for
Process 69: Before 1 for
Process 101: Before 1 for
Process 16: Before 1 for
Process 52: Before 1 for
Process 84: Before 1 for
Process 116: Before 1 for
Process 4: Before 1 for
Process 48: Before 1 for
Process 80: Before 1 for
Process 112: Before 1 for
Process 0: Run timer
Process 36: Before 1 for
Process 68: Before 1 for
Process 100: Before 1 for
Process 7: Before 2 for
Process 32: Before 1 for
Process 64: Before 1 for
Process 96: Before 1 for
Process 3: Before 2 for
Process 39: Before 2 for
Process 71: Before 2 for
Process 103: Before 2 for
Process 19: Before 2 for
Process 35: Before 2 for
Process 67: Before 2 for
Process 99: Before 2 for
Process 23: Before 2 for
Process 51: Before 2 for
Process 83: Before 2 for
Process 115: Before 2 for
Process 22: Before 2 for
Process 55: Before 2 for
Process 87: Before 2 for
Process 119: Before 2 for
Process 26: Before 2 for
Process 54: Before 2 for
Process 86: Before 2 for
Process 118: Before 2 for
Process 25: Before 2 for
Process 58: Before 2 for
Process 90: Before 2 for
Process 122: Before 2 for
Process 29: Before 2 for
Process 57: Before 2 for
Process 89: Before 2 for
Process 121: Before 2 for
Process 13: Before 2 for
Process 61: Before 2 for
Process 93: Before 2 for
Process 125: Before 2 for
Process 9: Before 2 for
Process 45: Before 2 for
Process 77: Before 2 for
Process 109: Before 2 for
Process 24: Before 2 for
Process 41: Before 2 for
Process 73: Before 2 for
Process 105: Before 2 for
Process 28: Before 2 for
Process 56: Before 2 for
Process 88: Before 2 for
Process 120: Before 2 for
Process 12: Before 2 for
Process 60: Before 2 for
Process 92: Before 2 for
Process 124: Before 2 for
Process 8: Before 2 for
Process 44: Before 2 for
Process 76: Before 2 for
Process 108: Before 2 for
Process 10: Before 2 for
Process 40: Before 2 for
Process 72: Before 2 for
Process 104: Before 2 for
Process 14: Before 2 for
Process 42: Before 2 for
Process 74: Before 2 for
Process 106: Before 2 for
Process 30: Before 2 for
Process 46: Before 2 for
Process 78: Before 2 for
Process 110: Before 2 for
Process 11: Before 2 for
Process 62: Before 2 for
Process 94: Before 2 for
Process 126: Before 2 for
Process 15: Before 2 for
Process 43: Before 2 for
Process 75: Before 2 for
Process 107: Before 2 for
Process 31: Before 2 for
Process 47: Before 2 for
Process 79: Before 2 for
Process 111: Before 2 for
Process 27: Before 2 for
Process 63: Before 2 for
Process 95: Before 2 for
Process 127: Before 2 for
Process 6: Before 2 for
Process 59: Before 2 for
Process 91: Before 2 for
Process 123: Before 2 for
Process 2: Before 2 for
Process 38: Before 2 for
Process 70: Before 2 for
Process 102: Before 2 for
Process 18: Before 2 for
Process 34: Before 2 for
Process 66: Before 2 for
Process 98: Before 2 for
Process 21: Before 2 for
Process 50: Before 2 for
Process 82: Before 2 for
Process 114: Before 2 for
Process 17: Before 2 for
Process 53: Before 2 for
Process 85: Before 2 for
Process 117: Before 2 for
Process 1: Before 2 for
Process 49: Before 2 for
Process 81: Before 2 for
Process 113: Before 2 for
Process 5: Before 2 for
Process 33: Before 2 for
Process 65: Before 2 for
Process 97: Before 2 for
Process 20: Before 2 for
Process 37: Before 2 for
Process 69: Before 2 for
Process 101: Before 2 for
Process 16: Before 2 for
Process 52: Before 2 for
Process 84: Before 2 for
Process 116: Before 2 for
Process 4: Before 2 for
Process 48: Before 2 for
Process 80: Before 2 for
Process 112: Before 2 for
Nthread = 128
Process 36: Before 2 for
Process 68: Before 2 for
Process 100: Before 2 for
Process 0: Before 1 for
Process 32: Before 2 for
Process 64: Before 2 for
Process 96: Before 2 for
Process 0: Before 2 for
Process 54: Before 3 for
Process 86: Before 3 for
Process 22: Before 3 for
Process 90: Before 3 for
Process 122: Before 3 for
Process 26: Before 3 for
Process 57: Before 3 for
Process 93: Before 3 for
Process 118: Before 3 for
Process 25: Before 3 for
Process 58: Before 3 for
Process 89: Before 3 for
Process 121: Before 3 for
Process 29: Before 3 for
Process 61: Before 3 for
Process 73: Before 3 for
Process 125: Before 3 for
Process 13: Before 3 for
Process 45: Before 3 for
Process 77: Before 3 for
Process 105: Before 3 for
Process 9: Before 3 for
Process 41: Before 3 for
Process 88: Before 3 for
Process 109: Before 3 for
Process 24: Before 3 for
Process 56: Before 3 for
Process 76: Before 3 for
Process 120: Before 3 for
Process 28: Before 3 for
Process 44: Before 3 for
Process 92: Before 3 for
Process 124: Before 3 for
Process 8: Before 3 for
Process 60: Before 3 for
Process 72: Before 3 for
Process 108: Before 3 for
Process 12: Before 3 for
Process 40: Before 3 for
Process 74: Before 3 for
Process 104: Before 3 for
Process 10: Before 3 for
Process 42: Before 3 for
Process 78: Before 3 for
Process 106: Before 3 for
Process 30: Before 3 for
Process 62: Before 3 for
Process 94: Before 3 for
Process 110: Before 3 for
Process 14: Before 3 for
Process 46: Before 3 for
Process 70: Before 3 for
Process 126: Before 3 for
Process 6: Before 3 for
Process 38: Before 3 for
Process 86: Before 4 for
Process 102: Before 3 for
Process 22: Before 4 for
Process 54: Before 4 for
Process 66: Before 3 for
Process 98: Before 3 for
Process 18: Before 3 for
Process 34: Before 3 for
Process 90: Before 4 for
Process 122: Before 4 for
Process 2: Before 3 for
Process 50: Before 3 for
Process 82: Before 3 for
Process 114: Before 3 for
Process 26: Before 4 for
Process 57: Before 4 for
Process 85: Before 3 for
Process 117: Before 3 for
Process 21: Before 3 for
Process 58: Before 4 for
Process 89: Before 4 for
Process 118: Before 4 for
Process 25: Before 4 for
Process 61: Before 4 for
Process 93: Before 4 for
Process 121: Before 4 for
Process 29: Before 4 for
Process 53: Before 3 for
Process 81: Before 3 for
Process 113: Before 3 for
Process 1: Before 3 for
Process 49: Before 3 for
Process 73: Before 4 for
Process 97: Before 3 for
Process 13: Before 4 for
Process 33: Before 3 for
Process 65: Before 3 for
Process 125: Before 4 for
Process 17: Before 3 for
Process 45: Before 4 for
Process 77: Before 4 for
Process 105: Before 4 for
Process 9: Before 4 for
Process 37: Before 3 for
Process 69: Before 3 for
Process 101: Before 3 for
Process 5: Before 3 for
Process 41: Before 4 for
Process 88: Before 4 for
Process 109: Before 4 for
Process 20: Before 3 for
Process 56: Before 4 for
Process 84: Before 3 for
Process 120: Before 4 for
Process 24: Before 4 for
Process 52: Before 3 for
Process 92: Before 4 for
Process 116: Before 3 for
Process 16: Before 3 for
Process 44: Before 4 for
Process 76: Before 4 for
Process 112: Before 3 for
Process 4: Before 3 for
Process 60: Before 4 for
Process 80: Before 3 for
Process 100: Before 3 for
Process 28: Before 4 for
Process 40: Before 4 for
Process 72: Before 4 for
Process 124: Before 4 for
Process 8: Before 4 for
Process 48: Before 3 for
Process 68: Before 3 for
Process 96: Before 3 for
Process 12: Before 4 for
Process 42: Before 4 for
Process 64: Before 3 for
Process 108: Before 4 for
Process 10: Before 4 for
Process 62: Before 4 for
Process 74: Before 4 for
Process 104: Before 4 for
Process 30: Before 4 for
Process 36: Before 3 for
Process 78: Before 4 for
Process 106: Before 4 for
Process 14: Before 4 for
Process 32: Before 3 for
Process 94: Before 4 for
Process 110: Before 4 for
Process 6: Before 4 for
Process 46: Before 4 for
Process 70: Before 4 for
Process 126: Before 4 for
Process 18: Before 4 for
Process 38: Before 4 for
Process 66: Before 4 for
Process 102: Before 4 for
Process 2: Before 4 for
Process 34: Before 4 for
Process 82: Before 4 for
Process 98: Before 4 for
Process 21: Before 4 for
Process 50: Before 4 for
Process 85: Before 4 for
Process 114: Before 4 for
Process 1: Before 4 for
Process 53: Before 4 for
Process 81: Before 4 for
Process 117: Before 4 for
Process 17: Before 4 for
Process 49: Before 4 for
Process 65: Before 4 for
Process 113: Before 4 for
Process 5: Before 4 for
Process 33: Before 4 for
Process 69: Before 4 for
Process 97: Before 4 for
Process 20: Before 4 for
Process 37: Before 4 for
Process 84: Before 4 for
Process 101: Before 4 for
Process 16: Before 4 for
Process 52: Before 4 for
Process 80: Before 4 for
Process 116: Before 4 for
Process 4: Before 4 for
Process 48: Before 4 for
Process 68: Before 4 for
Process 112: Before 4 for
Process 0: Before 3 for
Process 36: Before 4 for
Process 64: Before 4 for
Process 100: Before 4 for
Process 0: Before 4 for
Process 32: Before 4 for
Process 96: Before 4 for
Process 39: Before 3 for
Process 71: Before 3 for
Process 3: Before 3 for
Process 35: Before 3 for
Process 67: Before 3 for
Process 103: Before 3 for
Process 7: Before 3 for
Process 51: Before 3 for
Process 83: Before 3 for
Process 115: Before 3 for
Process 19: Before 3 for
Process 55: Before 3 for
Process 87: Before 3 for
Process 99: Before 3 for
Process 23: Before 3 for
Process 47: Before 3 for
Process 119: Before 3 for
Process 11: Before 3 for
Process 43: Before 3 for
Process 75: Before 3 for
Process 107: Before 3 for
Process 15: Before 3 for
Process 39: Before 4 for
Process 79: Before 3 for
Process 111: Before 3 for
Process 3: Before 4 for
Process 35: Before 4 for
Process 95: Before 3 for
Process 127: Before 3 for
Process 7: Before 4 for
Process 63: Before 3 for
Process 91: Before 3 for
Process 103: Before 4 for
Process 19: Before 4 for
Process 59: Before 3 for
Process 71: Before 4 for
Process 123: Before 3 for
Process 31: Before 3 for
Process 51: Before 4 for
Process 67: Before 4 for
Process 115: Before 4 for
Process 27: Before 3 for
Process 55: Before 4 for
Process 83: Before 4 for
Process 99: Before 4 for
Process 23: Before 4 for
Process 47: Before 4 for
Process 87: Before 4 for
Process 119: Before 4 for
Process 11: Before 4 for
Process 43: Before 4 for
Process 107: Before 4 for
Process 15: Before 4 for
Process 63: Before 4 for
Process 75: Before 4 for
Process 111: Before 4 for
Process 31: Before 4 for
Process 59: Before 4 for
Process 79: Before 4 for
Process 127: Before 4 for
Process 27: Before 4 for
Process 95: Before 4 for
Process 123: Before 4 for
Process 91: Before 4 for
Process 54::Reached the barrier
Process 86::Reached the barrier
Process 122::Reached the barrier
Process 22::Reached the barrier
Process 57::Reached the barrier
Process 90::Reached the barrier
Process 118::Reached the barrier
Process 26::Reached the barrier
Process 58::Reached the barrier
Process 89::Reached the barrier
Process 121::Reached the barrier
Process 25::Reached the barrier
Process 61::Reached the barrier
Process 93::Reached the barrier
Process 105::Reached the barrier
Process 29::Reached the barrier
Process 45::Reached the barrier
Process 73::Reached the barrier
Process 125::Reached the barrier
Process 13::Reached the barrier
Process 41::Reached the barrier
Process 77::Reached the barrier
Process 109::Reached the barrier
Process 9::Reached the barrier
Process 56::Reached the barrier
Process 88::Reached the barrier
Process 24::Reached the barrier
Process 44::Reached the barrier
Process 92::Reached the barrier
Process 120::Reached the barrier
Process 28::Reached the barrier
Process 60::Reached the barrier
Process 76::Reached the barrier
Process 124::Reached the barrier
Process 8::Reached the barrier
Process 40::Reached the barrier
Process 72::Reached the barrier
Process 108::Reached the barrier
Process 12::Reached the barrier
Process 42::Reached the barrier
Process 74::Reached the barrier
Process 106::Reached the barrier
Process 10::Reached the barrier
Process 62::Reached the barrier
Process 78::Reached the barrier
Process 104::Reached the barrier
Process 30::Reached the barrier
Process 46::Reached the barrier
Process 94::Reached the barrier
Process 110::Reached the barrier
Process 14::Reached the barrier
Process 38::Reached the barrier
Process 70::Reached the barrier
Process 126::Reached the barrier
Process 6::Reached the barrier
Process 34::Reached the barrier
Process 66::Reached the barrier
Process 102::Reached the barrier
Process 18::Reached the barrier
Process 50::Reached the barrier
Process 82::Reached the barrier
Process 98::Reached the barrier
Process 2::Reached the barrier
Process 53::Reached the barrier
Process 85::Reached the barrier
Process 114::Reached the barrier
Process 21::Reached the barrier
Process 49::Reached the barrier
Process 81::Reached the barrier
Process 117::Reached the barrier
Process 1::Reached the barrier
Process 33::Reached the barrier
Process 65::Reached the barrier
Process 113::Reached the barrier
Process 17::Reached the barrier
Process 37::Reached the barrier
Process 69::Reached the barrier
Process 97::Reached the barrier
Process 5::Reached the barrier
Process 52::Reached the barrier
Process 84::Reached the barrier
Process 101::Reached the barrier
Process 20::Reached the barrier
Process 48::Reached the barrier
Process 116::Reached the barrier
Process 16::Reached the barrier
Process 36::Reached the barrier
Process 80::Reached the barrier
Process 112::Reached the barrier
Process 4::Reached the barrier
Process 32::Reached the barrier
Process 64::Reached the barrier
Process 100::Reached the barrier
Process 68::Reached the barrier
Process 96::Reached the barrier
Process 0: Timer stoped
Time in seconds = 1.441634
Process 0::Reached the barrier
Process 3::Reached the barrier
Process 39::Reached the barrier
Process 67::Reached the barrier
Process 103::Reached the barrier
Process 35::Reached the barrier
Process 71::Reached the barrier
Process 7::Reached the barrier
Process 51::Reached the barrier
Process 83::Reached the barrier
Process 115::Reached the barrier
Process 19::Reached the barrier
Process 55::Reached the barrier
Process 87::Reached the barrier
Process 99::Reached the barrier
Process 23::Reached the barrier
Process 47::Reached the barrier
Process 119::Reached the barrier
Process 11::Reached the barrier
Process 43::Reached the barrier
Process 75::Reached the barrier
Process 15::Reached the barrier
Process 63::Reached the barrier
Process 79::Reached the barrier
Process 107::Reached the barrier
Process 31::Reached the barrier
Process 59::Reached the barrier
Process 95::Reached the barrier
Process 111::Reached the barrier
Process 27::Reached the barrier
Process 91::Reached the barrier
Process 127::Reached the barrier
Process 0::Finish
Process 123::Reached the barrier
