Start_pogramStart_pogramStart_pogramStart_pogramStart_pogramStart_pogramStart_pogramStart_pogramStart_pogramStart_pogramStart_pogramStart_pogramStart_pogramStart_pogramStart_pogramStart_pogramStart_pogramStart_pogramStart_pogramStart_pogramStart_pogramStart_pogramStart_pogramStart_pogramStart_pogramStart_pogramStart_pogramStart_pogramStart_pogramStart_pogramStart_pogramStart_pogram































Make memory placeMake memory place
Make memory place
Make memory placeMake memory placeMake memory place
Make memory place
Make memory place
Make memory placeMake memory place
Make memory place
Make memory placeMake memory place
Make memory placeMake memory placeMake memory place

Make memory placeMake memory placeMake memory place
Make memory placeMake memory place

Make memory placeMake memory placeMake memory place
Make memory place
Make memory place
Make memory placeMake memory placeMake memory place
Make memory place

Make memory placeMake memory place












Initialization complitedInitialization complited

Initialization complited
Initialization complitedInitialization complited

Initialization complitedInitialization complited

Initialization complited
Initialization complitedInitialization complited

Initialization complited
Initialization complitedInitialization complited

Initialization complited
Initialization complitedInitialization complited

Initialization complited
Initialization complitedInitialization complited
Initialization complited
Initialization complitedInitialization complitedInitialization complited
Initialization complited
Initialization complitedInitialization complited
Initialization complited
Initialization complited
Initialization complitedInitialization complited
Initialization complited
Initialization complited





Start parallel sectionStart parallel sectionStart parallel sectionStart parallel sectionStart parallel sectionStart parallel sectionStart parallel sectionStart parallel sectionStart parallel sectionStart parallel sectionStart parallel sectionStart parallel sectionStart parallel sectionStart parallel sectionStart parallel sectionStart parallel sectionStart parallel sectionStart parallel sectionStart parallel sectionStart parallel sectionStart parallel sectionStart parallel sectionStart parallel sectionStart parallel sectionStart parallel sectionStart parallel sectionStart parallel sectionStart parallel sectionStart parallel sectionStart parallel sectionStart parallel sectionStart parallel section































Process 7: Before 1 for
Process 3: Before 1 for
Process 19: Before 1 for
Process 23: Before 1 for
Process 22: Before 1 for
Process 26: Before 1 for
Process 25: Before 1 for
Process 29: Before 1 for
Process 13: Before 1 for
Process 9: Before 1 for
Process 24: Before 1 for
Process 28: Before 1 for
Process 12: Before 1 for
Process 8: Before 1 for
Process 10: Before 1 for
Process 14: Before 1 for
Process 30: Before 1 for
Process 11: Before 1 for
Process 15: Before 1 for
Process 31: Before 1 for
Process 27: Before 1 for
Process 6: Before 1 for
Process 2: Before 1 for
Process 18: Before 1 for
Process 21: Before 1 for
Process 17: Before 1 for
Process 1: Before 1 for
Process 5: Before 1 for
Process 20: Before 1 for
Process 16: Before 1 for
Process 4: Before 1 for
Process 0: Run timer
Process 7: Before 2 for
Process 3: Before 2 for
Process 19: Before 2 for
Process 23: Before 2 for
Process 22: Before 2 for
Process 26: Before 2 for
Process 25: Before 2 for
Process 29: Before 2 for
Process 13: Before 2 for
Process 9: Before 2 for
Process 24: Before 2 for
Process 28: Before 2 for
Process 12: Before 2 for
Process 8: Before 2 for
Process 10: Before 2 for
Process 14: Before 2 for
Process 30: Before 2 for
Process 11: Before 2 for
Process 15: Before 2 for
Process 31: Before 2 for
Nthread = 32
Process 27: Before 2 for
Process 6: Before 2 for
Process 2: Before 2 for
Process 18: Before 2 for
Process 21: Before 2 for
Process 17: Before 2 for
Process 1: Before 2 for
Process 5: Before 2 for
Process 20: Before 2 for
Process 16: Before 2 for
Process 4: Before 2 for
Process 0: Before 1 for
Process 0: Before 2 for
Process 7: Before 3 for
Process 19: Before 3 for
Process 3: Before 3 for
Process 22: Before 3 for
Process 23: Before 3 for
Process 25: Before 3 for
Process 26: Before 3 for
Process 29: Before 3 for
Process 13: Before 3 for
Process 9: Before 3 for
Process 24: Before 3 for
Process 28: Before 3 for
Process 10: Before 3 for
Process 11: Before 3 for
Process 12: Before 3 for
Process 8: Before 3 for
Process 14: Before 3 for
Process 30: Before 3 for
Process 31: Before 3 for
Process 15: Before 3 for
Process 27: Before 3 for
Process 6: Before 3 for
Process 2: Before 3 for
Process 18: Before 3 for
Process 21: Before 3 for
Process 17: Before 3 for
Process 1: Before 3 for
Process 16: Before 3 for
Process 5: Before 3 for
Process 20: Before 3 for
Process 4: Before 3 for
Process 0: Before 3 for
Process 7: Before 4 for
Process 19: Before 4 for
Process 3: Before 4 for
Process 22: Before 4 for
Process 23: Before 4 for
Process 25: Before 4 for
Process 26: Before 4 for
Process 29: Before 4 for
Process 13: Before 4 for
Process 9: Before 4 for
Process 24: Before 4 for
Process 28: Before 4 for
Process 10: Before 4 for
Process 11: Before 4 for
Process 12: Before 4 for
Process 8: Before 4 for
Process 14: Before 4 for
Process 30: Before 4 for
Process 31: Before 4 for
Process 15: Before 4 for
Process 27: Before 4 for
Process 6: Before 4 for
Process 2: Before 4 for
Process 18: Before 4 for
Process 21: Before 4 for
Process 17: Before 4 for
Process 1: Before 4 for
Process 5: Before 4 for
Process 16: Before 4 for
Process 20: Before 4 for
Process 4: Before 4 for
Process 0: Before 4 for
Process 7::Reached the barrier
Process 3::Reached the barrier
Process 19::Reached the barrier
Process 22::Reached the barrier
Process 23::Reached the barrier
Process 25::Reached the barrier
Process 29::Reached the barrier
Process 26::Reached the barrier
Process 13::Reached the barrier
Process 24::Reached the barrier
Process 10::Reached the barrier
Process 9::Reached the barrier
Process 28::Reached the barrier
Process 11::Reached the barrier
Process 12::Reached the barrier
Process 8::Reached the barrier
Process 14::Reached the barrier
Process 31::Reached the barrier
Process 30::Reached the barrier
Process 27::Reached the barrier
Process 15::Reached the barrier
Process 6::Reached the barrier
Process 2::Reached the barrier
Process 21::Reached the barrier
Process 18::Reached the barrier
Process 1::Reached the barrier
Process 5::Reached the barrier
Process 17::Reached the barrier
Process 20::Reached the barrier
Process 16::Reached the barrier
Process 4::Reached the barrier
Process 0: Timer stoped
Time in seconds = 5.989554
Process 0::Reached the barrier
Process 0::Finish
