Start_pogramStart_pogramStart_pogramStart_pogram



Make memory placeMake memory place
Make memory place
Make memory place

Initialization complitedInitialization complited

Initialization complitedInitialization complited

Start parallel sectionStart parallel sectionStart parallel sectionStart parallel section



Process 3: Before 1 for
Process 2: Before 1 for
Process 1: Before 1 for
Process 0: Run timer
Nthread = 4
Process 0: Before 1 for
Process 3: Before 2 for
Process 2: Before 2 for
Process 1: Before 2 for
Process 0: Before 2 for
Process 2: Before 3 for
Process 3: Before 3 for
Process 1: Before 3 for
Process 0: Before 3 for
Process 2: Before 4 for
Process 3: Before 4 for
Process 1: Before 4 for
Process 0: Before 4 for
Process 2::Reached the barrier
Process 3::Reached the barrier
Process 1::Reached the barrier
Process 0: Timer stoped
Time in seconds = 47.906792
Process 0::Reached the barrier
Process 0::Finish
