Start_pogramStart_pogramStart_pogramStart_pogramStart_pogramStart_pogramStart_pogramStart_pogram







Make memory placeMake memory place
Make memory place
Make memory placeMake memory place
Make memory place
Make memory place
Make memory place


Initialization complitedInitialization complited

Initialization complitedInitialization complited

Initialization complitedInitialization complitedInitialization complited

Initialization complited

Start parallel sectionStart parallel sectionStart parallel sectionStart parallel sectionStart parallel sectionStart parallel sectionStart parallel sectionStart parallel section







Process 7: Before 1 for
Process 3: Before 1 for
Process 6: Before 1 for
Process 2: Before 1 for
Process 1: Before 1 for
Process 5: Before 1 for
Process 4: Before 1 for
Process 0: Run timer
Nthread = 8
Process 0: Before 1 for
Process 7: Before 2 for
Process 3: Before 2 for
Process 6: Before 2 for
Process 2: Before 2 for
Process 1: Before 2 for
Process 5: Before 2 for
Process 4: Before 2 for
Process 0: Before 2 for
Process 7: Before 3 for
Process 4: Before 3 for
Process 6: Before 3 for
Process 3: Before 3 for
Process 5: Before 3 for
Process 2: Before 3 for
Process 1: Before 3 for
Process 0: Before 3 for
Process 7: Before 4 for
Process 4: Before 4 for
Process 6: Before 4 for
Process 3: Before 4 for
Process 5: Before 4 for
Process 2: Before 4 for
Process 1: Before 4 for
Process 0: Before 4 for
Process 7::Reached the barrier
Process 4::Reached the barrier
Process 6::Reached the barrier
Process 5::Reached the barrier
Process 3::Reached the barrier
Process 2::Reached the barrier
Process 1::Reached the barrier
Process 0: Timer stoped
Time in seconds = 23.953900
Process 0::Reached the barrier
Process 0::Finish
