Sender: LSF System <lsfadmin@polus-c2-ib.bmc.hpc.cs.msu.ru>
Subject: Job 843910: <# this file was automaticly created by mpisubmit.pl script for edu-cmc-sqi21-01 #;source /polusfs/setenv/setup.SMPI;#BSUB -n 16;#BSUB -W 00:15;#BSUB -o ./out_files/mpi/l/16.out;#BSUB -e ./err_files/mpi/l/16.err;OMP_NUM_THREADS=1 mpiexec ./2mm_mpi_l> in cluster <MSUCluster> Exited

Job <# this file was automaticly created by mpisubmit.pl script for edu-cmc-sqi21-01 #;source /polusfs/setenv/setup.SMPI;#BSUB -n 16;#BSUB -W 00:15;#BSUB -o ./out_files/mpi/l/16.out;#BSUB -e ./err_files/mpi/l/16.err;OMP_NUM_THREADS=1 mpiexec ./2mm_mpi_l> was submitted from host <polus-ib.bmc.hpc.cs.msu.ru> by user <edu-cmc-sqi21-01> in cluster <MSUCluster> at Fri Dec 17 00:52:05 2021
Job was executed on host(s) <16*polus-c2-ib.bmc.hpc.cs.msu.ru>, in queue <short>, as user <edu-cmc-sqi21-01> in cluster <MSUCluster> at Fri Dec 17 00:52:20 2021
</home_edu/edu-cmc-sqi21/edu-cmc-sqi21-01> was used as the home directory.
</home_edu/edu-cmc-sqi21/edu-cmc-sqi21-01/skipod/skipod_git/2mm> was used as the working directory.
Started at Fri Dec 17 00:52:20 2021
Terminated at Fri Dec 17 00:52:22 2021
Results reported at Fri Dec 17 00:52:22 2021

Your job looked like:

------------------------------------------------------------
# LSBATCH: User input
# this file was automaticly created by mpisubmit.pl script for edu-cmc-sqi21-01 #
source /polusfs/setenv/setup.SMPI
#BSUB -n 16
#BSUB -W 00:15
#BSUB -o ./out_files/mpi/l/16.out
#BSUB -e ./err_files/mpi/l/16.err
OMP_NUM_THREADS=1 mpiexec ./2mm_mpi_l

------------------------------------------------------------

Exited with exit code 1.

Resource usage summary:

    CPU time :                                   0.37 sec.
    Max Memory :                                 1 MB
    Average Memory :                             1.00 MB
    Total Requested Memory :                     -
    Delta Memory :                               -
    Max Swap :                                   -
    Max Processes :                              1
    Max Threads :                                1
    Run time :                                   2 sec.
    Turnaround time :                            17 sec.

The output (if any) follows:

-------------------------------------------------------
Primary job  terminated normally, but 1 process returned
a non-zero exit code.. Per user-direction, the job has been aborted.
-------------------------------------------------------
--------------------------------------------------------------------------
mpiexec detected that one or more processes exited with non-zero status, thus causing
the job to be terminated. The first process to do so was:

  Process name: [[21263,1],0]
  Exit code:    1
--------------------------------------------------------------------------


PS:

Read file <./err_files/mpi/l/16.err> for stderr output of this job.

