Sender: LSF System <lsfadmin@polus-c4-ib.bmc.hpc.cs.msu.ru>
Subject: Job 834779: <./2mm_mpi> in cluster <MSUCluster> Done

Job <./2mm_mpi> was submitted from host <polus-ib.bmc.hpc.cs.msu.ru> by user <edu-cmc-sqi21-01> in cluster <MSUCluster> at Mon Dec 13 14:35:35 2021
Job was executed on host(s) <polus-c4-ib.bmc.hpc.cs.msu.ru>, in queue <short>, as user <edu-cmc-sqi21-01> in cluster <MSUCluster> at Mon Dec 13 14:35:35 2021
</home_edu/edu-cmc-sqi21/edu-cmc-sqi21-01> was used as the home directory.
</home_edu/edu-cmc-sqi21/edu-cmc-sqi21-01/skipod/skipod_polus/2mm> was used as the working directory.
Started at Mon Dec 13 14:35:35 2021
Terminated at Mon Dec 13 14:35:49 2021
Results reported at Mon Dec 13 14:35:49 2021

Your job looked like:

------------------------------------------------------------
# LSBATCH: User input
./2mm_mpi
------------------------------------------------------------

Successfully completed.

Resource usage summary:

    CPU time :                                   13.00 sec.
    Max Memory :                                 110 MB
    Average Memory :                             30.25 MB
    Total Requested Memory :                     -
    Delta Memory :                               -
    Max Swap :                                   -
    Max Processes :                              4
    Max Threads :                                12
    Run time :                                   18 sec.
    Turnaround time :                            14 sec.

The output (if any) follows:

Nthread = 1
Time in seconds = 12.834898
