Sender: LSF System <lsfadmin@polus-c3-ib.bmc.hpc.cs.msu.ru>
Subject: Job 846166: <#BSUB -n 17;#BSUB -W 00:15;#BSUB -o "./out_files/omp/l/128.out";#BSUB -e "./err_files/omp/l/128.err";#BSUB -R "span[hosts=1]";OMP_NUM_THREADS=128 ./2mm_omp_l> in cluster <MSUCluster> Done

Job <#BSUB -n 17;#BSUB -W 00:15;#BSUB -o "./out_files/omp/l/128.out";#BSUB -e "./err_files/omp/l/128.err";#BSUB -R "span[hosts=1]";OMP_NUM_THREADS=128 ./2mm_omp_l> was submitted from host <polus-ib.bmc.hpc.cs.msu.ru> by user <edu-cmc-sqi21-01> in cluster <MSUCluster> at Fri Dec 17 21:09:24 2021
Job was executed on host(s) <17*polus-c3-ib.bmc.hpc.cs.msu.ru>, in queue <short>, as user <edu-cmc-sqi21-01> in cluster <MSUCluster> at Fri Dec 17 21:10:35 2021
</home_edu/edu-cmc-sqi21/edu-cmc-sqi21-01> was used as the home directory.
</home_edu/edu-cmc-sqi21/edu-cmc-sqi21-01/skipod/skipod_git/2mm> was used as the working directory.
Started at Fri Dec 17 21:10:35 2021
Terminated at Fri Dec 17 21:10:37 2021
Results reported at Fri Dec 17 21:10:37 2021

Your job looked like:

------------------------------------------------------------
# LSBATCH: User input
#BSUB -n 17
#BSUB -W 00:15
#BSUB -o "./out_files/omp/l/128.out"
#BSUB -e "./err_files/omp/l/128.err"
#BSUB -R "span[hosts=1]"
OMP_NUM_THREADS=128 ./2mm_omp_l

------------------------------------------------------------

Successfully completed.

Resource usage summary:

    CPU time :                                   95.87 sec.
    Max Memory :                                 31 MB
    Average Memory :                             21.00 MB
    Total Requested Memory :                     -
    Delta Memory :                               -
    Max Swap :                                   -
    Max Processes :                              4
    Max Threads :                                132
    Run time :                                   2 sec.
    Turnaround time :                            73 sec.

The output (if any) follows:

Nthread = 128
Time in seconds = 1.267907


PS:

Read file <./err_files/omp/l/128.err> for stderr output of this job.

