Sender: LSF System <lsfadmin@polus-c2-ib.bmc.hpc.cs.msu.ru>
Subject: Job 839877: <#BSUB -n 3;#BSUB -W 00:15;#BSUB -o "./out_files/omp/l/16.out";#BSUB -e "./err_files/omp/l/16.err";#BSUB -R "span[hosts=1]";OMP_NUM_THREADS=16 ./2mm_omp_l> in cluster <MSUCluster> Done

Job <#BSUB -n 3;#BSUB -W 00:15;#BSUB -o "./out_files/omp/l/16.out";#BSUB -e "./err_files/omp/l/16.err";#BSUB -R "span[hosts=1]";OMP_NUM_THREADS=16 ./2mm_omp_l> was submitted from host <polus-ib.bmc.hpc.cs.msu.ru> by user <edu-cmc-sqi21-01> in cluster <MSUCluster> at Wed Dec 15 00:53:21 2021
Job was executed on host(s) <3*polus-c2-ib.bmc.hpc.cs.msu.ru>, in queue <short>, as user <edu-cmc-sqi21-01> in cluster <MSUCluster> at Wed Dec 15 00:54:36 2021
</home_edu/edu-cmc-sqi21/edu-cmc-sqi21-01> was used as the home directory.
</home_edu/edu-cmc-sqi21/edu-cmc-sqi21-01/skipod/skipod_git/2mm> was used as the working directory.
Started at Wed Dec 15 00:54:36 2021
Terminated at Wed Dec 15 00:54:40 2021
Results reported at Wed Dec 15 00:54:40 2021

Your job looked like:

------------------------------------------------------------
# LSBATCH: User input
#BSUB -n 3
#BSUB -W 00:15
#BSUB -o "./out_files/omp/l/16.out"
#BSUB -e "./err_files/omp/l/16.err"
#BSUB -R "span[hosts=1]"
OMP_NUM_THREADS=16 ./2mm_omp_l

------------------------------------------------------------

Successfully completed.

Resource usage summary:

    CPU time :                                   34.86 sec.
    Max Memory :                                 24 MB
    Average Memory :                             16.33 MB
    Total Requested Memory :                     -
    Delta Memory :                               -
    Max Swap :                                   -
    Max Processes :                              4
    Max Threads :                                20
    Run time :                                   4 sec.
    Turnaround time :                            79 sec.

The output (if any) follows:

Nthread = 16
Time in seconds = 2.651168


PS:

Read file <./err_files/omp/l/16.err> for stderr output of this job.

Sender: LSF System <lsfadmin@polus-c1-ib.bmc.hpc.cs.msu.ru>
Subject: Job 839921: <#BSUB -n 3;#BSUB -W 00:15;#BSUB -o "./out_files/omp/l/16.out";#BSUB -e "./err_files/omp/l/16.err";#BSUB -R "span[hosts=1]";OMP_NUM_THREADS=16 ./2mm_omp_l> in cluster <MSUCluster> Done

Job <#BSUB -n 3;#BSUB -W 00:15;#BSUB -o "./out_files/omp/l/16.out";#BSUB -e "./err_files/omp/l/16.err";#BSUB -R "span[hosts=1]";OMP_NUM_THREADS=16 ./2mm_omp_l> was submitted from host <polus-ib.bmc.hpc.cs.msu.ru> by user <edu-cmc-sqi21-01> in cluster <MSUCluster> at Wed Dec 15 00:56:07 2021
Job was executed on host(s) <3*polus-c1-ib.bmc.hpc.cs.msu.ru>, in queue <short>, as user <edu-cmc-sqi21-01> in cluster <MSUCluster> at Wed Dec 15 00:56:39 2021
</home_edu/edu-cmc-sqi21/edu-cmc-sqi21-01> was used as the home directory.
</home_edu/edu-cmc-sqi21/edu-cmc-sqi21-01/skipod/skipod_git/2mm> was used as the working directory.
Started at Wed Dec 15 00:56:39 2021
Terminated at Wed Dec 15 00:56:43 2021
Results reported at Wed Dec 15 00:56:43 2021

Your job looked like:

------------------------------------------------------------
# LSBATCH: User input
#BSUB -n 3
#BSUB -W 00:15
#BSUB -o "./out_files/omp/l/16.out"
#BSUB -e "./err_files/omp/l/16.err"
#BSUB -R "span[hosts=1]"
OMP_NUM_THREADS=16 ./2mm_omp_l

------------------------------------------------------------

Successfully completed.

Resource usage summary:

    CPU time :                                   34.60 sec.
    Max Memory :                                 24 MB
    Average Memory :                             17.33 MB
    Total Requested Memory :                     -
    Delta Memory :                               -
    Max Swap :                                   -
    Max Processes :                              4
    Max Threads :                                20
    Run time :                                   4 sec.
    Turnaround time :                            36 sec.

The output (if any) follows:

Nthread = 16
Time in seconds = 2.613301


PS:

Read file <./err_files/omp/l/16.err> for stderr output of this job.

