Sender: LSF System <lsfadmin@polus-c2-ib.bmc.hpc.cs.msu.ru>
Subject: Job 839874: <#BSUB -n 1;#BSUB -W 00:15;#BSUB -o "./out_files/omp/l/2.out";#BSUB -e "./err_files/omp/l/2.err";#BSUB -R "span[hosts=1]";OMP_NUM_THREADS=2 ./2mm_omp_l> in cluster <MSUCluster> Done

Job <#BSUB -n 1;#BSUB -W 00:15;#BSUB -o "./out_files/omp/l/2.out";#BSUB -e "./err_files/omp/l/2.err";#BSUB -R "span[hosts=1]";OMP_NUM_THREADS=2 ./2mm_omp_l> was submitted from host <polus-ib.bmc.hpc.cs.msu.ru> by user <edu-cmc-sqi21-01> in cluster <MSUCluster> at Wed Dec 15 00:53:21 2021
Job was executed on host(s) <polus-c2-ib.bmc.hpc.cs.msu.ru>, in queue <short>, as user <edu-cmc-sqi21-01> in cluster <MSUCluster> at Wed Dec 15 00:54:18 2021
</home_edu/edu-cmc-sqi21/edu-cmc-sqi21-01> was used as the home directory.
</home_edu/edu-cmc-sqi21/edu-cmc-sqi21-01/skipod/skipod_git/2mm> was used as the working directory.
Started at Wed Dec 15 00:54:18 2021
Terminated at Wed Dec 15 00:54:28 2021
Results reported at Wed Dec 15 00:54:28 2021

Your job looked like:

------------------------------------------------------------
# LSBATCH: User input
#BSUB -n 1
#BSUB -W 00:15
#BSUB -o "./out_files/omp/l/2.out"
#BSUB -e "./err_files/omp/l/2.err"
#BSUB -R "span[hosts=1]"
OMP_NUM_THREADS=2 ./2mm_omp_l

------------------------------------------------------------

Successfully completed.

Resource usage summary:

    CPU time :                                   17.09 sec.
    Max Memory :                                 23 MB
    Average Memory :                             17.50 MB
    Total Requested Memory :                     -
    Delta Memory :                               -
    Max Swap :                                   -
    Max Processes :                              4
    Max Threads :                                6
    Run time :                                   9 sec.
    Turnaround time :                            67 sec.

The output (if any) follows:

Nthread = 2
Time in seconds = 8.601012


PS:

Read file <./err_files/omp/l/2.err> for stderr output of this job.

Sender: LSF System <lsfadmin@polus-c1-ib.bmc.hpc.cs.msu.ru>
Subject: Job 839918: <#BSUB -n 1;#BSUB -W 00:15;#BSUB -o "./out_files/omp/l/2.out";#BSUB -e "./err_files/omp/l/2.err";#BSUB -R "span[hosts=1]";OMP_NUM_THREADS=2 ./2mm_omp_l> in cluster <MSUCluster> Done

Job <#BSUB -n 1;#BSUB -W 00:15;#BSUB -o "./out_files/omp/l/2.out";#BSUB -e "./err_files/omp/l/2.err";#BSUB -R "span[hosts=1]";OMP_NUM_THREADS=2 ./2mm_omp_l> was submitted from host <polus-ib.bmc.hpc.cs.msu.ru> by user <edu-cmc-sqi21-01> in cluster <MSUCluster> at Wed Dec 15 00:56:07 2021
Job was executed on host(s) <polus-c1-ib.bmc.hpc.cs.msu.ru>, in queue <short>, as user <edu-cmc-sqi21-01> in cluster <MSUCluster> at Wed Dec 15 00:56:12 2021
</home_edu/edu-cmc-sqi21/edu-cmc-sqi21-01> was used as the home directory.
</home_edu/edu-cmc-sqi21/edu-cmc-sqi21-01/skipod/skipod_git/2mm> was used as the working directory.
Started at Wed Dec 15 00:56:12 2021
Terminated at Wed Dec 15 00:56:23 2021
Results reported at Wed Dec 15 00:56:23 2021

Your job looked like:

------------------------------------------------------------
# LSBATCH: User input
#BSUB -n 1
#BSUB -W 00:15
#BSUB -o "./out_files/omp/l/2.out"
#BSUB -e "./err_files/omp/l/2.err"
#BSUB -R "span[hosts=1]"
OMP_NUM_THREADS=2 ./2mm_omp_l

------------------------------------------------------------

Successfully completed.

Resource usage summary:

    CPU time :                                   17.56 sec.
    Max Memory :                                 23 MB
    Average Memory :                             18.25 MB
    Total Requested Memory :                     -
    Delta Memory :                               -
    Max Swap :                                   -
    Max Processes :                              4
    Max Threads :                                6
    Run time :                                   11 sec.
    Turnaround time :                            16 sec.

The output (if any) follows:

Nthread = 2
Time in seconds = 9.108389


PS:

Read file <./err_files/omp/l/2.err> for stderr output of this job.

