Sender: LSF System <lsfadmin@polus-c1-ib.bmc.hpc.cs.msu.ru>
Subject: Job 839878: <#BSUB -n 5;#BSUB -W 00:15;#BSUB -o "./out_files/omp/l/32.out";#BSUB -e "./err_files/omp/l/32.err";#BSUB -R "span[hosts=1]";OMP_NUM_THREADS=32 ./2mm_omp_l> in cluster <MSUCluster> Done

Job <#BSUB -n 5;#BSUB -W 00:15;#BSUB -o "./out_files/omp/l/32.out";#BSUB -e "./err_files/omp/l/32.err";#BSUB -R "span[hosts=1]";OMP_NUM_THREADS=32 ./2mm_omp_l> was submitted from host <polus-ib.bmc.hpc.cs.msu.ru> by user <edu-cmc-sqi21-01> in cluster <MSUCluster> at Wed Dec 15 00:53:21 2021
Job was executed on host(s) <5*polus-c1-ib.bmc.hpc.cs.msu.ru>, in queue <short>, as user <edu-cmc-sqi21-01> in cluster <MSUCluster> at Wed Dec 15 00:54:46 2021
</home_edu/edu-cmc-sqi21/edu-cmc-sqi21-01> was used as the home directory.
</home_edu/edu-cmc-sqi21/edu-cmc-sqi21-01/skipod/skipod_git/2mm> was used as the working directory.
Started at Wed Dec 15 00:54:46 2021
Terminated at Wed Dec 15 00:54:49 2021
Results reported at Wed Dec 15 00:54:49 2021

Your job looked like:

------------------------------------------------------------
# LSBATCH: User input
#BSUB -n 5
#BSUB -W 00:15
#BSUB -o "./out_files/omp/l/32.out"
#BSUB -e "./err_files/omp/l/32.err"
#BSUB -R "span[hosts=1]"
OMP_NUM_THREADS=32 ./2mm_omp_l

------------------------------------------------------------

Successfully completed.

Resource usage summary:

    CPU time :                                   46.60 sec.
    Max Memory :                                 25 MB
    Average Memory :                             18.00 MB
    Total Requested Memory :                     -
    Delta Memory :                               -
    Max Swap :                                   -
    Max Processes :                              4
    Max Threads :                                36
    Run time :                                   3 sec.
    Turnaround time :                            88 sec.

The output (if any) follows:

Nthread = 32
Time in seconds = 1.879207


PS:

Read file <./err_files/omp/l/32.err> for stderr output of this job.

Sender: LSF System <lsfadmin@polus-c4-ib.bmc.hpc.cs.msu.ru>
Subject: Job 839922: <#BSUB -n 5;#BSUB -W 00:15;#BSUB -o "./out_files/omp/l/32.out";#BSUB -e "./err_files/omp/l/32.err";#BSUB -R "span[hosts=1]";OMP_NUM_THREADS=32 ./2mm_omp_l> in cluster <MSUCluster> Done

Job <#BSUB -n 5;#BSUB -W 00:15;#BSUB -o "./out_files/omp/l/32.out";#BSUB -e "./err_files/omp/l/32.err";#BSUB -R "span[hosts=1]";OMP_NUM_THREADS=32 ./2mm_omp_l> was submitted from host <polus-ib.bmc.hpc.cs.msu.ru> by user <edu-cmc-sqi21-01> in cluster <MSUCluster> at Wed Dec 15 00:56:07 2021
Job was executed on host(s) <5*polus-c4-ib.bmc.hpc.cs.msu.ru>, in queue <short>, as user <edu-cmc-sqi21-01> in cluster <MSUCluster> at Wed Dec 15 00:57:05 2021
</home_edu/edu-cmc-sqi21/edu-cmc-sqi21-01> was used as the home directory.
</home_edu/edu-cmc-sqi21/edu-cmc-sqi21-01/skipod/skipod_git/2mm> was used as the working directory.
Started at Wed Dec 15 00:57:05 2021
Terminated at Wed Dec 15 00:57:07 2021
Results reported at Wed Dec 15 00:57:07 2021

Your job looked like:

------------------------------------------------------------
# LSBATCH: User input
#BSUB -n 5
#BSUB -W 00:15
#BSUB -o "./out_files/omp/l/32.out"
#BSUB -e "./err_files/omp/l/32.err"
#BSUB -R "span[hosts=1]"
OMP_NUM_THREADS=32 ./2mm_omp_l

------------------------------------------------------------

Successfully completed.

Resource usage summary:

    CPU time :                                   49.28 sec.
    Max Memory :                                 25 MB
    Average Memory :                             18.00 MB
    Total Requested Memory :                     -
    Delta Memory :                               -
    Max Swap :                                   -
    Max Processes :                              4
    Max Threads :                                36
    Run time :                                   2 sec.
    Turnaround time :                            60 sec.

The output (if any) follows:

Nthread = 32
Time in seconds = 1.888002


PS:

Read file <./err_files/omp/l/32.err> for stderr output of this job.

