Sender: LSF System <lsfadmin@polus-c2-ib.bmc.hpc.cs.msu.ru>
Subject: Job 846233: <#BSUB -n 9;#BSUB -W 00:15;#BSUB -o "./out_files/omp/l/64.out";#BSUB -e "./err_files/omp/l/64.err";#BSUB -R "span[hosts=1]";OMP_NUM_THREADS=64 ./2mm_omp_l> in cluster <MSUCluster> Done

Job <#BSUB -n 9;#BSUB -W 00:15;#BSUB -o "./out_files/omp/l/64.out";#BSUB -e "./err_files/omp/l/64.err";#BSUB -R "span[hosts=1]";OMP_NUM_THREADS=64 ./2mm_omp_l> was submitted from host <polus-ib.bmc.hpc.cs.msu.ru> by user <edu-cmc-sqi21-01> in cluster <MSUCluster> at Fri Dec 17 21:34:44 2021
Job was executed on host(s) <9*polus-c2-ib.bmc.hpc.cs.msu.ru>, in queue <short>, as user <edu-cmc-sqi21-01> in cluster <MSUCluster> at Fri Dec 17 21:35:20 2021
</home_edu/edu-cmc-sqi21/edu-cmc-sqi21-01> was used as the home directory.
</home_edu/edu-cmc-sqi21/edu-cmc-sqi21-01/skipod/skipod_git/2mm> was used as the working directory.
Started at Fri Dec 17 21:35:20 2021
Terminated at Fri Dec 17 21:35:24 2021
Results reported at Fri Dec 17 21:35:24 2021

Your job looked like:

------------------------------------------------------------
# LSBATCH: User input
#BSUB -n 9
#BSUB -W 00:15
#BSUB -o "./out_files/omp/l/64.out"
#BSUB -e "./err_files/omp/l/64.err"
#BSUB -R "span[hosts=1]"
OMP_NUM_THREADS=64 ./2mm_omp_l

------------------------------------------------------------

Successfully completed.

Resource usage summary:

    CPU time :                                   84.09 sec.
    Max Memory :                                 27 MB
    Average Memory :                             19.33 MB
    Total Requested Memory :                     -
    Delta Memory :                               -
    Max Swap :                                   -
    Max Processes :                              4
    Max Threads :                                68
    Run time :                                   3 sec.
    Turnaround time :                            40 sec.

The output (if any) follows:

Nthread = 64
Time in seconds = 2.011366


PS:

Read file <./err_files/omp/l/64.err> for stderr output of this job.

