Sender: LSF System <lsfadmin@polus-c2-ib.bmc.hpc.cs.msu.ru>
Subject: Job 839885: <#BSUB -n 3;#BSUB -W 00:15;#BSUB -o "./out_files/omp/xl/16.out";#BSUB -e "./err_files/omp/xl/16.err";#BSUB -R "span[hosts=1]";OMP_NUM_THREADS=16 ./2mm_omp_xl> in cluster <MSUCluster> Done

Job <#BSUB -n 3;#BSUB -W 00:15;#BSUB -o "./out_files/omp/xl/16.out";#BSUB -e "./err_files/omp/xl/16.err";#BSUB -R "span[hosts=1]";OMP_NUM_THREADS=16 ./2mm_omp_xl> was submitted from host <polus-ib.bmc.hpc.cs.msu.ru> by user <edu-cmc-sqi21-01> in cluster <MSUCluster> at Wed Dec 15 00:53:22 2021
Job was executed on host(s) <3*polus-c2-ib.bmc.hpc.cs.msu.ru>, in queue <short>, as user <edu-cmc-sqi21-01> in cluster <MSUCluster> at Wed Dec 15 00:54:40 2021
</home_edu/edu-cmc-sqi21/edu-cmc-sqi21-01> was used as the home directory.
</home_edu/edu-cmc-sqi21/edu-cmc-sqi21-01/skipod/skipod_git/2mm> was used as the working directory.
Started at Wed Dec 15 00:54:40 2021
Terminated at Wed Dec 15 00:54:59 2021
Results reported at Wed Dec 15 00:54:59 2021

Your job looked like:

------------------------------------------------------------
# LSBATCH: User input
#BSUB -n 3
#BSUB -W 00:15
#BSUB -o "./out_files/omp/xl/16.out"
#BSUB -e "./err_files/omp/xl/16.err"
#BSUB -R "span[hosts=1]"
OMP_NUM_THREADS=16 ./2mm_omp_xl

------------------------------------------------------------

Successfully completed.

Resource usage summary:

    CPU time :                                   248.58 sec.
    Max Memory :                                 77 MB
    Average Memory :                             61.80 MB
    Total Requested Memory :                     -
    Delta Memory :                               -
    Max Swap :                                   -
    Max Processes :                              4
    Max Threads :                                20
    Run time :                                   19 sec.
    Turnaround time :                            97 sec.

The output (if any) follows:

Nthread = 16
Time in seconds = 18.192699


PS:

Read file <./err_files/omp/xl/16.err> for stderr output of this job.

Sender: LSF System <lsfadmin@polus-c1-ib.bmc.hpc.cs.msu.ru>
Subject: Job 839929: <#BSUB -n 3;#BSUB -W 00:15;#BSUB -o "./out_files/omp/xl/16.out";#BSUB -e "./err_files/omp/xl/16.err";#BSUB -R "span[hosts=1]";OMP_NUM_THREADS=16 ./2mm_omp_xl> in cluster <MSUCluster> Done

Job <#BSUB -n 3;#BSUB -W 00:15;#BSUB -o "./out_files/omp/xl/16.out";#BSUB -e "./err_files/omp/xl/16.err";#BSUB -R "span[hosts=1]";OMP_NUM_THREADS=16 ./2mm_omp_xl> was submitted from host <polus-ib.bmc.hpc.cs.msu.ru> by user <edu-cmc-sqi21-01> in cluster <MSUCluster> at Wed Dec 15 00:56:07 2021
Job was executed on host(s) <3*polus-c1-ib.bmc.hpc.cs.msu.ru>, in queue <short>, as user <edu-cmc-sqi21-01> in cluster <MSUCluster> at Wed Dec 15 00:56:43 2021
</home_edu/edu-cmc-sqi21/edu-cmc-sqi21-01> was used as the home directory.
</home_edu/edu-cmc-sqi21/edu-cmc-sqi21-01/skipod/skipod_git/2mm> was used as the working directory.
Started at Wed Dec 15 00:56:43 2021
Terminated at Wed Dec 15 00:57:04 2021
Results reported at Wed Dec 15 00:57:04 2021

Your job looked like:

------------------------------------------------------------
# LSBATCH: User input
#BSUB -n 3
#BSUB -W 00:15
#BSUB -o "./out_files/omp/xl/16.out"
#BSUB -e "./err_files/omp/xl/16.err"
#BSUB -R "span[hosts=1]"
OMP_NUM_THREADS=16 ./2mm_omp_xl

------------------------------------------------------------

Successfully completed.

Resource usage summary:

    CPU time :                                   264.88 sec.
    Max Memory :                                 77 MB
    Average Memory :                             61.80 MB
    Total Requested Memory :                     -
    Delta Memory :                               -
    Max Swap :                                   -
    Max Processes :                              4
    Max Threads :                                20
    Run time :                                   21 sec.
    Turnaround time :                            57 sec.

The output (if any) follows:

Nthread = 16
Time in seconds = 19.895712


PS:

Read file <./err_files/omp/xl/16.err> for stderr output of this job.

