Sender: LSF System <lsfadmin@polus-c2-ib.bmc.hpc.cs.msu.ru>
Subject: Job 839882: <#BSUB -n 1;#BSUB -W 00:15;#BSUB -o "./out_files/omp/xl/2.out";#BSUB -e "./err_files/omp/xl/2.err";#BSUB -R "span[hosts=1]";OMP_NUM_THREADS=2 ./2mm_omp_xl> in cluster <MSUCluster> Done

Job <#BSUB -n 1;#BSUB -W 00:15;#BSUB -o "./out_files/omp/xl/2.out";#BSUB -e "./err_files/omp/xl/2.err";#BSUB -R "span[hosts=1]";OMP_NUM_THREADS=2 ./2mm_omp_xl> was submitted from host <polus-ib.bmc.hpc.cs.msu.ru> by user <edu-cmc-sqi21-01> in cluster <MSUCluster> at Wed Dec 15 00:53:22 2021
Job was executed on host(s) <polus-c2-ib.bmc.hpc.cs.msu.ru>, in queue <short>, as user <edu-cmc-sqi21-01> in cluster <MSUCluster> at Wed Dec 15 00:53:26 2021
</home_edu/edu-cmc-sqi21/edu-cmc-sqi21-01> was used as the home directory.
</home_edu/edu-cmc-sqi21/edu-cmc-sqi21-01/skipod/skipod_git/2mm> was used as the working directory.
Started at Wed Dec 15 00:53:26 2021
Terminated at Wed Dec 15 00:54:44 2021
Results reported at Wed Dec 15 00:54:44 2021

Your job looked like:

------------------------------------------------------------
# LSBATCH: User input
#BSUB -n 1
#BSUB -W 00:15
#BSUB -o "./out_files/omp/xl/2.out"
#BSUB -e "./err_files/omp/xl/2.err"
#BSUB -R "span[hosts=1]"
OMP_NUM_THREADS=2 ./2mm_omp_xl

------------------------------------------------------------

Successfully completed.

Resource usage summary:

    CPU time :                                   148.62 sec.
    Max Memory :                                 76 MB
    Average Memory :                             70.00 MB
    Total Requested Memory :                     -
    Delta Memory :                               -
    Max Swap :                                   -
    Max Processes :                              4
    Max Threads :                                6
    Run time :                                   77 sec.
    Turnaround time :                            82 sec.

The output (if any) follows:

Nthread = 2
Time in seconds = 75.746475


PS:

Read file <./err_files/omp/xl/2.err> for stderr output of this job.

Sender: LSF System <lsfadmin@polus-c1-ib.bmc.hpc.cs.msu.ru>
Subject: Job 839926: <#BSUB -n 1;#BSUB -W 00:15;#BSUB -o "./out_files/omp/xl/2.out";#BSUB -e "./err_files/omp/xl/2.err";#BSUB -R "span[hosts=1]";OMP_NUM_THREADS=2 ./2mm_omp_xl> in cluster <MSUCluster> Done

Job <#BSUB -n 1;#BSUB -W 00:15;#BSUB -o "./out_files/omp/xl/2.out";#BSUB -e "./err_files/omp/xl/2.err";#BSUB -R "span[hosts=1]";OMP_NUM_THREADS=2 ./2mm_omp_xl> was submitted from host <polus-ib.bmc.hpc.cs.msu.ru> by user <edu-cmc-sqi21-01> in cluster <MSUCluster> at Wed Dec 15 00:56:07 2021
Job was executed on host(s) <polus-c1-ib.bmc.hpc.cs.msu.ru>, in queue <short>, as user <edu-cmc-sqi21-01> in cluster <MSUCluster> at Wed Dec 15 00:56:23 2021
</home_edu/edu-cmc-sqi21/edu-cmc-sqi21-01> was used as the home directory.
</home_edu/edu-cmc-sqi21/edu-cmc-sqi21-01/skipod/skipod_git/2mm> was used as the working directory.
Started at Wed Dec 15 00:56:23 2021
Terminated at Wed Dec 15 00:57:36 2021
Results reported at Wed Dec 15 00:57:36 2021

Your job looked like:

------------------------------------------------------------
# LSBATCH: User input
#BSUB -n 1
#BSUB -W 00:15
#BSUB -o "./out_files/omp/xl/2.out"
#BSUB -e "./err_files/omp/xl/2.err"
#BSUB -R "span[hosts=1]"
OMP_NUM_THREADS=2 ./2mm_omp_xl

------------------------------------------------------------

Successfully completed.

Resource usage summary:

    CPU time :                                   142.49 sec.
    Max Memory :                                 76 MB
    Average Memory :                             68.50 MB
    Total Requested Memory :                     -
    Delta Memory :                               -
    Max Swap :                                   -
    Max Processes :                              4
    Max Threads :                                6
    Run time :                                   74 sec.
    Turnaround time :                            89 sec.

The output (if any) follows:

Nthread = 2
Time in seconds = 72.083234


PS:

Read file <./err_files/omp/xl/2.err> for stderr output of this job.

