Sender: LSF System <lsfadmin@polus-c2-ib.bmc.hpc.cs.msu.ru>
Subject: Job 839883: <#BSUB -n 1;#BSUB -W 00:15;#BSUB -o "./out_files/omp/xl/4.out";#BSUB -e "./err_files/omp/xl/4.err";#BSUB -R "span[hosts=1]";OMP_NUM_THREADS=4 ./2mm_omp_xl> in cluster <MSUCluster> Done

Job <#BSUB -n 1;#BSUB -W 00:15;#BSUB -o "./out_files/omp/xl/4.out";#BSUB -e "./err_files/omp/xl/4.err";#BSUB -R "span[hosts=1]";OMP_NUM_THREADS=4 ./2mm_omp_xl> was submitted from host <polus-ib.bmc.hpc.cs.msu.ru> by user <edu-cmc-sqi21-01> in cluster <MSUCluster> at Wed Dec 15 00:53:22 2021
Job was executed on host(s) <polus-c2-ib.bmc.hpc.cs.msu.ru>, in queue <short>, as user <edu-cmc-sqi21-01> in cluster <MSUCluster> at Wed Dec 15 00:53:24 2021
</home_edu/edu-cmc-sqi21/edu-cmc-sqi21-01> was used as the home directory.
</home_edu/edu-cmc-sqi21/edu-cmc-sqi21-01/skipod/skipod_git/2mm> was used as the working directory.
Started at Wed Dec 15 00:53:24 2021
Terminated at Wed Dec 15 00:54:18 2021
Results reported at Wed Dec 15 00:54:18 2021

Your job looked like:

------------------------------------------------------------
# LSBATCH: User input
#BSUB -n 1
#BSUB -W 00:15
#BSUB -o "./out_files/omp/xl/4.out"
#BSUB -e "./err_files/omp/xl/4.err"
#BSUB -R "span[hosts=1]"
OMP_NUM_THREADS=4 ./2mm_omp_xl

------------------------------------------------------------

Successfully completed.

Resource usage summary:

    CPU time :                                   198.85 sec.
    Max Memory :                                 76 MB
    Average Memory :                             68.00 MB
    Total Requested Memory :                     -
    Delta Memory :                               -
    Max Swap :                                   -
    Max Processes :                              4
    Max Threads :                                8
    Run time :                                   56 sec.
    Turnaround time :                            56 sec.

The output (if any) follows:

Nthread = 4
Time in seconds = 51.637103


PS:

Read file <./err_files/omp/xl/4.err> for stderr output of this job.

Sender: LSF System <lsfadmin@polus-c1-ib.bmc.hpc.cs.msu.ru>
Subject: Job 839927: <#BSUB -n 1;#BSUB -W 00:15;#BSUB -o "./out_files/omp/xl/4.out";#BSUB -e "./err_files/omp/xl/4.err";#BSUB -R "span[hosts=1]";OMP_NUM_THREADS=4 ./2mm_omp_xl> in cluster <MSUCluster> Done

Job <#BSUB -n 1;#BSUB -W 00:15;#BSUB -o "./out_files/omp/xl/4.out";#BSUB -e "./err_files/omp/xl/4.err";#BSUB -R "span[hosts=1]";OMP_NUM_THREADS=4 ./2mm_omp_xl> was submitted from host <polus-ib.bmc.hpc.cs.msu.ru> by user <edu-cmc-sqi21-01> in cluster <MSUCluster> at Wed Dec 15 00:56:07 2021
Job was executed on host(s) <polus-c1-ib.bmc.hpc.cs.msu.ru>, in queue <short>, as user <edu-cmc-sqi21-01> in cluster <MSUCluster> at Wed Dec 15 00:56:30 2021
</home_edu/edu-cmc-sqi21/edu-cmc-sqi21-01> was used as the home directory.
</home_edu/edu-cmc-sqi21/edu-cmc-sqi21-01/skipod/skipod_git/2mm> was used as the working directory.
Started at Wed Dec 15 00:56:30 2021
Terminated at Wed Dec 15 00:57:16 2021
Results reported at Wed Dec 15 00:57:16 2021

Your job looked like:

------------------------------------------------------------
# LSBATCH: User input
#BSUB -n 1
#BSUB -W 00:15
#BSUB -o "./out_files/omp/xl/4.out"
#BSUB -e "./err_files/omp/xl/4.err"
#BSUB -R "span[hosts=1]"
OMP_NUM_THREADS=4 ./2mm_omp_xl

------------------------------------------------------------

Successfully completed.

Resource usage summary:

    CPU time :                                   171.71 sec.
    Max Memory :                                 76 MB
    Average Memory :                             65.29 MB
    Total Requested Memory :                     -
    Delta Memory :                               -
    Max Swap :                                   -
    Max Processes :                              4
    Max Threads :                                8
    Run time :                                   46 sec.
    Turnaround time :                            69 sec.

The output (if any) follows:

Nthread = 4
Time in seconds = 44.666407


PS:

Read file <./err_files/omp/xl/4.err> for stderr output of this job.

