Sender: LSF System <lsfadmin@polus-c2-ib.bmc.hpc.cs.msu.ru>
Subject: Job 839884: <#BSUB -n 2;#BSUB -W 00:15;#BSUB -o "./out_files/omp/xl/8.out";#BSUB -e "./err_files/omp/xl/8.err";#BSUB -R "span[hosts=1]";OMP_NUM_THREADS=8 ./2mm_omp_xl> in cluster <MSUCluster> Done

Job <#BSUB -n 2;#BSUB -W 00:15;#BSUB -o "./out_files/omp/xl/8.out";#BSUB -e "./err_files/omp/xl/8.err";#BSUB -R "span[hosts=1]";OMP_NUM_THREADS=8 ./2mm_omp_xl> was submitted from host <polus-ib.bmc.hpc.cs.msu.ru> by user <edu-cmc-sqi21-01> in cluster <MSUCluster> at Wed Dec 15 00:53:22 2021
Job was executed on host(s) <2*polus-c2-ib.bmc.hpc.cs.msu.ru>, in queue <short>, as user <edu-cmc-sqi21-01> in cluster <MSUCluster> at Wed Dec 15 00:53:33 2021
</home_edu/edu-cmc-sqi21/edu-cmc-sqi21-01> was used as the home directory.
</home_edu/edu-cmc-sqi21/edu-cmc-sqi21-01/skipod/skipod_git/2mm> was used as the working directory.
Started at Wed Dec 15 00:53:33 2021
Terminated at Wed Dec 15 00:54:05 2021
Results reported at Wed Dec 15 00:54:05 2021

Your job looked like:

------------------------------------------------------------
# LSBATCH: User input
#BSUB -n 2
#BSUB -W 00:15
#BSUB -o "./out_files/omp/xl/8.out"
#BSUB -e "./err_files/omp/xl/8.err"
#BSUB -R "span[hosts=1]"
OMP_NUM_THREADS=8 ./2mm_omp_xl

------------------------------------------------------------

Successfully completed.

Resource usage summary:

    CPU time :                                   218.01 sec.
    Max Memory :                                 76 MB
    Average Memory :                             65.29 MB
    Total Requested Memory :                     -
    Delta Memory :                               -
    Max Swap :                                   -
    Max Processes :                              4
    Max Threads :                                12
    Run time :                                   33 sec.
    Turnaround time :                            43 sec.

The output (if any) follows:

Nthread = 8
Time in seconds = 31.028348


PS:

Read file <./err_files/omp/xl/8.err> for stderr output of this job.

Sender: LSF System <lsfadmin@polus-c1-ib.bmc.hpc.cs.msu.ru>
Subject: Job 839928: <#BSUB -n 2;#BSUB -W 00:15;#BSUB -o "./out_files/omp/xl/8.out";#BSUB -e "./err_files/omp/xl/8.err";#BSUB -R "span[hosts=1]";OMP_NUM_THREADS=8 ./2mm_omp_xl> in cluster <MSUCluster> Done

Job <#BSUB -n 2;#BSUB -W 00:15;#BSUB -o "./out_files/omp/xl/8.out";#BSUB -e "./err_files/omp/xl/8.err";#BSUB -R "span[hosts=1]";OMP_NUM_THREADS=8 ./2mm_omp_xl> was submitted from host <polus-ib.bmc.hpc.cs.msu.ru> by user <edu-cmc-sqi21-01> in cluster <MSUCluster> at Wed Dec 15 00:56:07 2021
Job was executed on host(s) <2*polus-c1-ib.bmc.hpc.cs.msu.ru>, in queue <short>, as user <edu-cmc-sqi21-01> in cluster <MSUCluster> at Wed Dec 15 00:56:17 2021
</home_edu/edu-cmc-sqi21/edu-cmc-sqi21-01> was used as the home directory.
</home_edu/edu-cmc-sqi21/edu-cmc-sqi21-01/skipod/skipod_git/2mm> was used as the working directory.
Started at Wed Dec 15 00:56:17 2021
Terminated at Wed Dec 15 00:56:38 2021
Results reported at Wed Dec 15 00:56:38 2021

Your job looked like:

------------------------------------------------------------
# LSBATCH: User input
#BSUB -n 2
#BSUB -W 00:15
#BSUB -o "./out_files/omp/xl/8.out"
#BSUB -e "./err_files/omp/xl/8.err"
#BSUB -R "span[hosts=1]"
OMP_NUM_THREADS=8 ./2mm_omp_xl

------------------------------------------------------------

Successfully completed.

Resource usage summary:

    CPU time :                                   150.70 sec.
    Max Memory :                                 76 MB
    Average Memory :                             61.60 MB
    Total Requested Memory :                     -
    Delta Memory :                               -
    Max Swap :                                   -
    Max Processes :                              4
    Max Threads :                                12
    Run time :                                   21 sec.
    Turnaround time :                            31 sec.

The output (if any) follows:

Nthread = 8
Time in seconds = 20.052020


PS:

Read file <./err_files/omp/xl/8.err> for stderr output of this job.

