Sender: LSF System <lsfadmin@polus-c2-ib.bmc.hpc.cs.msu.ru>
Subject: Job 839849: <#BSUB -n 1;#BSUB -W 00:15;#BSUB -o "./out_files/omp/xs/1.out";#BSUB -e "./err_files/omp/xs/1.err";#BSUB -R "span[hosts=1]";OMP_NUM_THREADS=1 ./2mm_omp_xs> in cluster <MSUCluster> Done

Job <#BSUB -n 1;#BSUB -W 00:15;#BSUB -o "./out_files/omp/xs/1.out";#BSUB -e "./err_files/omp/xs/1.err";#BSUB -R "span[hosts=1]";OMP_NUM_THREADS=1 ./2mm_omp_xs> was submitted from host <polus-ib.bmc.hpc.cs.msu.ru> by user <edu-cmc-sqi21-01> in cluster <MSUCluster> at Wed Dec 15 00:53:13 2021
Job was executed on host(s) <polus-c2-ib.bmc.hpc.cs.msu.ru>, in queue <short>, as user <edu-cmc-sqi21-01> in cluster <MSUCluster> at Wed Dec 15 00:53:13 2021
</home_edu/edu-cmc-sqi21/edu-cmc-sqi21-01> was used as the home directory.
</home_edu/edu-cmc-sqi21/edu-cmc-sqi21-01/skipod/skipod_git/2mm> was used as the working directory.
Started at Wed Dec 15 00:53:13 2021
Terminated at Wed Dec 15 00:53:15 2021
Results reported at Wed Dec 15 00:53:15 2021

Your job looked like:

------------------------------------------------------------
# LSBATCH: User input
#BSUB -n 1
#BSUB -W 00:15
#BSUB -o "./out_files/omp/xs/1.out"
#BSUB -e "./err_files/omp/xs/1.err"
#BSUB -R "span[hosts=1]"
OMP_NUM_THREADS=1 ./2mm_omp_xs

------------------------------------------------------------

Successfully completed.

Resource usage summary:

    CPU time :                                   0.03 sec.
    Max Memory :                                 1 MB
    Average Memory :                             1.00 MB
    Total Requested Memory :                     -
    Delta Memory :                               -
    Max Swap :                                   -
    Max Processes :                              1
    Max Threads :                                1
    Run time :                                   6 sec.
    Turnaround time :                            2 sec.

The output (if any) follows:

Nthread = 1
Time in seconds = 0.021494


PS:

Read file <./err_files/omp/xs/1.err> for stderr output of this job.

Sender: LSF System <lsfadmin@polus-c1-ib.bmc.hpc.cs.msu.ru>
Subject: Job 839893: <#BSUB -n 1;#BSUB -W 00:15;#BSUB -o "./out_files/omp/xs/1.out";#BSUB -e "./err_files/omp/xs/1.err";#BSUB -R "span[hosts=1]";OMP_NUM_THREADS=1 ./2mm_omp_xs> in cluster <MSUCluster> Done

Job <#BSUB -n 1;#BSUB -W 00:15;#BSUB -o "./out_files/omp/xs/1.out";#BSUB -e "./err_files/omp/xs/1.err";#BSUB -R "span[hosts=1]";OMP_NUM_THREADS=1 ./2mm_omp_xs> was submitted from host <polus-ib.bmc.hpc.cs.msu.ru> by user <edu-cmc-sqi21-01> in cluster <MSUCluster> at Wed Dec 15 00:55:58 2021
Job was executed on host(s) <polus-c1-ib.bmc.hpc.cs.msu.ru>, in queue <short>, as user <edu-cmc-sqi21-01> in cluster <MSUCluster> at Wed Dec 15 00:55:58 2021
</home_edu/edu-cmc-sqi21/edu-cmc-sqi21-01> was used as the home directory.
</home_edu/edu-cmc-sqi21/edu-cmc-sqi21-01/skipod/skipod_git/2mm> was used as the working directory.
Started at Wed Dec 15 00:55:58 2021
Terminated at Wed Dec 15 00:55:59 2021
Results reported at Wed Dec 15 00:55:59 2021

Your job looked like:

------------------------------------------------------------
# LSBATCH: User input
#BSUB -n 1
#BSUB -W 00:15
#BSUB -o "./out_files/omp/xs/1.out"
#BSUB -e "./err_files/omp/xs/1.err"
#BSUB -R "span[hosts=1]"
OMP_NUM_THREADS=1 ./2mm_omp_xs

------------------------------------------------------------

Successfully completed.

Resource usage summary:

    CPU time :                                   0.02 sec.
    Max Memory :                                 1 MB
    Average Memory :                             1.00 MB
    Total Requested Memory :                     -
    Delta Memory :                               -
    Max Swap :                                   -
    Max Processes :                              1
    Max Threads :                                1
    Run time :                                   2 sec.
    Turnaround time :                            1 sec.

The output (if any) follows:

Nthread = 1
Time in seconds = 0.000168


PS:

Read file <./err_files/omp/xs/1.err> for stderr output of this job.

