Sender: LSF System <lsfadmin@polus-c4-ib.bmc.hpc.cs.msu.ru>
Subject: Job 846140: <#BSUB -n 5;#BSUB -W 00:15;#BSUB -o "./out_files/omp/xs/32.out";#BSUB -e "./err_files/omp/xs/32.err";#BSUB -R "span[hosts=1]";OMP_NUM_THREADS=32 ./2mm_omp_xs> in cluster <MSUCluster> Done

Job <#BSUB -n 5;#BSUB -W 00:15;#BSUB -o "./out_files/omp/xs/32.out";#BSUB -e "./err_files/omp/xs/32.err";#BSUB -R "span[hosts=1]";OMP_NUM_THREADS=32 ./2mm_omp_xs> was submitted from host <polus-ib.bmc.hpc.cs.msu.ru> by user <edu-cmc-sqi21-01> in cluster <MSUCluster> at Fri Dec 17 21:09:21 2021
Job was executed on host(s) <5*polus-c4-ib.bmc.hpc.cs.msu.ru>, in queue <short>, as user <edu-cmc-sqi21-01> in cluster <MSUCluster> at Fri Dec 17 21:09:21 2021
</home_edu/edu-cmc-sqi21/edu-cmc-sqi21-01> was used as the home directory.
</home_edu/edu-cmc-sqi21/edu-cmc-sqi21-01/skipod/skipod_git/2mm> was used as the working directory.
Started at Fri Dec 17 21:09:21 2021
Terminated at Fri Dec 17 21:09:21 2021
Results reported at Fri Dec 17 21:09:21 2021

Your job looked like:

------------------------------------------------------------
# LSBATCH: User input
#BSUB -n 5
#BSUB -W 00:15
#BSUB -o "./out_files/omp/xs/32.out"
#BSUB -e "./err_files/omp/xs/32.err"
#BSUB -R "span[hosts=1]"
OMP_NUM_THREADS=32 ./2mm_omp_xs

------------------------------------------------------------

Successfully completed.

Resource usage summary:

    CPU time :                                   0.03 sec.
    Max Memory :                                 1 MB
    Average Memory :                             1.00 MB
    Total Requested Memory :                     -
    Delta Memory :                               -
    Max Swap :                                   -
    Max Processes :                              1
    Max Threads :                                1
    Run time :                                   1 sec.
    Turnaround time :                            0 sec.

The output (if any) follows:

Nthread = 32
Time in seconds = 0.000601


PS:

Read file <./err_files/omp/xs/32.err> for stderr output of this job.

