Sender: LSF System <lsfadmin@polus-c1-ib.bmc.hpc.cs.msu.ru>
Subject: Job 839855: <#BSUB -n 9;#BSUB -W 00:15;#BSUB -o "./out_files/omp/xs/64.out";#BSUB -e "./err_files/omp/xs/64.err";#BSUB -R "span[hosts=1]";OMP_NUM_THREADS=64 ./2mm_omp_xs> in cluster <MSUCluster> Done

Job <#BSUB -n 9;#BSUB -W 00:15;#BSUB -o "./out_files/omp/xs/64.out";#BSUB -e "./err_files/omp/xs/64.err";#BSUB -R "span[hosts=1]";OMP_NUM_THREADS=64 ./2mm_omp_xs> was submitted from host <polus-ib.bmc.hpc.cs.msu.ru> by user <edu-cmc-sqi21-01> in cluster <MSUCluster> at Wed Dec 15 00:53:19 2021
Job was executed on host(s) <9*polus-c1-ib.bmc.hpc.cs.msu.ru>, in queue <short>, as user <edu-cmc-sqi21-01> in cluster <MSUCluster> at Wed Dec 15 00:54:28 2021
</home_edu/edu-cmc-sqi21/edu-cmc-sqi21-01> was used as the home directory.
</home_edu/edu-cmc-sqi21/edu-cmc-sqi21-01/skipod/skipod_git/2mm> was used as the working directory.
Started at Wed Dec 15 00:54:28 2021
Terminated at Wed Dec 15 00:54:31 2021
Results reported at Wed Dec 15 00:54:31 2021

Your job looked like:

------------------------------------------------------------
# LSBATCH: User input
#BSUB -n 9
#BSUB -W 00:15
#BSUB -o "./out_files/omp/xs/64.out"
#BSUB -e "./err_files/omp/xs/64.err"
#BSUB -R "span[hosts=1]"
OMP_NUM_THREADS=64 ./2mm_omp_xs

------------------------------------------------------------

Successfully completed.

Resource usage summary:

    CPU time :                                   0.43 sec.
    Max Memory :                                 4 MB
    Average Memory :                             2.00 MB
    Total Requested Memory :                     -
    Delta Memory :                               -
    Max Swap :                                   -
    Max Processes :                              1
    Max Threads :                                1
    Run time :                                   3 sec.
    Turnaround time :                            72 sec.

The output (if any) follows:

Nthread = 64
Time in seconds = 0.043697


PS:

Read file <./err_files/omp/xs/64.err> for stderr output of this job.

Sender: LSF System <lsfadmin@polus-c1-ib.bmc.hpc.cs.msu.ru>
Subject: Job 839899: <#BSUB -n 9;#BSUB -W 00:15;#BSUB -o "./out_files/omp/xs/64.out";#BSUB -e "./err_files/omp/xs/64.err";#BSUB -R "span[hosts=1]";OMP_NUM_THREADS=64 ./2mm_omp_xs> in cluster <MSUCluster> Done

Job <#BSUB -n 9;#BSUB -W 00:15;#BSUB -o "./out_files/omp/xs/64.out";#BSUB -e "./err_files/omp/xs/64.err";#BSUB -R "span[hosts=1]";OMP_NUM_THREADS=64 ./2mm_omp_xs> was submitted from host <polus-ib.bmc.hpc.cs.msu.ru> by user <edu-cmc-sqi21-01> in cluster <MSUCluster> at Wed Dec 15 00:56:04 2021
Job was executed on host(s) <9*polus-c1-ib.bmc.hpc.cs.msu.ru>, in queue <short>, as user <edu-cmc-sqi21-01> in cluster <MSUCluster> at Wed Dec 15 00:56:04 2021
</home_edu/edu-cmc-sqi21/edu-cmc-sqi21-01> was used as the home directory.
</home_edu/edu-cmc-sqi21/edu-cmc-sqi21-01/skipod/skipod_git/2mm> was used as the working directory.
Started at Wed Dec 15 00:56:04 2021
Terminated at Wed Dec 15 00:56:05 2021
Results reported at Wed Dec 15 00:56:05 2021

Your job looked like:

------------------------------------------------------------
# LSBATCH: User input
#BSUB -n 9
#BSUB -W 00:15
#BSUB -o "./out_files/omp/xs/64.out"
#BSUB -e "./err_files/omp/xs/64.err"
#BSUB -R "span[hosts=1]"
OMP_NUM_THREADS=64 ./2mm_omp_xs

------------------------------------------------------------

Successfully completed.

Resource usage summary:

    CPU time :                                   0.12 sec.
    Max Memory :                                 1 MB
    Average Memory :                             1.00 MB
    Total Requested Memory :                     -
    Delta Memory :                               -
    Max Swap :                                   -
    Max Processes :                              1
    Max Threads :                                1
    Run time :                                   0 sec.
    Turnaround time :                            1 sec.

The output (if any) follows:

Nthread = 64
Time in seconds = 0.002101


PS:

Read file <./err_files/omp/xs/64.err> for stderr output of this job.

